!SESSION 2021-09-23 12:16:14.376 -----------------------------------------------
eclipse.buildId=4.20.0.I20210611-1600
java.version=11.0.11
java.vendor=Oracle Corporation
BootLoader constants: OS=win32, ARCH=x86_64, WS=win32, NL=en_IN
Framework arguments:  -product org.eclipse.epp.package.java.product
Command-line arguments:  -data C:\Users\User\Desktop\comprehensive -os win32 -ws win32 -arch x86_64 -product org.eclipse.epp.package.java.product

!ENTRY org.eclipse.jface 2 0 2021-09-23 12:17:21.650
!MESSAGE Keybinding conflicts occurred.  They may interfere with normal accelerator operation.
!SUBENTRY 1 org.eclipse.jface 2 0 2021-09-23 12:17:21.650
!MESSAGE A conflict occurred for CTRL+SHIFT+T:
Binding(CTRL+SHIFT+T,
	ParameterizedCommand(Command(org.eclipse.jdt.ui.navigate.open.type,Open Type,
		Open a type in a Java editor,
		Category(org.eclipse.ui.category.navigate,Navigate,null,true),
		org.eclipse.ui.internal.WorkbenchHandlerServiceHandler@4c000cc4,
		,,true),null),
	org.eclipse.ui.defaultAcceleratorConfiguration,
	org.eclipse.ui.contexts.window,,,system)
Binding(CTRL+SHIFT+T,
	ParameterizedCommand(Command(org.eclipse.lsp4e.symbolinworkspace,Go to Symbol in Workspace,
		,
		Category(org.eclipse.lsp4e.category,Language Servers,null,true),
		org.eclipse.ui.internal.WorkbenchHandlerServiceHandler@6c36051c,
		,,true),null),
	org.eclipse.ui.defaultAcceleratorConfiguration,
	org.eclipse.ui.contexts.window,,,system)

!ENTRY org.eclipse.egit.ui 2 0 2021-09-23 12:18:38.879
!MESSAGE Warning: The environment variable HOME is not set. The following directory will be used to store the Git
user global configuration and to define the default location to store repositories: 'C:\Users\User'. If this is
not correct please set the HOME environment variable and restart Eclipse. Otherwise Git for Windows and
EGit might behave differently since they see different configuration options.
This warning can be switched off on the Team > Git > Confirmations and Warnings preference page.
!SESSION 2021-09-24 08:58:35.584 -----------------------------------------------
eclipse.buildId=4.20.0.I20210611-1600
java.version=11.0.11
java.vendor=Oracle Corporation
BootLoader constants: OS=win32, ARCH=x86_64, WS=win32, NL=en_IN
Framework arguments:  -product org.eclipse.epp.package.java.product
Command-line arguments:  -os win32 -ws win32 -arch x86_64 -product org.eclipse.epp.package.java.product

!ENTRY org.eclipse.jface 2 0 2021-09-24 08:59:08.648
!MESSAGE Keybinding conflicts occurred.  They may interfere with normal accelerator operation.
!SUBENTRY 1 org.eclipse.jface 2 0 2021-09-24 08:59:08.648
!MESSAGE A conflict occurred for CTRL+SHIFT+T:
Binding(CTRL+SHIFT+T,
	ParameterizedCommand(Command(org.eclipse.jdt.ui.navigate.open.type,Open Type,
		Open a type in a Java editor,
		Category(org.eclipse.ui.category.navigate,Navigate,null,true),
		org.eclipse.ui.internal.WorkbenchHandlerServiceHandler@86bf90b,
		,,true),null),
	org.eclipse.ui.defaultAcceleratorConfiguration,
	org.eclipse.ui.contexts.window,,,system)
Binding(CTRL+SHIFT+T,
	ParameterizedCommand(Command(org.eclipse.lsp4e.symbolinworkspace,Go to Symbol in Workspace,
		,
		Category(org.eclipse.lsp4e.category,Language Servers,null,true),
		org.eclipse.ui.internal.WorkbenchHandlerServiceHandler@5c13af01,
		,,true),null),
	org.eclipse.ui.defaultAcceleratorConfiguration,
	org.eclipse.ui.contexts.window,,,system)

!ENTRY org.eclipse.egit.ui 2 0 2021-09-24 08:59:27.887
!MESSAGE Warning: The environment variable HOME is not set. The following directory will be used to store the Git
user global configuration and to define the default location to store repositories: 'C:\Users\User'. If this is
not correct please set the HOME environment variable and restart Eclipse. Otherwise Git for Windows and
EGit might behave differently since they see different configuration options.
This warning can be switched off on the Team > Git > Confirmations and Warnings preference page.

!ENTRY org.eclipse.lsp4e 4 0 2021-09-24 09:05:50.893
!MESSAGE LanguageServer not initialized after 10s
!STACK 0
java.util.concurrent.TimeoutException
	at java.base/java.util.concurrent.CompletableFuture.timedGet(CompletableFuture.java:1886)
	at java.base/java.util.concurrent.CompletableFuture.get(CompletableFuture.java:2021)
	at org.eclipse.lsp4e.LanguageServerWrapper.getServerCapabilities(LanguageServerWrapper.java:704)
	at org.eclipse.lsp4e.DocumentContentSynchronizer.documentSaved(DocumentContentSynchronizer.java:159)
	at org.eclipse.lsp4e.LanguageServerWrapper$1.dirtyStateChanged(LanguageServerWrapper.java:144)
	at org.eclipse.core.internal.filebuffers.TextFileBufferManager$3.run(TextFileBufferManager.java:670)
	at org.eclipse.core.runtime.SafeRunner.run(SafeRunner.java:45)
	at org.eclipse.core.internal.filebuffers.TextFileBufferManager.fireDirtyStateChanged(TextFileBufferManager.java:667)
	at org.eclipse.core.internal.filebuffers.ResourceFileBuffer.commit(ResourceFileBuffer.java:324)
	at org.eclipse.ui.editors.text.TextFileDocumentProvider.commitFileBuffer(TextFileDocumentProvider.java:851)
	at org.eclipse.ui.editors.text.TextFileDocumentProvider$2.execute(TextFileDocumentProvider.java:785)
	at org.eclipse.ui.editors.text.TextFileDocumentProvider$DocumentProviderOperation.run(TextFileDocumentProvider.java:133)
	at org.eclipse.ui.actions.WorkspaceModifyDelegatingOperation.execute(WorkspaceModifyDelegatingOperation.java:71)
	at org.eclipse.ui.actions.WorkspaceModifyOperation.lambda$0(WorkspaceModifyOperation.java:110)
	at org.eclipse.core.internal.resources.Workspace.run(Workspace.java:2313)
	at org.eclipse.core.internal.resources.Workspace.run(Workspace.java:2338)
	at org.eclipse.ui.actions.WorkspaceModifyOperation.run(WorkspaceModifyOperation.java:131)
	at org.eclipse.ui.internal.editors.text.WorkspaceOperationRunner.run(WorkspaceOperationRunner.java:76)
	at org.eclipse.ui.internal.editors.text.WorkspaceOperationRunner.run(WorkspaceOperationRunner.java:66)
	at org.eclipse.ui.editors.text.TextFileDocumentProvider.executeOperation(TextFileDocumentProvider.java:461)
	at org.eclipse.ui.editors.text.TextFileDocumentProvider.saveDocument(TextFileDocumentProvider.java:764)
	at org.eclipse.ui.texteditor.AbstractTextEditor.performSave(AbstractTextEditor.java:5007)
	at org.eclipse.ui.texteditor.AbstractTextEditor.doSave(AbstractTextEditor.java:4807)
	at org.eclipse.wst.sse.ui.StructuredTextEditor.doSave(StructuredTextEditor.java:2010)
	at org.eclipse.m2e.editor.pom.MavenPomEditor.doSave(MavenPomEditor.java:671)
	at org.eclipse.ui.internal.SaveableHelper.lambda$0(SaveableHelper.java:156)
	at org.eclipse.ui.internal.SaveableHelper.lambda$3(SaveableHelper.java:271)
	at org.eclipse.jface.operation.ModalContext.runInCurrentThread(ModalContext.java:436)
	at org.eclipse.jface.operation.ModalContext.run(ModalContext.java:352)
	at org.eclipse.ui.internal.WorkbenchWindow.lambda$7(WorkbenchWindow.java:2345)
	at org.eclipse.swt.custom.BusyIndicator.showWhile(BusyIndicator.java:74)
	at org.eclipse.ui.internal.WorkbenchWindow.run(WorkbenchWindow.java:2343)
	at org.eclipse.ui.internal.SaveableHelper.runProgressMonitorOperation(SaveableHelper.java:278)
	at org.eclipse.ui.internal.SaveableHelper.runProgressMonitorOperation(SaveableHelper.java:260)
	at org.eclipse.ui.internal.SaveableHelper.savePart(SaveableHelper.java:160)
	at org.eclipse.ui.internal.WorkbenchPage.saveSaveable(WorkbenchPage.java:3820)
	at org.eclipse.ui.internal.WorkbenchPage.saveEditor(WorkbenchPage.java:3833)
	at org.eclipse.ui.internal.handlers.SaveHandler.execute(SaveHandler.java:82)
	at org.eclipse.ui.internal.handlers.HandlerProxy.execute(HandlerProxy.java:283)
	at org.eclipse.ui.internal.handlers.E4HandlerProxy.execute(E4HandlerProxy.java:97)
	at java.base/jdk.internal.reflect.NativeMethodAccessorImpl.invoke0(Native Method)
	at java.base/jdk.internal.reflect.NativeMethodAccessorImpl.invoke(NativeMethodAccessorImpl.java:62)
	at java.base/jdk.internal.reflect.DelegatingMethodAccessorImpl.invoke(DelegatingMethodAccessorImpl.java:43)
	at java.base/java.lang.reflect.Method.invoke(Method.java:566)
	at org.eclipse.e4.core.internal.di.MethodRequestor.execute(MethodRequestor.java:58)
	at org.eclipse.e4.core.internal.di.InjectorImpl.invokeUsingClass(InjectorImpl.java:319)
	at org.eclipse.e4.core.internal.di.InjectorImpl.invoke(InjectorImpl.java:253)
	at org.eclipse.e4.core.contexts.ContextInjectionFactory.invoke(ContextInjectionFactory.java:173)
	at org.eclipse.e4.core.commands.internal.HandlerServiceHandler.execute(HandlerServiceHandler.java:156)
	at org.eclipse.core.commands.Command.executeWithChecks(Command.java:488)
	at org.eclipse.core.commands.ParameterizedCommand.executeWithChecks(ParameterizedCommand.java:487)
	at org.eclipse.e4.core.commands.internal.HandlerServiceImpl.executeHandler(HandlerServiceImpl.java:213)
	at org.eclipse.e4.ui.bindings.keys.KeyBindingDispatcher.executeCommand(KeyBindingDispatcher.java:308)
	at org.eclipse.e4.ui.bindings.keys.KeyBindingDispatcher.press(KeyBindingDispatcher.java:584)
	at org.eclipse.e4.ui.bindings.keys.KeyBindingDispatcher.processKeyEvent(KeyBindingDispatcher.java:653)
	at org.eclipse.e4.ui.bindings.keys.KeyBindingDispatcher.filterKeySequenceBindings(KeyBindingDispatcher.java:443)
	at org.eclipse.e4.ui.bindings.keys.KeyBindingDispatcher$KeyDownFilter.handleEvent(KeyBindingDispatcher.java:96)
	at org.eclipse.swt.widgets.EventTable.sendEvent(EventTable.java:89)
	at org.eclipse.swt.widgets.Display.filterEvent(Display.java:1270)
	at org.eclipse.swt.widgets.Widget.sendEvent(Widget.java:1042)
	at org.eclipse.swt.widgets.Widget.sendEvent(Widget.java:1067)
	at org.eclipse.swt.widgets.Widget.sendEvent(Widget.java:1052)
	at org.eclipse.swt.widgets.Widget.sendKeyEvent(Widget.java:1094)
	at org.eclipse.swt.widgets.Widget.sendKeyEvent(Widget.java:1090)
	at org.eclipse.swt.widgets.Widget.wmChar(Widget.java:1519)
	at org.eclipse.swt.widgets.Control.WM_CHAR(Control.java:4882)
	at org.eclipse.swt.widgets.Canvas.WM_CHAR(Canvas.java:345)
	at org.eclipse.swt.widgets.Control.windowProc(Control.java:4760)
	at org.eclipse.swt.widgets.Canvas.windowProc(Canvas.java:340)
	at org.eclipse.swt.widgets.Display.windowProc(Display.java:4930)
	at org.eclipse.swt.internal.win32.OS.DispatchMessage(Native Method)
	at org.eclipse.swt.widgets.Display.readAndDispatch(Display.java:3624)
	at org.eclipse.e4.ui.internal.workbench.swt.PartRenderingEngine$5.run(PartRenderingEngine.java:1157)
	at org.eclipse.core.databinding.observable.Realm.runWithDefault(Realm.java:338)
	at org.eclipse.e4.ui.internal.workbench.swt.PartRenderingEngine.run(PartRenderingEngine.java:1046)
	at org.eclipse.e4.ui.internal.workbench.E4Workbench.createAndRunUI(E4Workbench.java:155)
	at org.eclipse.ui.internal.Workbench.lambda$3(Workbench.java:644)
	at org.eclipse.core.databinding.observable.Realm.runWithDefault(Realm.java:338)
	at org.eclipse.ui.internal.Workbench.createAndRunWorkbench(Workbench.java:551)
	at org.eclipse.ui.PlatformUI.createAndRunWorkbench(PlatformUI.java:156)
	at org.eclipse.ui.internal.ide.application.IDEApplication.start(IDEApplication.java:152)
	at org.eclipse.equinox.internal.app.EclipseAppHandle.run(EclipseAppHandle.java:203)
	at org.eclipse.core.runtime.internal.adaptor.EclipseAppLauncher.runApplication(EclipseAppLauncher.java:134)
	at org.eclipse.core.runtime.internal.adaptor.EclipseAppLauncher.start(EclipseAppLauncher.java:104)
	at org.eclipse.core.runtime.adaptor.EclipseStarter.run(EclipseStarter.java:401)
	at org.eclipse.core.runtime.adaptor.EclipseStarter.run(EclipseStarter.java:255)
	at java.base/jdk.internal.reflect.NativeMethodAccessorImpl.invoke0(Native Method)
	at java.base/jdk.internal.reflect.NativeMethodAccessorImpl.invoke(NativeMethodAccessorImpl.java:62)
	at java.base/jdk.internal.reflect.DelegatingMethodAccessorImpl.invoke(DelegatingMethodAccessorImpl.java:43)
	at java.base/java.lang.reflect.Method.invoke(Method.java:566)
	at org.eclipse.equinox.launcher.Main.invokeFramework(Main.java:654)
	at org.eclipse.equinox.launcher.Main.basicRun(Main.java:591)
	at org.eclipse.equinox.launcher.Main.run(Main.java:1462)
	at org.eclipse.equinox.launcher.Main.main(Main.java:1435)

!ENTRY org.testng.eclipse 1 0 2021-09-24 09:40:18.875
!MESSAGE [TestNGLaunchConfigurationDelegate] Launching:
  Classpath: E:\eclipse\java-2021-065\eclipse\configuration\org.eclipse.osgi\466\0\.cp\lib\testng-remote.jar C:\Users\User\Desktop\comprehensive\Hybrid\target\test-classes C:\Users\User\Desktop\comprehensive\Hybrid\target\classes C:\Users\User\.m2\repository\org\seleniumhq\selenium\selenium-java\3.141.59\selenium-java-3.141.59.jar C:\Users\User\.m2\repository\org\seleniumhq\selenium\selenium-api\3.141.59\selenium-api-3.141.59.jar C:\Users\User\.m2\repository\org\seleniumhq\selenium\selenium-chrome-driver\3.141.59\selenium-chrome-driver-3.141.59.jar C:\Users\User\.m2\repository\org\seleniumhq\selenium\selenium-edge-driver\3.141.59\selenium-edge-driver-3.141.59.jar C:\Users\User\.m2\repository\org\seleniumhq\selenium\selenium-firefox-driver\3.141.59\selenium-firefox-driver-3.141.59.jar C:\Users\User\.m2\repository\org\seleniumhq\selenium\selenium-ie-driver\3.141.59\selenium-ie-driver-3.141.59.jar C:\Users\User\.m2\repository\org\seleniumhq\selenium\selenium-opera-driver\3.141.59\selenium-opera-driver-3.141.59.jar C:\Users\User\.m2\repository\org\seleniumhq\selenium\selenium-remote-driver\3.141.59\selenium-remote-driver-3.141.59.jar C:\Users\User\.m2\repository\org\seleniumhq\selenium\selenium-safari-driver\3.141.59\selenium-safari-driver-3.141.59.jar C:\Users\User\.m2\repository\org\seleniumhq\selenium\selenium-support\3.141.59\selenium-support-3.141.59.jar C:\Users\User\.m2\repository\net\bytebuddy\byte-buddy\1.8.15\byte-buddy-1.8.15.jar C:\Users\User\.m2\repository\org\apache\commons\commons-exec\1.3\commons-exec-1.3.jar C:\Users\User\.m2\repository\com\google\guava\guava\25.0-jre\guava-25.0-jre.jar C:\Users\User\.m2\repository\com\google\code\findbugs\jsr305\1.3.9\jsr305-1.3.9.jar C:\Users\User\.m2\repository\org\checkerframework\checker-compat-qual\2.0.0\checker-compat-qual-2.0.0.jar C:\Users\User\.m2\repository\com\google\errorprone\error_prone_annotations\2.1.3\error_prone_annotations-2.1.3.jar C:\Users\User\.m2\repository\com\google\j2objc\j2objc-annotations\1.1\j2objc-annotations-1.1.jar C:\Users\User\.m2\repository\org\codehaus\mojo\animal-sniffer-annotations\1.14\animal-sniffer-annotations-1.14.jar C:\Users\User\.m2\repository\com\squareup\okhttp3\okhttp\3.11.0\okhttp-3.11.0.jar C:\Users\User\.m2\repository\com\squareup\okio\okio\1.14.0\okio-1.14.0.jar C:\Users\User\.m2\repository\org\testng\testng\6.14.3\testng-6.14.3.jar C:\Users\User\.m2\repository\com\beust\jcommander\1.72\jcommander-1.72.jar C:\Users\User\.m2\repository\org\apache-extras\beanshell\bsh\2.0b6\bsh-2.0b6.jar C:\Users\User\.m2\repository\commons-io\commons-io\2.4\commons-io-2.4.jar C:\Users\User\.m2\repository\junit\junit\3.8.1\junit-3.8.1.jar
  VMArgs:    -ea
  Class:     org.testng.remote.RemoteTestNG
  Args:      -serport 65347 -protocol json -d C:\Users\User\Desktop\comprehensive\Hybrid\test-output C:\Users\User\AppData\Local\Temp\testng-eclipse--1459937453\testng-customsuite.xml
java -ea -classpath E:\eclipse\java-2021-065\eclipse\configuration\org.eclipse.osgi\466\0\.cp\lib\testng-remote.jar:C:\Users\User\Desktop\comprehensive\Hybrid\target\test-classes:C:\Users\User\Desktop\comprehensive\Hybrid\target\classes:C:\Users\User\.m2\repository\org\seleniumhq\selenium\selenium-java\3.141.59\selenium-java-3.141.59.jar:C:\Users\User\.m2\repository\org\seleniumhq\selenium\selenium-api\3.141.59\selenium-api-3.141.59.jar:C:\Users\User\.m2\repository\org\seleniumhq\selenium\selenium-chrome-driver\3.141.59\selenium-chrome-driver-3.141.59.jar:C:\Users\User\.m2\repository\org\seleniumhq\selenium\selenium-edge-driver\3.141.59\selenium-edge-driver-3.141.59.jar:C:\Users\User\.m2\repository\org\seleniumhq\selenium\selenium-firefox-driver\3.141.59\selenium-firefox-driver-3.141.59.jar:C:\Users\User\.m2\repository\org\seleniumhq\selenium\selenium-ie-driver\3.141.59\selenium-ie-driver-3.141.59.jar:C:\Users\User\.m2\repository\org\seleniumhq\selenium\selenium-opera-driver\3.141.59\selenium-opera-driver-3.141.59.jar:C:\Users\User\.m2\repository\org\seleniumhq\selenium\selenium-remote-driver\3.141.59\selenium-remote-driver-3.141.59.jar:C:\Users\User\.m2\repository\org\seleniumhq\selenium\selenium-safari-driver\3.141.59\selenium-safari-driver-3.141.59.jar:C:\Users\User\.m2\repository\org\seleniumhq\selenium\selenium-support\3.141.59\selenium-support-3.141.59.jar:C:\Users\User\.m2\repository\net\bytebuddy\byte-buddy\1.8.15\byte-buddy-1.8.15.jar:C:\Users\User\.m2\repository\org\apache\commons\commons-exec\1.3\commons-exec-1.3.jar:C:\Users\User\.m2\repository\com\google\guava\guava\25.0-jre\guava-25.0-jre.jar:C:\Users\User\.m2\repository\com\google\code\findbugs\jsr305\1.3.9\jsr305-1.3.9.jar:C:\Users\User\.m2\repository\org\checkerframework\checker-compat-qual\2.0.0\checker-compat-qual-2.0.0.jar:C:\Users\User\.m2\repository\com\google\errorprone\error_prone_annotations\2.1.3\error_prone_annotations-2.1.3.jar:C:\Users\User\.m2\repository\com\google\j2objc\j2objc-annotations\1.1\j2objc-annotations-1.1.jar:C:\Users\User\.m2\repository\org\codehaus\mojo\animal-sniffer-annotations\1.14\animal-sniffer-annotations-1.14.jar:C:\Users\User\.m2\repository\com\squareup\okhttp3\okhttp\3.11.0\okhttp-3.11.0.jar:C:\Users\User\.m2\repository\com\squareup\okio\okio\1.14.0\okio-1.14.0.jar:C:\Users\User\.m2\repository\org\testng\testng\6.14.3\testng-6.14.3.jar:C:\Users\User\.m2\repository\com\beust\jcommander\1.72\jcommander-1.72.jar:C:\Users\User\.m2\repository\org\apache-extras\beanshell\bsh\2.0b6\bsh-2.0b6.jar:C:\Users\User\.m2\repository\commons-io\commons-io\2.4\commons-io-2.4.jar:C:\Users\User\.m2\repository\junit\junit\3.8.1\junit-3.8.1.jar org.testng.remote.RemoteTestNG -serport 65347 -protocol json -d C:\Users\User\Desktop\comprehensive\Hybrid\test-output C:\Users\User\AppData\Local\Temp\testng-eclipse--1459937453\testng-customsuite.xml

!ENTRY org.eclipse.lsp4e 4 0 2021-09-24 09:45:15.717
!MESSAGE 
!STACK 0
java.util.concurrent.TimeoutException
	at java.base/java.util.concurrent.CompletableFuture.timedGet(CompletableFuture.java:1886)
	at java.base/java.util.concurrent.CompletableFuture.get(CompletableFuture.java:2021)
	at org.eclipse.lsp4e.operations.codeactions.LSPCodeActionMarkerResolution.checkMarkerResoultion(LSPCodeActionMarkerResolution.java:170)
	at org.eclipse.lsp4e.operations.codeactions.LSPCodeActionMarkerResolution.getResolutions(LSPCodeActionMarkerResolution.java:85)
	at org.eclipse.ui.internal.ide.registry.MarkerHelpRegistry.getResolutions(MarkerHelpRegistry.java:394)
	at org.eclipse.m2e.core.ui.internal.markers.MavenProblemResolution.getResolutions(MavenProblemResolution.java:193)
	at org.eclipse.m2e.editor.internal.MarkerHoverControl.deferredCreateContent(MarkerHoverControl.java:239)
	at org.eclipse.m2e.editor.internal.MarkerHoverControl.setInput(MarkerHoverControl.java:115)
	at org.eclipse.jface.text.AbstractInformationControlManager.internalShowInformationControl(AbstractInformationControlManager.java:1151)
	at org.eclipse.jface.text.AbstractInformationControlManager.presentInformation(AbstractInformationControlManager.java:1120)
	at org.eclipse.jface.text.AbstractHoverInformationControlManager.presentInformation(AbstractHoverInformationControlManager.java:884)
	at org.eclipse.jface.text.TextViewerHoverManager.doPresentInformation(TextViewerHoverManager.java:237)
	at org.eclipse.jface.text.TextViewerHoverManager.lambda$3(TextViewerHoverManager.java:227)
	at org.eclipse.swt.widgets.RunnableLock.run(RunnableLock.java:40)
	at org.eclipse.swt.widgets.Synchronizer.runAsyncMessages(Synchronizer.java:185)
	at org.eclipse.swt.widgets.Display.runAsyncMessages(Display.java:4001)
	at org.eclipse.swt.widgets.Display.readAndDispatch(Display.java:3629)
	at org.eclipse.e4.ui.internal.workbench.swt.PartRenderingEngine$5.run(PartRenderingEngine.java:1157)
	at org.eclipse.core.databinding.observable.Realm.runWithDefault(Realm.java:338)
	at org.eclipse.e4.ui.internal.workbench.swt.PartRenderingEngine.run(PartRenderingEngine.java:1046)
	at org.eclipse.e4.ui.internal.workbench.E4Workbench.createAndRunUI(E4Workbench.java:155)
	at org.eclipse.ui.internal.Workbench.lambda$3(Workbench.java:644)
	at org.eclipse.core.databinding.observable.Realm.runWithDefault(Realm.java:338)
	at org.eclipse.ui.internal.Workbench.createAndRunWorkbench(Workbench.java:551)
	at org.eclipse.ui.PlatformUI.createAndRunWorkbench(PlatformUI.java:156)
	at org.eclipse.ui.internal.ide.application.IDEApplication.start(IDEApplication.java:152)
	at org.eclipse.equinox.internal.app.EclipseAppHandle.run(EclipseAppHandle.java:203)
	at org.eclipse.core.runtime.internal.adaptor.EclipseAppLauncher.runApplication(EclipseAppLauncher.java:134)
	at org.eclipse.core.runtime.internal.adaptor.EclipseAppLauncher.start(EclipseAppLauncher.java:104)
	at org.eclipse.core.runtime.adaptor.EclipseStarter.run(EclipseStarter.java:401)
	at org.eclipse.core.runtime.adaptor.EclipseStarter.run(EclipseStarter.java:255)
	at java.base/jdk.internal.reflect.NativeMethodAccessorImpl.invoke0(Native Method)
	at java.base/jdk.internal.reflect.NativeMethodAccessorImpl.invoke(NativeMethodAccessorImpl.java:62)
	at java.base/jdk.internal.reflect.DelegatingMethodAccessorImpl.invoke(DelegatingMethodAccessorImpl.java:43)
	at java.base/java.lang.reflect.Method.invoke(Method.java:566)
	at org.eclipse.equinox.launcher.Main.invokeFramework(Main.java:654)
	at org.eclipse.equinox.launcher.Main.basicRun(Main.java:591)
	at org.eclipse.equinox.launcher.Main.run(Main.java:1462)
	at org.eclipse.equinox.launcher.Main.main(Main.java:1435)
!SESSION 2021-09-25 16:38:20.088 -----------------------------------------------
eclipse.buildId=4.20.0.I20210611-1600
java.version=11.0.11
java.vendor=Oracle Corporation
BootLoader constants: OS=win32, ARCH=x86_64, WS=win32, NL=en_IN
Framework arguments:  -product org.eclipse.epp.package.java.product
Command-line arguments:  -os win32 -ws win32 -arch x86_64 -product org.eclipse.epp.package.java.product

!ENTRY org.eclipse.core.resources 2 10035 2021-09-25 16:38:30.235
!MESSAGE The workspace exited with unsaved changes in the previous session; refreshing workspace to recover changes.

!ENTRY org.eclipse.jface 2 0 2021-09-25 16:38:38.115
!MESSAGE Keybinding conflicts occurred.  They may interfere with normal accelerator operation.
!SUBENTRY 1 org.eclipse.jface 2 0 2021-09-25 16:38:38.115
!MESSAGE A conflict occurred for CTRL+SHIFT+T:
Binding(CTRL+SHIFT+T,
	ParameterizedCommand(Command(org.eclipse.jdt.ui.navigate.open.type,Open Type,
		Open a type in a Java editor,
		Category(org.eclipse.ui.category.navigate,Navigate,null,true),
		org.eclipse.ui.internal.WorkbenchHandlerServiceHandler@24258b54,
		,,true),null),
	org.eclipse.ui.defaultAcceleratorConfiguration,
	org.eclipse.ui.contexts.window,,,system)
Binding(CTRL+SHIFT+T,
	ParameterizedCommand(Command(org.eclipse.lsp4e.symbolinworkspace,Go to Symbol in Workspace,
		,
		Category(org.eclipse.lsp4e.category,Language Servers,null,true),
		org.eclipse.ui.internal.WorkbenchHandlerServiceHandler@493968a9,
		,,true),null),
	org.eclipse.ui.defaultAcceleratorConfiguration,
	org.eclipse.ui.contexts.window,,,system)

!ENTRY org.eclipse.egit.ui 2 0 2021-09-25 16:38:54.299
!MESSAGE Warning: The environment variable HOME is not set. The following directory will be used to store the Git
user global configuration and to define the default location to store repositories: 'C:\Users\User'. If this is
not correct please set the HOME environment variable and restart Eclipse. Otherwise Git for Windows and
EGit might behave differently since they see different configuration options.
This warning can be switched off on the Team > Git > Confirmations and Warnings preference page.

!ENTRY org.testng.eclipse 1 0 2021-09-25 18:41:33.039
!MESSAGE [TestNGLaunchConfigurationDelegate] Launching:
  Classpath: E:\eclipse\java-2021-065\eclipse\configuration\org.eclipse.osgi\466\0\.cp\lib\testng-remote.jar C:\Users\User\Desktop\comprehensive\Hybrid\target\test-classes C:\Users\User\Desktop\comprehensive\Hybrid\target\classes C:\Users\User\.m2\repository\org\apache\logging\log4j\log4j-api\2.14.1\log4j-api-2.14.1.jar C:\Users\User\.m2\repository\org\apache\logging\log4j\log4j-core\2.14.1\log4j-core-2.14.1.jar C:\Users\User\.m2\repository\org\seleniumhq\selenium\selenium-java\3.141.59\selenium-java-3.141.59.jar C:\Users\User\.m2\repository\org\seleniumhq\selenium\selenium-api\3.141.59\selenium-api-3.141.59.jar C:\Users\User\.m2\repository\org\seleniumhq\selenium\selenium-chrome-driver\3.141.59\selenium-chrome-driver-3.141.59.jar C:\Users\User\.m2\repository\org\seleniumhq\selenium\selenium-edge-driver\3.141.59\selenium-edge-driver-3.141.59.jar C:\Users\User\.m2\repository\org\seleniumhq\selenium\selenium-firefox-driver\3.141.59\selenium-firefox-driver-3.141.59.jar C:\Users\User\.m2\repository\org\seleniumhq\selenium\selenium-ie-driver\3.141.59\selenium-ie-driver-3.141.59.jar C:\Users\User\.m2\repository\org\seleniumhq\selenium\selenium-opera-driver\3.141.59\selenium-opera-driver-3.141.59.jar C:\Users\User\.m2\repository\org\seleniumhq\selenium\selenium-remote-driver\3.141.59\selenium-remote-driver-3.141.59.jar C:\Users\User\.m2\repository\org\seleniumhq\selenium\selenium-safari-driver\3.141.59\selenium-safari-driver-3.141.59.jar C:\Users\User\.m2\repository\org\seleniumhq\selenium\selenium-support\3.141.59\selenium-support-3.141.59.jar C:\Users\User\.m2\repository\net\bytebuddy\byte-buddy\1.8.15\byte-buddy-1.8.15.jar C:\Users\User\.m2\repository\org\apache\commons\commons-exec\1.3\commons-exec-1.3.jar C:\Users\User\.m2\repository\com\google\guava\guava\25.0-jre\guava-25.0-jre.jar C:\Users\User\.m2\repository\com\google\code\findbugs\jsr305\1.3.9\jsr305-1.3.9.jar C:\Users\User\.m2\repository\org\checkerframework\checker-compat-qual\2.0.0\checker-compat-qual-2.0.0.jar C:\Users\User\.m2\repository\com\google\errorprone\error_prone_annotations\2.1.3\error_prone_annotations-2.1.3.jar C:\Users\User\.m2\repository\com\google\j2objc\j2objc-annotations\1.1\j2objc-annotations-1.1.jar C:\Users\User\.m2\repository\org\codehaus\mojo\animal-sniffer-annotations\1.14\animal-sniffer-annotations-1.14.jar C:\Users\User\.m2\repository\com\squareup\okhttp3\okhttp\3.11.0\okhttp-3.11.0.jar C:\Users\User\.m2\repository\com\squareup\okio\okio\1.14.0\okio-1.14.0.jar C:\Users\User\.m2\repository\org\testng\testng\6.14.3\testng-6.14.3.jar C:\Users\User\.m2\repository\com\beust\jcommander\1.72\jcommander-1.72.jar C:\Users\User\.m2\repository\org\apache-extras\beanshell\bsh\2.0b6\bsh-2.0b6.jar C:\Users\User\.m2\repository\commons-io\commons-io\2.4\commons-io-2.4.jar C:\Users\User\.m2\repository\org\apache\poi\poi\3.17\poi-3.17.jar C:\Users\User\.m2\repository\commons-codec\commons-codec\1.10\commons-codec-1.10.jar C:\Users\User\.m2\repository\org\apache\commons\commons-collections4\4.1\commons-collections4-4.1.jar C:\Users\User\.m2\repository\org\apache\poi\poi-ooxml\3.17\poi-ooxml-3.17.jar C:\Users\User\.m2\repository\org\apache\poi\poi-ooxml-schemas\3.17\poi-ooxml-schemas-3.17.jar C:\Users\User\.m2\repository\org\apache\xmlbeans\xmlbeans\2.6.0\xmlbeans-2.6.0.jar C:\Users\User\.m2\repository\stax\stax-api\1.0.1\stax-api-1.0.1.jar C:\Users\User\.m2\repository\com\github\virtuald\curvesapi\1.04\curvesapi-1.04.jar C:\Users\User\.m2\repository\junit\junit\3.8.1\junit-3.8.1.jar
  VMArgs:    -ea
  Class:     org.testng.remote.RemoteTestNG
  Args:      -serport 54267 -protocol json -d C:\Users\User\Desktop\comprehensive\Hybrid\test-output C:\Users\User\AppData\Local\Temp\testng-eclipse-1001337907\testng-customsuite.xml
java -ea -classpath E:\eclipse\java-2021-065\eclipse\configuration\org.eclipse.osgi\466\0\.cp\lib\testng-remote.jar:C:\Users\User\Desktop\comprehensive\Hybrid\target\test-classes:C:\Users\User\Desktop\comprehensive\Hybrid\target\classes:C:\Users\User\.m2\repository\org\apache\logging\log4j\log4j-api\2.14.1\log4j-api-2.14.1.jar:C:\Users\User\.m2\repository\org\apache\logging\log4j\log4j-core\2.14.1\log4j-core-2.14.1.jar:C:\Users\User\.m2\repository\org\seleniumhq\selenium\selenium-java\3.141.59\selenium-java-3.141.59.jar:C:\Users\User\.m2\repository\org\seleniumhq\selenium\selenium-api\3.141.59\selenium-api-3.141.59.jar:C:\Users\User\.m2\repository\org\seleniumhq\selenium\selenium-chrome-driver\3.141.59\selenium-chrome-driver-3.141.59.jar:C:\Users\User\.m2\repository\org\seleniumhq\selenium\selenium-edge-driver\3.141.59\selenium-edge-driver-3.141.59.jar:C:\Users\User\.m2\repository\org\seleniumhq\selenium\selenium-firefox-driver\3.141.59\selenium-firefox-driver-3.141.59.jar:C:\Users\User\.m2\repository\org\seleniumhq\selenium\selenium-ie-driver\3.141.59\selenium-ie-driver-3.141.59.jar:C:\Users\User\.m2\repository\org\seleniumhq\selenium\selenium-opera-driver\3.141.59\selenium-opera-driver-3.141.59.jar:C:\Users\User\.m2\repository\org\seleniumhq\selenium\selenium-remote-driver\3.141.59\selenium-remote-driver-3.141.59.jar:C:\Users\User\.m2\repository\org\seleniumhq\selenium\selenium-safari-driver\3.141.59\selenium-safari-driver-3.141.59.jar:C:\Users\User\.m2\repository\org\seleniumhq\selenium\selenium-support\3.141.59\selenium-support-3.141.59.jar:C:\Users\User\.m2\repository\net\bytebuddy\byte-buddy\1.8.15\byte-buddy-1.8.15.jar:C:\Users\User\.m2\repository\org\apache\commons\commons-exec\1.3\commons-exec-1.3.jar:C:\Users\User\.m2\repository\com\google\guava\guava\25.0-jre\guava-25.0-jre.jar:C:\Users\User\.m2\repository\com\google\code\findbugs\jsr305\1.3.9\jsr305-1.3.9.jar:C:\Users\User\.m2\repository\org\checkerframework\checker-compat-qual\2.0.0\checker-compat-qual-2.0.0.jar:C:\Users\User\.m2\repository\com\google\errorprone\error_prone_annotations\2.1.3\error_prone_annotations-2.1.3.jar:C:\Users\User\.m2\repository\com\google\j2objc\j2objc-annotations\1.1\j2objc-annotations-1.1.jar:C:\Users\User\.m2\repository\org\codehaus\mojo\animal-sniffer-annotations\1.14\animal-sniffer-annotations-1.14.jar:C:\Users\User\.m2\repository\com\squareup\okhttp3\okhttp\3.11.0\okhttp-3.11.0.jar:C:\Users\User\.m2\repository\com\squareup\okio\okio\1.14.0\okio-1.14.0.jar:C:\Users\User\.m2\repository\org\testng\testng\6.14.3\testng-6.14.3.jar:C:\Users\User\.m2\repository\com\beust\jcommander\1.72\jcommander-1.72.jar:C:\Users\User\.m2\repository\org\apache-extras\beanshell\bsh\2.0b6\bsh-2.0b6.jar:C:\Users\User\.m2\repository\commons-io\commons-io\2.4\commons-io-2.4.jar:C:\Users\User\.m2\repository\org\apache\poi\poi\3.17\poi-3.17.jar:C:\Users\User\.m2\repository\commons-codec\commons-codec\1.10\commons-codec-1.10.jar:C:\Users\User\.m2\repository\org\apache\commons\commons-collections4\4.1\commons-collections4-4.1.jar:C:\Users\User\.m2\repository\org\apache\poi\poi-ooxml\3.17\poi-ooxml-3.17.jar:C:\Users\User\.m2\repository\org\apache\poi\poi-ooxml-schemas\3.17\poi-ooxml-schemas-3.17.jar:C:\Users\User\.m2\repository\org\apache\xmlbeans\xmlbeans\2.6.0\xmlbeans-2.6.0.jar:C:\Users\User\.m2\repository\stax\stax-api\1.0.1\stax-api-1.0.1.jar:C:\Users\User\.m2\repository\com\github\virtuald\curvesapi\1.04\curvesapi-1.04.jar:C:\Users\User\.m2\repository\junit\junit\3.8.1\junit-3.8.1.jar org.testng.remote.RemoteTestNG -serport 54267 -protocol json -d C:\Users\User\Desktop\comprehensive\Hybrid\test-output C:\Users\User\AppData\Local\Temp\testng-eclipse-1001337907\testng-customsuite.xml

!ENTRY org.testng.eclipse 1 0 2021-09-25 18:42:33.598
!MESSAGE [TestNGLaunchConfigurationDelegate] Launching:
  Classpath: E:\eclipse\java-2021-065\eclipse\configuration\org.eclipse.osgi\466\0\.cp\lib\testng-remote.jar C:\Users\User\Desktop\comprehensive\Hybrid\target\test-classes C:\Users\User\Desktop\comprehensive\Hybrid\target\classes C:\Users\User\.m2\repository\org\apache\logging\log4j\log4j-api\2.14.1\log4j-api-2.14.1.jar C:\Users\User\.m2\repository\org\apache\logging\log4j\log4j-core\2.14.1\log4j-core-2.14.1.jar C:\Users\User\.m2\repository\org\seleniumhq\selenium\selenium-java\3.141.59\selenium-java-3.141.59.jar C:\Users\User\.m2\repository\org\seleniumhq\selenium\selenium-api\3.141.59\selenium-api-3.141.59.jar C:\Users\User\.m2\repository\org\seleniumhq\selenium\selenium-chrome-driver\3.141.59\selenium-chrome-driver-3.141.59.jar C:\Users\User\.m2\repository\org\seleniumhq\selenium\selenium-edge-driver\3.141.59\selenium-edge-driver-3.141.59.jar C:\Users\User\.m2\repository\org\seleniumhq\selenium\selenium-firefox-driver\3.141.59\selenium-firefox-driver-3.141.59.jar C:\Users\User\.m2\repository\org\seleniumhq\selenium\selenium-ie-driver\3.141.59\selenium-ie-driver-3.141.59.jar C:\Users\User\.m2\repository\org\seleniumhq\selenium\selenium-opera-driver\3.141.59\selenium-opera-driver-3.141.59.jar C:\Users\User\.m2\repository\org\seleniumhq\selenium\selenium-remote-driver\3.141.59\selenium-remote-driver-3.141.59.jar C:\Users\User\.m2\repository\org\seleniumhq\selenium\selenium-safari-driver\3.141.59\selenium-safari-driver-3.141.59.jar C:\Users\User\.m2\repository\org\seleniumhq\selenium\selenium-support\3.141.59\selenium-support-3.141.59.jar C:\Users\User\.m2\repository\net\bytebuddy\byte-buddy\1.8.15\byte-buddy-1.8.15.jar C:\Users\User\.m2\repository\org\apache\commons\commons-exec\1.3\commons-exec-1.3.jar C:\Users\User\.m2\repository\com\google\guava\guava\25.0-jre\guava-25.0-jre.jar C:\Users\User\.m2\repository\com\google\code\findbugs\jsr305\1.3.9\jsr305-1.3.9.jar C:\Users\User\.m2\repository\org\checkerframework\checker-compat-qual\2.0.0\checker-compat-qual-2.0.0.jar C:\Users\User\.m2\repository\com\google\errorprone\error_prone_annotations\2.1.3\error_prone_annotations-2.1.3.jar C:\Users\User\.m2\repository\com\google\j2objc\j2objc-annotations\1.1\j2objc-annotations-1.1.jar C:\Users\User\.m2\repository\org\codehaus\mojo\animal-sniffer-annotations\1.14\animal-sniffer-annotations-1.14.jar C:\Users\User\.m2\repository\com\squareup\okhttp3\okhttp\3.11.0\okhttp-3.11.0.jar C:\Users\User\.m2\repository\com\squareup\okio\okio\1.14.0\okio-1.14.0.jar C:\Users\User\.m2\repository\org\testng\testng\6.14.3\testng-6.14.3.jar C:\Users\User\.m2\repository\com\beust\jcommander\1.72\jcommander-1.72.jar C:\Users\User\.m2\repository\org\apache-extras\beanshell\bsh\2.0b6\bsh-2.0b6.jar C:\Users\User\.m2\repository\commons-io\commons-io\2.4\commons-io-2.4.jar C:\Users\User\.m2\repository\org\apache\poi\poi\3.17\poi-3.17.jar C:\Users\User\.m2\repository\commons-codec\commons-codec\1.10\commons-codec-1.10.jar C:\Users\User\.m2\repository\org\apache\commons\commons-collections4\4.1\commons-collections4-4.1.jar C:\Users\User\.m2\repository\org\apache\poi\poi-ooxml\3.17\poi-ooxml-3.17.jar C:\Users\User\.m2\repository\org\apache\poi\poi-ooxml-schemas\3.17\poi-ooxml-schemas-3.17.jar C:\Users\User\.m2\repository\org\apache\xmlbeans\xmlbeans\2.6.0\xmlbeans-2.6.0.jar C:\Users\User\.m2\repository\stax\stax-api\1.0.1\stax-api-1.0.1.jar C:\Users\User\.m2\repository\com\github\virtuald\curvesapi\1.04\curvesapi-1.04.jar C:\Users\User\.m2\repository\junit\junit\3.8.1\junit-3.8.1.jar
  VMArgs:    -ea
  Class:     org.testng.remote.RemoteTestNG
  Args:      -serport 54271 -protocol json -d C:\Users\User\Desktop\comprehensive\Hybrid\test-output C:\Users\User\AppData\Local\Temp\testng-eclipse-891376342\testng-customsuite.xml
java -ea -classpath E:\eclipse\java-2021-065\eclipse\configuration\org.eclipse.osgi\466\0\.cp\lib\testng-remote.jar:C:\Users\User\Desktop\comprehensive\Hybrid\target\test-classes:C:\Users\User\Desktop\comprehensive\Hybrid\target\classes:C:\Users\User\.m2\repository\org\apache\logging\log4j\log4j-api\2.14.1\log4j-api-2.14.1.jar:C:\Users\User\.m2\repository\org\apache\logging\log4j\log4j-core\2.14.1\log4j-core-2.14.1.jar:C:\Users\User\.m2\repository\org\seleniumhq\selenium\selenium-java\3.141.59\selenium-java-3.141.59.jar:C:\Users\User\.m2\repository\org\seleniumhq\selenium\selenium-api\3.141.59\selenium-api-3.141.59.jar:C:\Users\User\.m2\repository\org\seleniumhq\selenium\selenium-chrome-driver\3.141.59\selenium-chrome-driver-3.141.59.jar:C:\Users\User\.m2\repository\org\seleniumhq\selenium\selenium-edge-driver\3.141.59\selenium-edge-driver-3.141.59.jar:C:\Users\User\.m2\repository\org\seleniumhq\selenium\selenium-firefox-driver\3.141.59\selenium-firefox-driver-3.141.59.jar:C:\Users\User\.m2\repository\org\seleniumhq\selenium\selenium-ie-driver\3.141.59\selenium-ie-driver-3.141.59.jar:C:\Users\User\.m2\repository\org\seleniumhq\selenium\selenium-opera-driver\3.141.59\selenium-opera-driver-3.141.59.jar:C:\Users\User\.m2\repository\org\seleniumhq\selenium\selenium-remote-driver\3.141.59\selenium-remote-driver-3.141.59.jar:C:\Users\User\.m2\repository\org\seleniumhq\selenium\selenium-safari-driver\3.141.59\selenium-safari-driver-3.141.59.jar:C:\Users\User\.m2\repository\org\seleniumhq\selenium\selenium-support\3.141.59\selenium-support-3.141.59.jar:C:\Users\User\.m2\repository\net\bytebuddy\byte-buddy\1.8.15\byte-buddy-1.8.15.jar:C:\Users\User\.m2\repository\org\apache\commons\commons-exec\1.3\commons-exec-1.3.jar:C:\Users\User\.m2\repository\com\google\guava\guava\25.0-jre\guava-25.0-jre.jar:C:\Users\User\.m2\repository\com\google\code\findbugs\jsr305\1.3.9\jsr305-1.3.9.jar:C:\Users\User\.m2\repository\org\checkerframework\checker-compat-qual\2.0.0\checker-compat-qual-2.0.0.jar:C:\Users\User\.m2\repository\com\google\errorprone\error_prone_annotations\2.1.3\error_prone_annotations-2.1.3.jar:C:\Users\User\.m2\repository\com\google\j2objc\j2objc-annotations\1.1\j2objc-annotations-1.1.jar:C:\Users\User\.m2\repository\org\codehaus\mojo\animal-sniffer-annotations\1.14\animal-sniffer-annotations-1.14.jar:C:\Users\User\.m2\repository\com\squareup\okhttp3\okhttp\3.11.0\okhttp-3.11.0.jar:C:\Users\User\.m2\repository\com\squareup\okio\okio\1.14.0\okio-1.14.0.jar:C:\Users\User\.m2\repository\org\testng\testng\6.14.3\testng-6.14.3.jar:C:\Users\User\.m2\repository\com\beust\jcommander\1.72\jcommander-1.72.jar:C:\Users\User\.m2\repository\org\apache-extras\beanshell\bsh\2.0b6\bsh-2.0b6.jar:C:\Users\User\.m2\repository\commons-io\commons-io\2.4\commons-io-2.4.jar:C:\Users\User\.m2\repository\org\apache\poi\poi\3.17\poi-3.17.jar:C:\Users\User\.m2\repository\commons-codec\commons-codec\1.10\commons-codec-1.10.jar:C:\Users\User\.m2\repository\org\apache\commons\commons-collections4\4.1\commons-collections4-4.1.jar:C:\Users\User\.m2\repository\org\apache\poi\poi-ooxml\3.17\poi-ooxml-3.17.jar:C:\Users\User\.m2\repository\org\apache\poi\poi-ooxml-schemas\3.17\poi-ooxml-schemas-3.17.jar:C:\Users\User\.m2\repository\org\apache\xmlbeans\xmlbeans\2.6.0\xmlbeans-2.6.0.jar:C:\Users\User\.m2\repository\stax\stax-api\1.0.1\stax-api-1.0.1.jar:C:\Users\User\.m2\repository\com\github\virtuald\curvesapi\1.04\curvesapi-1.04.jar:C:\Users\User\.m2\repository\junit\junit\3.8.1\junit-3.8.1.jar org.testng.remote.RemoteTestNG -serport 54271 -protocol json -d C:\Users\User\Desktop\comprehensive\Hybrid\test-output C:\Users\User\AppData\Local\Temp\testng-eclipse-891376342\testng-customsuite.xml

!ENTRY org.testng.eclipse 1 0 2021-09-25 19:42:37.406
!MESSAGE [TestNGLaunchConfigurationDelegate] Launching:
  Classpath: E:\eclipse\java-2021-065\eclipse\configuration\org.eclipse.osgi\466\0\.cp\lib\testng-remote.jar C:\Users\User\Desktop\comprehensive\Hybrid\target\test-classes C:\Users\User\Desktop\comprehensive\Hybrid\target\classes C:\Users\User\.m2\repository\org\apache\logging\log4j\log4j-api\2.14.1\log4j-api-2.14.1.jar C:\Users\User\.m2\repository\org\apache\logging\log4j\log4j-core\2.14.1\log4j-core-2.14.1.jar C:\Users\User\.m2\repository\org\seleniumhq\selenium\selenium-java\3.141.59\selenium-java-3.141.59.jar C:\Users\User\.m2\repository\org\seleniumhq\selenium\selenium-api\3.141.59\selenium-api-3.141.59.jar C:\Users\User\.m2\repository\org\seleniumhq\selenium\selenium-chrome-driver\3.141.59\selenium-chrome-driver-3.141.59.jar C:\Users\User\.m2\repository\org\seleniumhq\selenium\selenium-edge-driver\3.141.59\selenium-edge-driver-3.141.59.jar C:\Users\User\.m2\repository\org\seleniumhq\selenium\selenium-firefox-driver\3.141.59\selenium-firefox-driver-3.141.59.jar C:\Users\User\.m2\repository\org\seleniumhq\selenium\selenium-ie-driver\3.141.59\selenium-ie-driver-3.141.59.jar C:\Users\User\.m2\repository\org\seleniumhq\selenium\selenium-opera-driver\3.141.59\selenium-opera-driver-3.141.59.jar C:\Users\User\.m2\repository\org\seleniumhq\selenium\selenium-remote-driver\3.141.59\selenium-remote-driver-3.141.59.jar C:\Users\User\.m2\repository\org\seleniumhq\selenium\selenium-safari-driver\3.141.59\selenium-safari-driver-3.141.59.jar C:\Users\User\.m2\repository\org\seleniumhq\selenium\selenium-support\3.141.59\selenium-support-3.141.59.jar C:\Users\User\.m2\repository\net\bytebuddy\byte-buddy\1.8.15\byte-buddy-1.8.15.jar C:\Users\User\.m2\repository\org\apache\commons\commons-exec\1.3\commons-exec-1.3.jar C:\Users\User\.m2\repository\com\google\guava\guava\25.0-jre\guava-25.0-jre.jar C:\Users\User\.m2\repository\com\google\code\findbugs\jsr305\1.3.9\jsr305-1.3.9.jar C:\Users\User\.m2\repository\org\checkerframework\checker-compat-qual\2.0.0\checker-compat-qual-2.0.0.jar C:\Users\User\.m2\repository\com\google\errorprone\error_prone_annotations\2.1.3\error_prone_annotations-2.1.3.jar C:\Users\User\.m2\repository\com\google\j2objc\j2objc-annotations\1.1\j2objc-annotations-1.1.jar C:\Users\User\.m2\repository\org\codehaus\mojo\animal-sniffer-annotations\1.14\animal-sniffer-annotations-1.14.jar C:\Users\User\.m2\repository\com\squareup\okhttp3\okhttp\3.11.0\okhttp-3.11.0.jar C:\Users\User\.m2\repository\com\squareup\okio\okio\1.14.0\okio-1.14.0.jar C:\Users\User\.m2\repository\org\testng\testng\6.14.3\testng-6.14.3.jar C:\Users\User\.m2\repository\com\beust\jcommander\1.72\jcommander-1.72.jar C:\Users\User\.m2\repository\org\apache-extras\beanshell\bsh\2.0b6\bsh-2.0b6.jar C:\Users\User\.m2\repository\commons-io\commons-io\2.4\commons-io-2.4.jar C:\Users\User\.m2\repository\org\apache\poi\poi\3.17\poi-3.17.jar C:\Users\User\.m2\repository\commons-codec\commons-codec\1.10\commons-codec-1.10.jar C:\Users\User\.m2\repository\org\apache\commons\commons-collections4\4.1\commons-collections4-4.1.jar C:\Users\User\.m2\repository\org\apache\poi\poi-ooxml\3.17\poi-ooxml-3.17.jar C:\Users\User\.m2\repository\org\apache\poi\poi-ooxml-schemas\3.17\poi-ooxml-schemas-3.17.jar C:\Users\User\.m2\repository\org\apache\xmlbeans\xmlbeans\2.6.0\xmlbeans-2.6.0.jar C:\Users\User\.m2\repository\stax\stax-api\1.0.1\stax-api-1.0.1.jar C:\Users\User\.m2\repository\com\github\virtuald\curvesapi\1.04\curvesapi-1.04.jar C:\Users\User\.m2\repository\junit\junit\3.8.1\junit-3.8.1.jar
  VMArgs:    -ea
  Class:     org.testng.remote.RemoteTestNG
  Args:      -serport 53898 -protocol json -d C:\Users\User\Desktop\comprehensive\Hybrid\test-output C:\Users\User\AppData\Local\Temp\testng-eclipse--1090545749\testng-customsuite.xml
java -ea -classpath E:\eclipse\java-2021-065\eclipse\configuration\org.eclipse.osgi\466\0\.cp\lib\testng-remote.jar:C:\Users\User\Desktop\comprehensive\Hybrid\target\test-classes:C:\Users\User\Desktop\comprehensive\Hybrid\target\classes:C:\Users\User\.m2\repository\org\apache\logging\log4j\log4j-api\2.14.1\log4j-api-2.14.1.jar:C:\Users\User\.m2\repository\org\apache\logging\log4j\log4j-core\2.14.1\log4j-core-2.14.1.jar:C:\Users\User\.m2\repository\org\seleniumhq\selenium\selenium-java\3.141.59\selenium-java-3.141.59.jar:C:\Users\User\.m2\repository\org\seleniumhq\selenium\selenium-api\3.141.59\selenium-api-3.141.59.jar:C:\Users\User\.m2\repository\org\seleniumhq\selenium\selenium-chrome-driver\3.141.59\selenium-chrome-driver-3.141.59.jar:C:\Users\User\.m2\repository\org\seleniumhq\selenium\selenium-edge-driver\3.141.59\selenium-edge-driver-3.141.59.jar:C:\Users\User\.m2\repository\org\seleniumhq\selenium\selenium-firefox-driver\3.141.59\selenium-firefox-driver-3.141.59.jar:C:\Users\User\.m2\repository\org\seleniumhq\selenium\selenium-ie-driver\3.141.59\selenium-ie-driver-3.141.59.jar:C:\Users\User\.m2\repository\org\seleniumhq\selenium\selenium-opera-driver\3.141.59\selenium-opera-driver-3.141.59.jar:C:\Users\User\.m2\repository\org\seleniumhq\selenium\selenium-remote-driver\3.141.59\selenium-remote-driver-3.141.59.jar:C:\Users\User\.m2\repository\org\seleniumhq\selenium\selenium-safari-driver\3.141.59\selenium-safari-driver-3.141.59.jar:C:\Users\User\.m2\repository\org\seleniumhq\selenium\selenium-support\3.141.59\selenium-support-3.141.59.jar:C:\Users\User\.m2\repository\net\bytebuddy\byte-buddy\1.8.15\byte-buddy-1.8.15.jar:C:\Users\User\.m2\repository\org\apache\commons\commons-exec\1.3\commons-exec-1.3.jar:C:\Users\User\.m2\repository\com\google\guava\guava\25.0-jre\guava-25.0-jre.jar:C:\Users\User\.m2\repository\com\google\code\findbugs\jsr305\1.3.9\jsr305-1.3.9.jar:C:\Users\User\.m2\repository\org\checkerframework\checker-compat-qual\2.0.0\checker-compat-qual-2.0.0.jar:C:\Users\User\.m2\repository\com\google\errorprone\error_prone_annotations\2.1.3\error_prone_annotations-2.1.3.jar:C:\Users\User\.m2\repository\com\google\j2objc\j2objc-annotations\1.1\j2objc-annotations-1.1.jar:C:\Users\User\.m2\repository\org\codehaus\mojo\animal-sniffer-annotations\1.14\animal-sniffer-annotations-1.14.jar:C:\Users\User\.m2\repository\com\squareup\okhttp3\okhttp\3.11.0\okhttp-3.11.0.jar:C:\Users\User\.m2\repository\com\squareup\okio\okio\1.14.0\okio-1.14.0.jar:C:\Users\User\.m2\repository\org\testng\testng\6.14.3\testng-6.14.3.jar:C:\Users\User\.m2\repository\com\beust\jcommander\1.72\jcommander-1.72.jar:C:\Users\User\.m2\repository\org\apache-extras\beanshell\bsh\2.0b6\bsh-2.0b6.jar:C:\Users\User\.m2\repository\commons-io\commons-io\2.4\commons-io-2.4.jar:C:\Users\User\.m2\repository\org\apache\poi\poi\3.17\poi-3.17.jar:C:\Users\User\.m2\repository\commons-codec\commons-codec\1.10\commons-codec-1.10.jar:C:\Users\User\.m2\repository\org\apache\commons\commons-collections4\4.1\commons-collections4-4.1.jar:C:\Users\User\.m2\repository\org\apache\poi\poi-ooxml\3.17\poi-ooxml-3.17.jar:C:\Users\User\.m2\repository\org\apache\poi\poi-ooxml-schemas\3.17\poi-ooxml-schemas-3.17.jar:C:\Users\User\.m2\repository\org\apache\xmlbeans\xmlbeans\2.6.0\xmlbeans-2.6.0.jar:C:\Users\User\.m2\repository\stax\stax-api\1.0.1\stax-api-1.0.1.jar:C:\Users\User\.m2\repository\com\github\virtuald\curvesapi\1.04\curvesapi-1.04.jar:C:\Users\User\.m2\repository\junit\junit\3.8.1\junit-3.8.1.jar org.testng.remote.RemoteTestNG -serport 53898 -protocol json -d C:\Users\User\Desktop\comprehensive\Hybrid\test-output C:\Users\User\AppData\Local\Temp\testng-eclipse--1090545749\testng-customsuite.xml

!ENTRY org.testng.eclipse 1 0 2021-09-25 19:45:33.147
!MESSAGE [TestNGLaunchConfigurationDelegate] Launching:
  Classpath: E:\eclipse\java-2021-065\eclipse\configuration\org.eclipse.osgi\466\0\.cp\lib\testng-remote.jar C:\Users\User\Desktop\comprehensive\Hybrid\target\test-classes C:\Users\User\Desktop\comprehensive\Hybrid\target\classes C:\Users\User\.m2\repository\org\apache\logging\log4j\log4j-api\2.14.1\log4j-api-2.14.1.jar C:\Users\User\.m2\repository\org\apache\logging\log4j\log4j-core\2.14.1\log4j-core-2.14.1.jar C:\Users\User\.m2\repository\org\seleniumhq\selenium\selenium-java\3.141.59\selenium-java-3.141.59.jar C:\Users\User\.m2\repository\org\seleniumhq\selenium\selenium-api\3.141.59\selenium-api-3.141.59.jar C:\Users\User\.m2\repository\org\seleniumhq\selenium\selenium-chrome-driver\3.141.59\selenium-chrome-driver-3.141.59.jar C:\Users\User\.m2\repository\org\seleniumhq\selenium\selenium-edge-driver\3.141.59\selenium-edge-driver-3.141.59.jar C:\Users\User\.m2\repository\org\seleniumhq\selenium\selenium-firefox-driver\3.141.59\selenium-firefox-driver-3.141.59.jar C:\Users\User\.m2\repository\org\seleniumhq\selenium\selenium-ie-driver\3.141.59\selenium-ie-driver-3.141.59.jar C:\Users\User\.m2\repository\org\seleniumhq\selenium\selenium-opera-driver\3.141.59\selenium-opera-driver-3.141.59.jar C:\Users\User\.m2\repository\org\seleniumhq\selenium\selenium-remote-driver\3.141.59\selenium-remote-driver-3.141.59.jar C:\Users\User\.m2\repository\org\seleniumhq\selenium\selenium-safari-driver\3.141.59\selenium-safari-driver-3.141.59.jar C:\Users\User\.m2\repository\org\seleniumhq\selenium\selenium-support\3.141.59\selenium-support-3.141.59.jar C:\Users\User\.m2\repository\net\bytebuddy\byte-buddy\1.8.15\byte-buddy-1.8.15.jar C:\Users\User\.m2\repository\org\apache\commons\commons-exec\1.3\commons-exec-1.3.jar C:\Users\User\.m2\repository\com\google\guava\guava\25.0-jre\guava-25.0-jre.jar C:\Users\User\.m2\repository\com\google\code\findbugs\jsr305\1.3.9\jsr305-1.3.9.jar C:\Users\User\.m2\repository\org\checkerframework\checker-compat-qual\2.0.0\checker-compat-qual-2.0.0.jar C:\Users\User\.m2\repository\com\google\errorprone\error_prone_annotations\2.1.3\error_prone_annotations-2.1.3.jar C:\Users\User\.m2\repository\com\google\j2objc\j2objc-annotations\1.1\j2objc-annotations-1.1.jar C:\Users\User\.m2\repository\org\codehaus\mojo\animal-sniffer-annotations\1.14\animal-sniffer-annotations-1.14.jar C:\Users\User\.m2\repository\com\squareup\okhttp3\okhttp\3.11.0\okhttp-3.11.0.jar C:\Users\User\.m2\repository\com\squareup\okio\okio\1.14.0\okio-1.14.0.jar C:\Users\User\.m2\repository\org\testng\testng\6.14.3\testng-6.14.3.jar C:\Users\User\.m2\repository\com\beust\jcommander\1.72\jcommander-1.72.jar C:\Users\User\.m2\repository\org\apache-extras\beanshell\bsh\2.0b6\bsh-2.0b6.jar C:\Users\User\.m2\repository\commons-io\commons-io\2.4\commons-io-2.4.jar C:\Users\User\.m2\repository\org\apache\poi\poi\3.17\poi-3.17.jar C:\Users\User\.m2\repository\commons-codec\commons-codec\1.10\commons-codec-1.10.jar C:\Users\User\.m2\repository\org\apache\commons\commons-collections4\4.1\commons-collections4-4.1.jar C:\Users\User\.m2\repository\org\apache\poi\poi-ooxml\3.17\poi-ooxml-3.17.jar C:\Users\User\.m2\repository\org\apache\poi\poi-ooxml-schemas\3.17\poi-ooxml-schemas-3.17.jar C:\Users\User\.m2\repository\org\apache\xmlbeans\xmlbeans\2.6.0\xmlbeans-2.6.0.jar C:\Users\User\.m2\repository\stax\stax-api\1.0.1\stax-api-1.0.1.jar C:\Users\User\.m2\repository\com\github\virtuald\curvesapi\1.04\curvesapi-1.04.jar C:\Users\User\.m2\repository\junit\junit\3.8.1\junit-3.8.1.jar
  VMArgs:    -ea
  Class:     org.testng.remote.RemoteTestNG
  Args:      -serport 53224 -protocol json -d C:\Users\User\Desktop\comprehensive\Hybrid\test-output C:\Users\User\AppData\Local\Temp\testng-eclipse--2080411080\testng-customsuite.xml
java -ea -classpath E:\eclipse\java-2021-065\eclipse\configuration\org.eclipse.osgi\466\0\.cp\lib\testng-remote.jar:C:\Users\User\Desktop\comprehensive\Hybrid\target\test-classes:C:\Users\User\Desktop\comprehensive\Hybrid\target\classes:C:\Users\User\.m2\repository\org\apache\logging\log4j\log4j-api\2.14.1\log4j-api-2.14.1.jar:C:\Users\User\.m2\repository\org\apache\logging\log4j\log4j-core\2.14.1\log4j-core-2.14.1.jar:C:\Users\User\.m2\repository\org\seleniumhq\selenium\selenium-java\3.141.59\selenium-java-3.141.59.jar:C:\Users\User\.m2\repository\org\seleniumhq\selenium\selenium-api\3.141.59\selenium-api-3.141.59.jar:C:\Users\User\.m2\repository\org\seleniumhq\selenium\selenium-chrome-driver\3.141.59\selenium-chrome-driver-3.141.59.jar:C:\Users\User\.m2\repository\org\seleniumhq\selenium\selenium-edge-driver\3.141.59\selenium-edge-driver-3.141.59.jar:C:\Users\User\.m2\repository\org\seleniumhq\selenium\selenium-firefox-driver\3.141.59\selenium-firefox-driver-3.141.59.jar:C:\Users\User\.m2\repository\org\seleniumhq\selenium\selenium-ie-driver\3.141.59\selenium-ie-driver-3.141.59.jar:C:\Users\User\.m2\repository\org\seleniumhq\selenium\selenium-opera-driver\3.141.59\selenium-opera-driver-3.141.59.jar:C:\Users\User\.m2\repository\org\seleniumhq\selenium\selenium-remote-driver\3.141.59\selenium-remote-driver-3.141.59.jar:C:\Users\User\.m2\repository\org\seleniumhq\selenium\selenium-safari-driver\3.141.59\selenium-safari-driver-3.141.59.jar:C:\Users\User\.m2\repository\org\seleniumhq\selenium\selenium-support\3.141.59\selenium-support-3.141.59.jar:C:\Users\User\.m2\repository\net\bytebuddy\byte-buddy\1.8.15\byte-buddy-1.8.15.jar:C:\Users\User\.m2\repository\org\apache\commons\commons-exec\1.3\commons-exec-1.3.jar:C:\Users\User\.m2\repository\com\google\guava\guava\25.0-jre\guava-25.0-jre.jar:C:\Users\User\.m2\repository\com\google\code\findbugs\jsr305\1.3.9\jsr305-1.3.9.jar:C:\Users\User\.m2\repository\org\checkerframework\checker-compat-qual\2.0.0\checker-compat-qual-2.0.0.jar:C:\Users\User\.m2\repository\com\google\errorprone\error_prone_annotations\2.1.3\error_prone_annotations-2.1.3.jar:C:\Users\User\.m2\repository\com\google\j2objc\j2objc-annotations\1.1\j2objc-annotations-1.1.jar:C:\Users\User\.m2\repository\org\codehaus\mojo\animal-sniffer-annotations\1.14\animal-sniffer-annotations-1.14.jar:C:\Users\User\.m2\repository\com\squareup\okhttp3\okhttp\3.11.0\okhttp-3.11.0.jar:C:\Users\User\.m2\repository\com\squareup\okio\okio\1.14.0\okio-1.14.0.jar:C:\Users\User\.m2\repository\org\testng\testng\6.14.3\testng-6.14.3.jar:C:\Users\User\.m2\repository\com\beust\jcommander\1.72\jcommander-1.72.jar:C:\Users\User\.m2\repository\org\apache-extras\beanshell\bsh\2.0b6\bsh-2.0b6.jar:C:\Users\User\.m2\repository\commons-io\commons-io\2.4\commons-io-2.4.jar:C:\Users\User\.m2\repository\org\apache\poi\poi\3.17\poi-3.17.jar:C:\Users\User\.m2\repository\commons-codec\commons-codec\1.10\commons-codec-1.10.jar:C:\Users\User\.m2\repository\org\apache\commons\commons-collections4\4.1\commons-collections4-4.1.jar:C:\Users\User\.m2\repository\org\apache\poi\poi-ooxml\3.17\poi-ooxml-3.17.jar:C:\Users\User\.m2\repository\org\apache\poi\poi-ooxml-schemas\3.17\poi-ooxml-schemas-3.17.jar:C:\Users\User\.m2\repository\org\apache\xmlbeans\xmlbeans\2.6.0\xmlbeans-2.6.0.jar:C:\Users\User\.m2\repository\stax\stax-api\1.0.1\stax-api-1.0.1.jar:C:\Users\User\.m2\repository\com\github\virtuald\curvesapi\1.04\curvesapi-1.04.jar:C:\Users\User\.m2\repository\junit\junit\3.8.1\junit-3.8.1.jar org.testng.remote.RemoteTestNG -serport 53224 -protocol json -d C:\Users\User\Desktop\comprehensive\Hybrid\test-output C:\Users\User\AppData\Local\Temp\testng-eclipse--2080411080\testng-customsuite.xml

!ENTRY org.testng.eclipse 1 0 2021-09-25 19:50:24.407
!MESSAGE [TestNGLaunchConfigurationDelegate] Launching:
  Classpath: E:\eclipse\java-2021-065\eclipse\configuration\org.eclipse.osgi\466\0\.cp\lib\testng-remote.jar C:\Users\User\Desktop\comprehensive\Hybrid\target\test-classes C:\Users\User\Desktop\comprehensive\Hybrid\target\classes C:\Users\User\.m2\repository\org\apache\logging\log4j\log4j-api\2.14.1\log4j-api-2.14.1.jar C:\Users\User\.m2\repository\org\apache\logging\log4j\log4j-core\2.14.1\log4j-core-2.14.1.jar C:\Users\User\.m2\repository\org\seleniumhq\selenium\selenium-java\3.141.59\selenium-java-3.141.59.jar C:\Users\User\.m2\repository\org\seleniumhq\selenium\selenium-api\3.141.59\selenium-api-3.141.59.jar C:\Users\User\.m2\repository\org\seleniumhq\selenium\selenium-chrome-driver\3.141.59\selenium-chrome-driver-3.141.59.jar C:\Users\User\.m2\repository\org\seleniumhq\selenium\selenium-edge-driver\3.141.59\selenium-edge-driver-3.141.59.jar C:\Users\User\.m2\repository\org\seleniumhq\selenium\selenium-firefox-driver\3.141.59\selenium-firefox-driver-3.141.59.jar C:\Users\User\.m2\repository\org\seleniumhq\selenium\selenium-ie-driver\3.141.59\selenium-ie-driver-3.141.59.jar C:\Users\User\.m2\repository\org\seleniumhq\selenium\selenium-opera-driver\3.141.59\selenium-opera-driver-3.141.59.jar C:\Users\User\.m2\repository\org\seleniumhq\selenium\selenium-remote-driver\3.141.59\selenium-remote-driver-3.141.59.jar C:\Users\User\.m2\repository\org\seleniumhq\selenium\selenium-safari-driver\3.141.59\selenium-safari-driver-3.141.59.jar C:\Users\User\.m2\repository\org\seleniumhq\selenium\selenium-support\3.141.59\selenium-support-3.141.59.jar C:\Users\User\.m2\repository\net\bytebuddy\byte-buddy\1.8.15\byte-buddy-1.8.15.jar C:\Users\User\.m2\repository\org\apache\commons\commons-exec\1.3\commons-exec-1.3.jar C:\Users\User\.m2\repository\com\google\guava\guava\25.0-jre\guava-25.0-jre.jar C:\Users\User\.m2\repository\com\google\code\findbugs\jsr305\1.3.9\jsr305-1.3.9.jar C:\Users\User\.m2\repository\org\checkerframework\checker-compat-qual\2.0.0\checker-compat-qual-2.0.0.jar C:\Users\User\.m2\repository\com\google\errorprone\error_prone_annotations\2.1.3\error_prone_annotations-2.1.3.jar C:\Users\User\.m2\repository\com\google\j2objc\j2objc-annotations\1.1\j2objc-annotations-1.1.jar C:\Users\User\.m2\repository\org\codehaus\mojo\animal-sniffer-annotations\1.14\animal-sniffer-annotations-1.14.jar C:\Users\User\.m2\repository\com\squareup\okhttp3\okhttp\3.11.0\okhttp-3.11.0.jar C:\Users\User\.m2\repository\com\squareup\okio\okio\1.14.0\okio-1.14.0.jar C:\Users\User\.m2\repository\org\testng\testng\6.14.3\testng-6.14.3.jar C:\Users\User\.m2\repository\com\beust\jcommander\1.72\jcommander-1.72.jar C:\Users\User\.m2\repository\org\apache-extras\beanshell\bsh\2.0b6\bsh-2.0b6.jar C:\Users\User\.m2\repository\commons-io\commons-io\2.4\commons-io-2.4.jar C:\Users\User\.m2\repository\org\apache\poi\poi\3.17\poi-3.17.jar C:\Users\User\.m2\repository\commons-codec\commons-codec\1.10\commons-codec-1.10.jar C:\Users\User\.m2\repository\org\apache\commons\commons-collections4\4.1\commons-collections4-4.1.jar C:\Users\User\.m2\repository\org\apache\poi\poi-ooxml\3.17\poi-ooxml-3.17.jar C:\Users\User\.m2\repository\org\apache\poi\poi-ooxml-schemas\3.17\poi-ooxml-schemas-3.17.jar C:\Users\User\.m2\repository\org\apache\xmlbeans\xmlbeans\2.6.0\xmlbeans-2.6.0.jar C:\Users\User\.m2\repository\stax\stax-api\1.0.1\stax-api-1.0.1.jar C:\Users\User\.m2\repository\com\github\virtuald\curvesapi\1.04\curvesapi-1.04.jar C:\Users\User\.m2\repository\junit\junit\3.8.1\junit-3.8.1.jar
  VMArgs:    -ea
  Class:     org.testng.remote.RemoteTestNG
  Args:      -serport 61338 -protocol json -d C:\Users\User\Desktop\comprehensive\Hybrid\test-output C:\Users\User\AppData\Local\Temp\testng-eclipse--963892198\testng-customsuite.xml
java -ea -classpath E:\eclipse\java-2021-065\eclipse\configuration\org.eclipse.osgi\466\0\.cp\lib\testng-remote.jar:C:\Users\User\Desktop\comprehensive\Hybrid\target\test-classes:C:\Users\User\Desktop\comprehensive\Hybrid\target\classes:C:\Users\User\.m2\repository\org\apache\logging\log4j\log4j-api\2.14.1\log4j-api-2.14.1.jar:C:\Users\User\.m2\repository\org\apache\logging\log4j\log4j-core\2.14.1\log4j-core-2.14.1.jar:C:\Users\User\.m2\repository\org\seleniumhq\selenium\selenium-java\3.141.59\selenium-java-3.141.59.jar:C:\Users\User\.m2\repository\org\seleniumhq\selenium\selenium-api\3.141.59\selenium-api-3.141.59.jar:C:\Users\User\.m2\repository\org\seleniumhq\selenium\selenium-chrome-driver\3.141.59\selenium-chrome-driver-3.141.59.jar:C:\Users\User\.m2\repository\org\seleniumhq\selenium\selenium-edge-driver\3.141.59\selenium-edge-driver-3.141.59.jar:C:\Users\User\.m2\repository\org\seleniumhq\selenium\selenium-firefox-driver\3.141.59\selenium-firefox-driver-3.141.59.jar:C:\Users\User\.m2\repository\org\seleniumhq\selenium\selenium-ie-driver\3.141.59\selenium-ie-driver-3.141.59.jar:C:\Users\User\.m2\repository\org\seleniumhq\selenium\selenium-opera-driver\3.141.59\selenium-opera-driver-3.141.59.jar:C:\Users\User\.m2\repository\org\seleniumhq\selenium\selenium-remote-driver\3.141.59\selenium-remote-driver-3.141.59.jar:C:\Users\User\.m2\repository\org\seleniumhq\selenium\selenium-safari-driver\3.141.59\selenium-safari-driver-3.141.59.jar:C:\Users\User\.m2\repository\org\seleniumhq\selenium\selenium-support\3.141.59\selenium-support-3.141.59.jar:C:\Users\User\.m2\repository\net\bytebuddy\byte-buddy\1.8.15\byte-buddy-1.8.15.jar:C:\Users\User\.m2\repository\org\apache\commons\commons-exec\1.3\commons-exec-1.3.jar:C:\Users\User\.m2\repository\com\google\guava\guava\25.0-jre\guava-25.0-jre.jar:C:\Users\User\.m2\repository\com\google\code\findbugs\jsr305\1.3.9\jsr305-1.3.9.jar:C:\Users\User\.m2\repository\org\checkerframework\checker-compat-qual\2.0.0\checker-compat-qual-2.0.0.jar:C:\Users\User\.m2\repository\com\google\errorprone\error_prone_annotations\2.1.3\error_prone_annotations-2.1.3.jar:C:\Users\User\.m2\repository\com\google\j2objc\j2objc-annotations\1.1\j2objc-annotations-1.1.jar:C:\Users\User\.m2\repository\org\codehaus\mojo\animal-sniffer-annotations\1.14\animal-sniffer-annotations-1.14.jar:C:\Users\User\.m2\repository\com\squareup\okhttp3\okhttp\3.11.0\okhttp-3.11.0.jar:C:\Users\User\.m2\repository\com\squareup\okio\okio\1.14.0\okio-1.14.0.jar:C:\Users\User\.m2\repository\org\testng\testng\6.14.3\testng-6.14.3.jar:C:\Users\User\.m2\repository\com\beust\jcommander\1.72\jcommander-1.72.jar:C:\Users\User\.m2\repository\org\apache-extras\beanshell\bsh\2.0b6\bsh-2.0b6.jar:C:\Users\User\.m2\repository\commons-io\commons-io\2.4\commons-io-2.4.jar:C:\Users\User\.m2\repository\org\apache\poi\poi\3.17\poi-3.17.jar:C:\Users\User\.m2\repository\commons-codec\commons-codec\1.10\commons-codec-1.10.jar:C:\Users\User\.m2\repository\org\apache\commons\commons-collections4\4.1\commons-collections4-4.1.jar:C:\Users\User\.m2\repository\org\apache\poi\poi-ooxml\3.17\poi-ooxml-3.17.jar:C:\Users\User\.m2\repository\org\apache\poi\poi-ooxml-schemas\3.17\poi-ooxml-schemas-3.17.jar:C:\Users\User\.m2\repository\org\apache\xmlbeans\xmlbeans\2.6.0\xmlbeans-2.6.0.jar:C:\Users\User\.m2\repository\stax\stax-api\1.0.1\stax-api-1.0.1.jar:C:\Users\User\.m2\repository\com\github\virtuald\curvesapi\1.04\curvesapi-1.04.jar:C:\Users\User\.m2\repository\junit\junit\3.8.1\junit-3.8.1.jar org.testng.remote.RemoteTestNG -serport 61338 -protocol json -d C:\Users\User\Desktop\comprehensive\Hybrid\test-output C:\Users\User\AppData\Local\Temp\testng-eclipse--963892198\testng-customsuite.xml

!ENTRY org.testng.eclipse 1 0 2021-09-25 19:51:29.555
!MESSAGE [TestNGLaunchConfigurationDelegate] Launching:
  Classpath: E:\eclipse\java-2021-065\eclipse\configuration\org.eclipse.osgi\466\0\.cp\lib\testng-remote.jar C:\Users\User\Desktop\comprehensive\Hybrid\target\test-classes C:\Users\User\Desktop\comprehensive\Hybrid\target\classes C:\Users\User\.m2\repository\org\apache\logging\log4j\log4j-api\2.14.1\log4j-api-2.14.1.jar C:\Users\User\.m2\repository\org\apache\logging\log4j\log4j-core\2.14.1\log4j-core-2.14.1.jar C:\Users\User\.m2\repository\org\seleniumhq\selenium\selenium-java\3.141.59\selenium-java-3.141.59.jar C:\Users\User\.m2\repository\org\seleniumhq\selenium\selenium-api\3.141.59\selenium-api-3.141.59.jar C:\Users\User\.m2\repository\org\seleniumhq\selenium\selenium-chrome-driver\3.141.59\selenium-chrome-driver-3.141.59.jar C:\Users\User\.m2\repository\org\seleniumhq\selenium\selenium-edge-driver\3.141.59\selenium-edge-driver-3.141.59.jar C:\Users\User\.m2\repository\org\seleniumhq\selenium\selenium-firefox-driver\3.141.59\selenium-firefox-driver-3.141.59.jar C:\Users\User\.m2\repository\org\seleniumhq\selenium\selenium-ie-driver\3.141.59\selenium-ie-driver-3.141.59.jar C:\Users\User\.m2\repository\org\seleniumhq\selenium\selenium-opera-driver\3.141.59\selenium-opera-driver-3.141.59.jar C:\Users\User\.m2\repository\org\seleniumhq\selenium\selenium-remote-driver\3.141.59\selenium-remote-driver-3.141.59.jar C:\Users\User\.m2\repository\org\seleniumhq\selenium\selenium-safari-driver\3.141.59\selenium-safari-driver-3.141.59.jar C:\Users\User\.m2\repository\org\seleniumhq\selenium\selenium-support\3.141.59\selenium-support-3.141.59.jar C:\Users\User\.m2\repository\net\bytebuddy\byte-buddy\1.8.15\byte-buddy-1.8.15.jar C:\Users\User\.m2\repository\org\apache\commons\commons-exec\1.3\commons-exec-1.3.jar C:\Users\User\.m2\repository\com\google\guava\guava\25.0-jre\guava-25.0-jre.jar C:\Users\User\.m2\repository\com\google\code\findbugs\jsr305\1.3.9\jsr305-1.3.9.jar C:\Users\User\.m2\repository\org\checkerframework\checker-compat-qual\2.0.0\checker-compat-qual-2.0.0.jar C:\Users\User\.m2\repository\com\google\errorprone\error_prone_annotations\2.1.3\error_prone_annotations-2.1.3.jar C:\Users\User\.m2\repository\com\google\j2objc\j2objc-annotations\1.1\j2objc-annotations-1.1.jar C:\Users\User\.m2\repository\org\codehaus\mojo\animal-sniffer-annotations\1.14\animal-sniffer-annotations-1.14.jar C:\Users\User\.m2\repository\com\squareup\okhttp3\okhttp\3.11.0\okhttp-3.11.0.jar C:\Users\User\.m2\repository\com\squareup\okio\okio\1.14.0\okio-1.14.0.jar C:\Users\User\.m2\repository\org\testng\testng\6.14.3\testng-6.14.3.jar C:\Users\User\.m2\repository\com\beust\jcommander\1.72\jcommander-1.72.jar C:\Users\User\.m2\repository\org\apache-extras\beanshell\bsh\2.0b6\bsh-2.0b6.jar C:\Users\User\.m2\repository\commons-io\commons-io\2.4\commons-io-2.4.jar C:\Users\User\.m2\repository\org\apache\poi\poi\3.17\poi-3.17.jar C:\Users\User\.m2\repository\commons-codec\commons-codec\1.10\commons-codec-1.10.jar C:\Users\User\.m2\repository\org\apache\commons\commons-collections4\4.1\commons-collections4-4.1.jar C:\Users\User\.m2\repository\org\apache\poi\poi-ooxml\3.17\poi-ooxml-3.17.jar C:\Users\User\.m2\repository\org\apache\poi\poi-ooxml-schemas\3.17\poi-ooxml-schemas-3.17.jar C:\Users\User\.m2\repository\org\apache\xmlbeans\xmlbeans\2.6.0\xmlbeans-2.6.0.jar C:\Users\User\.m2\repository\stax\stax-api\1.0.1\stax-api-1.0.1.jar C:\Users\User\.m2\repository\com\github\virtuald\curvesapi\1.04\curvesapi-1.04.jar C:\Users\User\.m2\repository\junit\junit\3.8.1\junit-3.8.1.jar
  VMArgs:    -ea
  Class:     org.testng.remote.RemoteTestNG
  Args:      -serport 54778 -protocol json -d C:\Users\User\Desktop\comprehensive\Hybrid\test-output C:\Users\User\AppData\Local\Temp\testng-eclipse--1278708743\testng-customsuite.xml
java -ea -classpath E:\eclipse\java-2021-065\eclipse\configuration\org.eclipse.osgi\466\0\.cp\lib\testng-remote.jar:C:\Users\User\Desktop\comprehensive\Hybrid\target\test-classes:C:\Users\User\Desktop\comprehensive\Hybrid\target\classes:C:\Users\User\.m2\repository\org\apache\logging\log4j\log4j-api\2.14.1\log4j-api-2.14.1.jar:C:\Users\User\.m2\repository\org\apache\logging\log4j\log4j-core\2.14.1\log4j-core-2.14.1.jar:C:\Users\User\.m2\repository\org\seleniumhq\selenium\selenium-java\3.141.59\selenium-java-3.141.59.jar:C:\Users\User\.m2\repository\org\seleniumhq\selenium\selenium-api\3.141.59\selenium-api-3.141.59.jar:C:\Users\User\.m2\repository\org\seleniumhq\selenium\selenium-chrome-driver\3.141.59\selenium-chrome-driver-3.141.59.jar:C:\Users\User\.m2\repository\org\seleniumhq\selenium\selenium-edge-driver\3.141.59\selenium-edge-driver-3.141.59.jar:C:\Users\User\.m2\repository\org\seleniumhq\selenium\selenium-firefox-driver\3.141.59\selenium-firefox-driver-3.141.59.jar:C:\Users\User\.m2\repository\org\seleniumhq\selenium\selenium-ie-driver\3.141.59\selenium-ie-driver-3.141.59.jar:C:\Users\User\.m2\repository\org\seleniumhq\selenium\selenium-opera-driver\3.141.59\selenium-opera-driver-3.141.59.jar:C:\Users\User\.m2\repository\org\seleniumhq\selenium\selenium-remote-driver\3.141.59\selenium-remote-driver-3.141.59.jar:C:\Users\User\.m2\repository\org\seleniumhq\selenium\selenium-safari-driver\3.141.59\selenium-safari-driver-3.141.59.jar:C:\Users\User\.m2\repository\org\seleniumhq\selenium\selenium-support\3.141.59\selenium-support-3.141.59.jar:C:\Users\User\.m2\repository\net\bytebuddy\byte-buddy\1.8.15\byte-buddy-1.8.15.jar:C:\Users\User\.m2\repository\org\apache\commons\commons-exec\1.3\commons-exec-1.3.jar:C:\Users\User\.m2\repository\com\google\guava\guava\25.0-jre\guava-25.0-jre.jar:C:\Users\User\.m2\repository\com\google\code\findbugs\jsr305\1.3.9\jsr305-1.3.9.jar:C:\Users\User\.m2\repository\org\checkerframework\checker-compat-qual\2.0.0\checker-compat-qual-2.0.0.jar:C:\Users\User\.m2\repository\com\google\errorprone\error_prone_annotations\2.1.3\error_prone_annotations-2.1.3.jar:C:\Users\User\.m2\repository\com\google\j2objc\j2objc-annotations\1.1\j2objc-annotations-1.1.jar:C:\Users\User\.m2\repository\org\codehaus\mojo\animal-sniffer-annotations\1.14\animal-sniffer-annotations-1.14.jar:C:\Users\User\.m2\repository\com\squareup\okhttp3\okhttp\3.11.0\okhttp-3.11.0.jar:C:\Users\User\.m2\repository\com\squareup\okio\okio\1.14.0\okio-1.14.0.jar:C:\Users\User\.m2\repository\org\testng\testng\6.14.3\testng-6.14.3.jar:C:\Users\User\.m2\repository\com\beust\jcommander\1.72\jcommander-1.72.jar:C:\Users\User\.m2\repository\org\apache-extras\beanshell\bsh\2.0b6\bsh-2.0b6.jar:C:\Users\User\.m2\repository\commons-io\commons-io\2.4\commons-io-2.4.jar:C:\Users\User\.m2\repository\org\apache\poi\poi\3.17\poi-3.17.jar:C:\Users\User\.m2\repository\commons-codec\commons-codec\1.10\commons-codec-1.10.jar:C:\Users\User\.m2\repository\org\apache\commons\commons-collections4\4.1\commons-collections4-4.1.jar:C:\Users\User\.m2\repository\org\apache\poi\poi-ooxml\3.17\poi-ooxml-3.17.jar:C:\Users\User\.m2\repository\org\apache\poi\poi-ooxml-schemas\3.17\poi-ooxml-schemas-3.17.jar:C:\Users\User\.m2\repository\org\apache\xmlbeans\xmlbeans\2.6.0\xmlbeans-2.6.0.jar:C:\Users\User\.m2\repository\stax\stax-api\1.0.1\stax-api-1.0.1.jar:C:\Users\User\.m2\repository\com\github\virtuald\curvesapi\1.04\curvesapi-1.04.jar:C:\Users\User\.m2\repository\junit\junit\3.8.1\junit-3.8.1.jar org.testng.remote.RemoteTestNG -serport 54778 -protocol json -d C:\Users\User\Desktop\comprehensive\Hybrid\test-output C:\Users\User\AppData\Local\Temp\testng-eclipse--1278708743\testng-customsuite.xml

!ENTRY org.testng.eclipse 1 0 2021-09-25 19:53:04.777
!MESSAGE [TestNGLaunchConfigurationDelegate] Launching:
  Classpath: E:\eclipse\java-2021-065\eclipse\configuration\org.eclipse.osgi\466\0\.cp\lib\testng-remote.jar C:\Users\User\Desktop\comprehensive\Hybrid\target\test-classes C:\Users\User\Desktop\comprehensive\Hybrid\target\classes C:\Users\User\.m2\repository\org\apache\logging\log4j\log4j-api\2.14.1\log4j-api-2.14.1.jar C:\Users\User\.m2\repository\org\apache\logging\log4j\log4j-core\2.14.1\log4j-core-2.14.1.jar C:\Users\User\.m2\repository\org\seleniumhq\selenium\selenium-java\3.141.59\selenium-java-3.141.59.jar C:\Users\User\.m2\repository\org\seleniumhq\selenium\selenium-api\3.141.59\selenium-api-3.141.59.jar C:\Users\User\.m2\repository\org\seleniumhq\selenium\selenium-chrome-driver\3.141.59\selenium-chrome-driver-3.141.59.jar C:\Users\User\.m2\repository\org\seleniumhq\selenium\selenium-edge-driver\3.141.59\selenium-edge-driver-3.141.59.jar C:\Users\User\.m2\repository\org\seleniumhq\selenium\selenium-firefox-driver\3.141.59\selenium-firefox-driver-3.141.59.jar C:\Users\User\.m2\repository\org\seleniumhq\selenium\selenium-ie-driver\3.141.59\selenium-ie-driver-3.141.59.jar C:\Users\User\.m2\repository\org\seleniumhq\selenium\selenium-opera-driver\3.141.59\selenium-opera-driver-3.141.59.jar C:\Users\User\.m2\repository\org\seleniumhq\selenium\selenium-remote-driver\3.141.59\selenium-remote-driver-3.141.59.jar C:\Users\User\.m2\repository\org\seleniumhq\selenium\selenium-safari-driver\3.141.59\selenium-safari-driver-3.141.59.jar C:\Users\User\.m2\repository\org\seleniumhq\selenium\selenium-support\3.141.59\selenium-support-3.141.59.jar C:\Users\User\.m2\repository\net\bytebuddy\byte-buddy\1.8.15\byte-buddy-1.8.15.jar C:\Users\User\.m2\repository\org\apache\commons\commons-exec\1.3\commons-exec-1.3.jar C:\Users\User\.m2\repository\com\google\guava\guava\25.0-jre\guava-25.0-jre.jar C:\Users\User\.m2\repository\com\google\code\findbugs\jsr305\1.3.9\jsr305-1.3.9.jar C:\Users\User\.m2\repository\org\checkerframework\checker-compat-qual\2.0.0\checker-compat-qual-2.0.0.jar C:\Users\User\.m2\repository\com\google\errorprone\error_prone_annotations\2.1.3\error_prone_annotations-2.1.3.jar C:\Users\User\.m2\repository\com\google\j2objc\j2objc-annotations\1.1\j2objc-annotations-1.1.jar C:\Users\User\.m2\repository\org\codehaus\mojo\animal-sniffer-annotations\1.14\animal-sniffer-annotations-1.14.jar C:\Users\User\.m2\repository\com\squareup\okhttp3\okhttp\3.11.0\okhttp-3.11.0.jar C:\Users\User\.m2\repository\com\squareup\okio\okio\1.14.0\okio-1.14.0.jar C:\Users\User\.m2\repository\org\testng\testng\6.14.3\testng-6.14.3.jar C:\Users\User\.m2\repository\com\beust\jcommander\1.72\jcommander-1.72.jar C:\Users\User\.m2\repository\org\apache-extras\beanshell\bsh\2.0b6\bsh-2.0b6.jar C:\Users\User\.m2\repository\commons-io\commons-io\2.4\commons-io-2.4.jar C:\Users\User\.m2\repository\org\apache\poi\poi\3.17\poi-3.17.jar C:\Users\User\.m2\repository\commons-codec\commons-codec\1.10\commons-codec-1.10.jar C:\Users\User\.m2\repository\org\apache\commons\commons-collections4\4.1\commons-collections4-4.1.jar C:\Users\User\.m2\repository\org\apache\poi\poi-ooxml\3.17\poi-ooxml-3.17.jar C:\Users\User\.m2\repository\org\apache\poi\poi-ooxml-schemas\3.17\poi-ooxml-schemas-3.17.jar C:\Users\User\.m2\repository\org\apache\xmlbeans\xmlbeans\2.6.0\xmlbeans-2.6.0.jar C:\Users\User\.m2\repository\stax\stax-api\1.0.1\stax-api-1.0.1.jar C:\Users\User\.m2\repository\com\github\virtuald\curvesapi\1.04\curvesapi-1.04.jar C:\Users\User\.m2\repository\junit\junit\3.8.1\junit-3.8.1.jar
  VMArgs:    -ea
  Class:     org.testng.remote.RemoteTestNG
  Args:      -serport 61678 -protocol json -d C:\Users\User\Desktop\comprehensive\Hybrid\test-output C:\Users\User\AppData\Local\Temp\testng-eclipse-770818000\testng-customsuite.xml
java -ea -classpath E:\eclipse\java-2021-065\eclipse\configuration\org.eclipse.osgi\466\0\.cp\lib\testng-remote.jar:C:\Users\User\Desktop\comprehensive\Hybrid\target\test-classes:C:\Users\User\Desktop\comprehensive\Hybrid\target\classes:C:\Users\User\.m2\repository\org\apache\logging\log4j\log4j-api\2.14.1\log4j-api-2.14.1.jar:C:\Users\User\.m2\repository\org\apache\logging\log4j\log4j-core\2.14.1\log4j-core-2.14.1.jar:C:\Users\User\.m2\repository\org\seleniumhq\selenium\selenium-java\3.141.59\selenium-java-3.141.59.jar:C:\Users\User\.m2\repository\org\seleniumhq\selenium\selenium-api\3.141.59\selenium-api-3.141.59.jar:C:\Users\User\.m2\repository\org\seleniumhq\selenium\selenium-chrome-driver\3.141.59\selenium-chrome-driver-3.141.59.jar:C:\Users\User\.m2\repository\org\seleniumhq\selenium\selenium-edge-driver\3.141.59\selenium-edge-driver-3.141.59.jar:C:\Users\User\.m2\repository\org\seleniumhq\selenium\selenium-firefox-driver\3.141.59\selenium-firefox-driver-3.141.59.jar:C:\Users\User\.m2\repository\org\seleniumhq\selenium\selenium-ie-driver\3.141.59\selenium-ie-driver-3.141.59.jar:C:\Users\User\.m2\repository\org\seleniumhq\selenium\selenium-opera-driver\3.141.59\selenium-opera-driver-3.141.59.jar:C:\Users\User\.m2\repository\org\seleniumhq\selenium\selenium-remote-driver\3.141.59\selenium-remote-driver-3.141.59.jar:C:\Users\User\.m2\repository\org\seleniumhq\selenium\selenium-safari-driver\3.141.59\selenium-safari-driver-3.141.59.jar:C:\Users\User\.m2\repository\org\seleniumhq\selenium\selenium-support\3.141.59\selenium-support-3.141.59.jar:C:\Users\User\.m2\repository\net\bytebuddy\byte-buddy\1.8.15\byte-buddy-1.8.15.jar:C:\Users\User\.m2\repository\org\apache\commons\commons-exec\1.3\commons-exec-1.3.jar:C:\Users\User\.m2\repository\com\google\guava\guava\25.0-jre\guava-25.0-jre.jar:C:\Users\User\.m2\repository\com\google\code\findbugs\jsr305\1.3.9\jsr305-1.3.9.jar:C:\Users\User\.m2\repository\org\checkerframework\checker-compat-qual\2.0.0\checker-compat-qual-2.0.0.jar:C:\Users\User\.m2\repository\com\google\errorprone\error_prone_annotations\2.1.3\error_prone_annotations-2.1.3.jar:C:\Users\User\.m2\repository\com\google\j2objc\j2objc-annotations\1.1\j2objc-annotations-1.1.jar:C:\Users\User\.m2\repository\org\codehaus\mojo\animal-sniffer-annotations\1.14\animal-sniffer-annotations-1.14.jar:C:\Users\User\.m2\repository\com\squareup\okhttp3\okhttp\3.11.0\okhttp-3.11.0.jar:C:\Users\User\.m2\repository\com\squareup\okio\okio\1.14.0\okio-1.14.0.jar:C:\Users\User\.m2\repository\org\testng\testng\6.14.3\testng-6.14.3.jar:C:\Users\User\.m2\repository\com\beust\jcommander\1.72\jcommander-1.72.jar:C:\Users\User\.m2\repository\org\apache-extras\beanshell\bsh\2.0b6\bsh-2.0b6.jar:C:\Users\User\.m2\repository\commons-io\commons-io\2.4\commons-io-2.4.jar:C:\Users\User\.m2\repository\org\apache\poi\poi\3.17\poi-3.17.jar:C:\Users\User\.m2\repository\commons-codec\commons-codec\1.10\commons-codec-1.10.jar:C:\Users\User\.m2\repository\org\apache\commons\commons-collections4\4.1\commons-collections4-4.1.jar:C:\Users\User\.m2\repository\org\apache\poi\poi-ooxml\3.17\poi-ooxml-3.17.jar:C:\Users\User\.m2\repository\org\apache\poi\poi-ooxml-schemas\3.17\poi-ooxml-schemas-3.17.jar:C:\Users\User\.m2\repository\org\apache\xmlbeans\xmlbeans\2.6.0\xmlbeans-2.6.0.jar:C:\Users\User\.m2\repository\stax\stax-api\1.0.1\stax-api-1.0.1.jar:C:\Users\User\.m2\repository\com\github\virtuald\curvesapi\1.04\curvesapi-1.04.jar:C:\Users\User\.m2\repository\junit\junit\3.8.1\junit-3.8.1.jar org.testng.remote.RemoteTestNG -serport 61678 -protocol json -d C:\Users\User\Desktop\comprehensive\Hybrid\test-output C:\Users\User\AppData\Local\Temp\testng-eclipse-770818000\testng-customsuite.xml

!ENTRY org.testng.eclipse 1 0 2021-09-25 19:54:14.591
!MESSAGE [TestNGLaunchConfigurationDelegate] Launching:
  Classpath: E:\eclipse\java-2021-065\eclipse\configuration\org.eclipse.osgi\466\0\.cp\lib\testng-remote.jar C:\Users\User\Desktop\comprehensive\Hybrid\target\test-classes C:\Users\User\Desktop\comprehensive\Hybrid\target\classes C:\Users\User\.m2\repository\org\apache\logging\log4j\log4j-api\2.14.1\log4j-api-2.14.1.jar C:\Users\User\.m2\repository\org\apache\logging\log4j\log4j-core\2.14.1\log4j-core-2.14.1.jar C:\Users\User\.m2\repository\org\seleniumhq\selenium\selenium-java\3.141.59\selenium-java-3.141.59.jar C:\Users\User\.m2\repository\org\seleniumhq\selenium\selenium-api\3.141.59\selenium-api-3.141.59.jar C:\Users\User\.m2\repository\org\seleniumhq\selenium\selenium-chrome-driver\3.141.59\selenium-chrome-driver-3.141.59.jar C:\Users\User\.m2\repository\org\seleniumhq\selenium\selenium-edge-driver\3.141.59\selenium-edge-driver-3.141.59.jar C:\Users\User\.m2\repository\org\seleniumhq\selenium\selenium-firefox-driver\3.141.59\selenium-firefox-driver-3.141.59.jar C:\Users\User\.m2\repository\org\seleniumhq\selenium\selenium-ie-driver\3.141.59\selenium-ie-driver-3.141.59.jar C:\Users\User\.m2\repository\org\seleniumhq\selenium\selenium-opera-driver\3.141.59\selenium-opera-driver-3.141.59.jar C:\Users\User\.m2\repository\org\seleniumhq\selenium\selenium-remote-driver\3.141.59\selenium-remote-driver-3.141.59.jar C:\Users\User\.m2\repository\org\seleniumhq\selenium\selenium-safari-driver\3.141.59\selenium-safari-driver-3.141.59.jar C:\Users\User\.m2\repository\org\seleniumhq\selenium\selenium-support\3.141.59\selenium-support-3.141.59.jar C:\Users\User\.m2\repository\net\bytebuddy\byte-buddy\1.8.15\byte-buddy-1.8.15.jar C:\Users\User\.m2\repository\org\apache\commons\commons-exec\1.3\commons-exec-1.3.jar C:\Users\User\.m2\repository\com\google\guava\guava\25.0-jre\guava-25.0-jre.jar C:\Users\User\.m2\repository\com\google\code\findbugs\jsr305\1.3.9\jsr305-1.3.9.jar C:\Users\User\.m2\repository\org\checkerframework\checker-compat-qual\2.0.0\checker-compat-qual-2.0.0.jar C:\Users\User\.m2\repository\com\google\errorprone\error_prone_annotations\2.1.3\error_prone_annotations-2.1.3.jar C:\Users\User\.m2\repository\com\google\j2objc\j2objc-annotations\1.1\j2objc-annotations-1.1.jar C:\Users\User\.m2\repository\org\codehaus\mojo\animal-sniffer-annotations\1.14\animal-sniffer-annotations-1.14.jar C:\Users\User\.m2\repository\com\squareup\okhttp3\okhttp\3.11.0\okhttp-3.11.0.jar C:\Users\User\.m2\repository\com\squareup\okio\okio\1.14.0\okio-1.14.0.jar C:\Users\User\.m2\repository\org\testng\testng\6.14.3\testng-6.14.3.jar C:\Users\User\.m2\repository\com\beust\jcommander\1.72\jcommander-1.72.jar C:\Users\User\.m2\repository\org\apache-extras\beanshell\bsh\2.0b6\bsh-2.0b6.jar C:\Users\User\.m2\repository\commons-io\commons-io\2.4\commons-io-2.4.jar C:\Users\User\.m2\repository\org\apache\poi\poi\3.17\poi-3.17.jar C:\Users\User\.m2\repository\commons-codec\commons-codec\1.10\commons-codec-1.10.jar C:\Users\User\.m2\repository\org\apache\commons\commons-collections4\4.1\commons-collections4-4.1.jar C:\Users\User\.m2\repository\org\apache\poi\poi-ooxml\3.17\poi-ooxml-3.17.jar C:\Users\User\.m2\repository\org\apache\poi\poi-ooxml-schemas\3.17\poi-ooxml-schemas-3.17.jar C:\Users\User\.m2\repository\org\apache\xmlbeans\xmlbeans\2.6.0\xmlbeans-2.6.0.jar C:\Users\User\.m2\repository\stax\stax-api\1.0.1\stax-api-1.0.1.jar C:\Users\User\.m2\repository\com\github\virtuald\curvesapi\1.04\curvesapi-1.04.jar C:\Users\User\.m2\repository\junit\junit\3.8.1\junit-3.8.1.jar
  VMArgs:    -ea
  Class:     org.testng.remote.RemoteTestNG
  Args:      -serport 60860 -protocol json -d C:\Users\User\Desktop\comprehensive\Hybrid\test-output C:\Users\User\AppData\Local\Temp\testng-eclipse-1088928719\testng-customsuite.xml
java -ea -classpath E:\eclipse\java-2021-065\eclipse\configuration\org.eclipse.osgi\466\0\.cp\lib\testng-remote.jar:C:\Users\User\Desktop\comprehensive\Hybrid\target\test-classes:C:\Users\User\Desktop\comprehensive\Hybrid\target\classes:C:\Users\User\.m2\repository\org\apache\logging\log4j\log4j-api\2.14.1\log4j-api-2.14.1.jar:C:\Users\User\.m2\repository\org\apache\logging\log4j\log4j-core\2.14.1\log4j-core-2.14.1.jar:C:\Users\User\.m2\repository\org\seleniumhq\selenium\selenium-java\3.141.59\selenium-java-3.141.59.jar:C:\Users\User\.m2\repository\org\seleniumhq\selenium\selenium-api\3.141.59\selenium-api-3.141.59.jar:C:\Users\User\.m2\repository\org\seleniumhq\selenium\selenium-chrome-driver\3.141.59\selenium-chrome-driver-3.141.59.jar:C:\Users\User\.m2\repository\org\seleniumhq\selenium\selenium-edge-driver\3.141.59\selenium-edge-driver-3.141.59.jar:C:\Users\User\.m2\repository\org\seleniumhq\selenium\selenium-firefox-driver\3.141.59\selenium-firefox-driver-3.141.59.jar:C:\Users\User\.m2\repository\org\seleniumhq\selenium\selenium-ie-driver\3.141.59\selenium-ie-driver-3.141.59.jar:C:\Users\User\.m2\repository\org\seleniumhq\selenium\selenium-opera-driver\3.141.59\selenium-opera-driver-3.141.59.jar:C:\Users\User\.m2\repository\org\seleniumhq\selenium\selenium-remote-driver\3.141.59\selenium-remote-driver-3.141.59.jar:C:\Users\User\.m2\repository\org\seleniumhq\selenium\selenium-safari-driver\3.141.59\selenium-safari-driver-3.141.59.jar:C:\Users\User\.m2\repository\org\seleniumhq\selenium\selenium-support\3.141.59\selenium-support-3.141.59.jar:C:\Users\User\.m2\repository\net\bytebuddy\byte-buddy\1.8.15\byte-buddy-1.8.15.jar:C:\Users\User\.m2\repository\org\apache\commons\commons-exec\1.3\commons-exec-1.3.jar:C:\Users\User\.m2\repository\com\google\guava\guava\25.0-jre\guava-25.0-jre.jar:C:\Users\User\.m2\repository\com\google\code\findbugs\jsr305\1.3.9\jsr305-1.3.9.jar:C:\Users\User\.m2\repository\org\checkerframework\checker-compat-qual\2.0.0\checker-compat-qual-2.0.0.jar:C:\Users\User\.m2\repository\com\google\errorprone\error_prone_annotations\2.1.3\error_prone_annotations-2.1.3.jar:C:\Users\User\.m2\repository\com\google\j2objc\j2objc-annotations\1.1\j2objc-annotations-1.1.jar:C:\Users\User\.m2\repository\org\codehaus\mojo\animal-sniffer-annotations\1.14\animal-sniffer-annotations-1.14.jar:C:\Users\User\.m2\repository\com\squareup\okhttp3\okhttp\3.11.0\okhttp-3.11.0.jar:C:\Users\User\.m2\repository\com\squareup\okio\okio\1.14.0\okio-1.14.0.jar:C:\Users\User\.m2\repository\org\testng\testng\6.14.3\testng-6.14.3.jar:C:\Users\User\.m2\repository\com\beust\jcommander\1.72\jcommander-1.72.jar:C:\Users\User\.m2\repository\org\apache-extras\beanshell\bsh\2.0b6\bsh-2.0b6.jar:C:\Users\User\.m2\repository\commons-io\commons-io\2.4\commons-io-2.4.jar:C:\Users\User\.m2\repository\org\apache\poi\poi\3.17\poi-3.17.jar:C:\Users\User\.m2\repository\commons-codec\commons-codec\1.10\commons-codec-1.10.jar:C:\Users\User\.m2\repository\org\apache\commons\commons-collections4\4.1\commons-collections4-4.1.jar:C:\Users\User\.m2\repository\org\apache\poi\poi-ooxml\3.17\poi-ooxml-3.17.jar:C:\Users\User\.m2\repository\org\apache\poi\poi-ooxml-schemas\3.17\poi-ooxml-schemas-3.17.jar:C:\Users\User\.m2\repository\org\apache\xmlbeans\xmlbeans\2.6.0\xmlbeans-2.6.0.jar:C:\Users\User\.m2\repository\stax\stax-api\1.0.1\stax-api-1.0.1.jar:C:\Users\User\.m2\repository\com\github\virtuald\curvesapi\1.04\curvesapi-1.04.jar:C:\Users\User\.m2\repository\junit\junit\3.8.1\junit-3.8.1.jar org.testng.remote.RemoteTestNG -serport 60860 -protocol json -d C:\Users\User\Desktop\comprehensive\Hybrid\test-output C:\Users\User\AppData\Local\Temp\testng-eclipse-1088928719\testng-customsuite.xml

!ENTRY org.testng.eclipse 1 0 2021-09-25 19:55:20.558
!MESSAGE [TestNGLaunchConfigurationDelegate] Launching:
  Classpath: E:\eclipse\java-2021-065\eclipse\configuration\org.eclipse.osgi\466\0\.cp\lib\testng-remote.jar C:\Users\User\Desktop\comprehensive\Hybrid\target\test-classes C:\Users\User\Desktop\comprehensive\Hybrid\target\classes C:\Users\User\.m2\repository\org\apache\logging\log4j\log4j-api\2.14.1\log4j-api-2.14.1.jar C:\Users\User\.m2\repository\org\apache\logging\log4j\log4j-core\2.14.1\log4j-core-2.14.1.jar C:\Users\User\.m2\repository\org\seleniumhq\selenium\selenium-java\3.141.59\selenium-java-3.141.59.jar C:\Users\User\.m2\repository\org\seleniumhq\selenium\selenium-api\3.141.59\selenium-api-3.141.59.jar C:\Users\User\.m2\repository\org\seleniumhq\selenium\selenium-chrome-driver\3.141.59\selenium-chrome-driver-3.141.59.jar C:\Users\User\.m2\repository\org\seleniumhq\selenium\selenium-edge-driver\3.141.59\selenium-edge-driver-3.141.59.jar C:\Users\User\.m2\repository\org\seleniumhq\selenium\selenium-firefox-driver\3.141.59\selenium-firefox-driver-3.141.59.jar C:\Users\User\.m2\repository\org\seleniumhq\selenium\selenium-ie-driver\3.141.59\selenium-ie-driver-3.141.59.jar C:\Users\User\.m2\repository\org\seleniumhq\selenium\selenium-opera-driver\3.141.59\selenium-opera-driver-3.141.59.jar C:\Users\User\.m2\repository\org\seleniumhq\selenium\selenium-remote-driver\3.141.59\selenium-remote-driver-3.141.59.jar C:\Users\User\.m2\repository\org\seleniumhq\selenium\selenium-safari-driver\3.141.59\selenium-safari-driver-3.141.59.jar C:\Users\User\.m2\repository\org\seleniumhq\selenium\selenium-support\3.141.59\selenium-support-3.141.59.jar C:\Users\User\.m2\repository\net\bytebuddy\byte-buddy\1.8.15\byte-buddy-1.8.15.jar C:\Users\User\.m2\repository\org\apache\commons\commons-exec\1.3\commons-exec-1.3.jar C:\Users\User\.m2\repository\com\google\guava\guava\25.0-jre\guava-25.0-jre.jar C:\Users\User\.m2\repository\com\google\code\findbugs\jsr305\1.3.9\jsr305-1.3.9.jar C:\Users\User\.m2\repository\org\checkerframework\checker-compat-qual\2.0.0\checker-compat-qual-2.0.0.jar C:\Users\User\.m2\repository\com\google\errorprone\error_prone_annotations\2.1.3\error_prone_annotations-2.1.3.jar C:\Users\User\.m2\repository\com\google\j2objc\j2objc-annotations\1.1\j2objc-annotations-1.1.jar C:\Users\User\.m2\repository\org\codehaus\mojo\animal-sniffer-annotations\1.14\animal-sniffer-annotations-1.14.jar C:\Users\User\.m2\repository\com\squareup\okhttp3\okhttp\3.11.0\okhttp-3.11.0.jar C:\Users\User\.m2\repository\com\squareup\okio\okio\1.14.0\okio-1.14.0.jar C:\Users\User\.m2\repository\org\testng\testng\6.14.3\testng-6.14.3.jar C:\Users\User\.m2\repository\com\beust\jcommander\1.72\jcommander-1.72.jar C:\Users\User\.m2\repository\org\apache-extras\beanshell\bsh\2.0b6\bsh-2.0b6.jar C:\Users\User\.m2\repository\commons-io\commons-io\2.4\commons-io-2.4.jar C:\Users\User\.m2\repository\org\apache\poi\poi\3.17\poi-3.17.jar C:\Users\User\.m2\repository\commons-codec\commons-codec\1.10\commons-codec-1.10.jar C:\Users\User\.m2\repository\org\apache\commons\commons-collections4\4.1\commons-collections4-4.1.jar C:\Users\User\.m2\repository\org\apache\poi\poi-ooxml\3.17\poi-ooxml-3.17.jar C:\Users\User\.m2\repository\org\apache\poi\poi-ooxml-schemas\3.17\poi-ooxml-schemas-3.17.jar C:\Users\User\.m2\repository\org\apache\xmlbeans\xmlbeans\2.6.0\xmlbeans-2.6.0.jar C:\Users\User\.m2\repository\stax\stax-api\1.0.1\stax-api-1.0.1.jar C:\Users\User\.m2\repository\com\github\virtuald\curvesapi\1.04\curvesapi-1.04.jar C:\Users\User\.m2\repository\junit\junit\3.8.1\junit-3.8.1.jar
  VMArgs:    -ea
  Class:     org.testng.remote.RemoteTestNG
  Args:      -serport 51908 -protocol json -d C:\Users\User\Desktop\comprehensive\Hybrid\test-output C:\Users\User\AppData\Local\Temp\testng-eclipse-420093924\testng-customsuite.xml
java -ea -classpath E:\eclipse\java-2021-065\eclipse\configuration\org.eclipse.osgi\466\0\.cp\lib\testng-remote.jar:C:\Users\User\Desktop\comprehensive\Hybrid\target\test-classes:C:\Users\User\Desktop\comprehensive\Hybrid\target\classes:C:\Users\User\.m2\repository\org\apache\logging\log4j\log4j-api\2.14.1\log4j-api-2.14.1.jar:C:\Users\User\.m2\repository\org\apache\logging\log4j\log4j-core\2.14.1\log4j-core-2.14.1.jar:C:\Users\User\.m2\repository\org\seleniumhq\selenium\selenium-java\3.141.59\selenium-java-3.141.59.jar:C:\Users\User\.m2\repository\org\seleniumhq\selenium\selenium-api\3.141.59\selenium-api-3.141.59.jar:C:\Users\User\.m2\repository\org\seleniumhq\selenium\selenium-chrome-driver\3.141.59\selenium-chrome-driver-3.141.59.jar:C:\Users\User\.m2\repository\org\seleniumhq\selenium\selenium-edge-driver\3.141.59\selenium-edge-driver-3.141.59.jar:C:\Users\User\.m2\repository\org\seleniumhq\selenium\selenium-firefox-driver\3.141.59\selenium-firefox-driver-3.141.59.jar:C:\Users\User\.m2\repository\org\seleniumhq\selenium\selenium-ie-driver\3.141.59\selenium-ie-driver-3.141.59.jar:C:\Users\User\.m2\repository\org\seleniumhq\selenium\selenium-opera-driver\3.141.59\selenium-opera-driver-3.141.59.jar:C:\Users\User\.m2\repository\org\seleniumhq\selenium\selenium-remote-driver\3.141.59\selenium-remote-driver-3.141.59.jar:C:\Users\User\.m2\repository\org\seleniumhq\selenium\selenium-safari-driver\3.141.59\selenium-safari-driver-3.141.59.jar:C:\Users\User\.m2\repository\org\seleniumhq\selenium\selenium-support\3.141.59\selenium-support-3.141.59.jar:C:\Users\User\.m2\repository\net\bytebuddy\byte-buddy\1.8.15\byte-buddy-1.8.15.jar:C:\Users\User\.m2\repository\org\apache\commons\commons-exec\1.3\commons-exec-1.3.jar:C:\Users\User\.m2\repository\com\google\guava\guava\25.0-jre\guava-25.0-jre.jar:C:\Users\User\.m2\repository\com\google\code\findbugs\jsr305\1.3.9\jsr305-1.3.9.jar:C:\Users\User\.m2\repository\org\checkerframework\checker-compat-qual\2.0.0\checker-compat-qual-2.0.0.jar:C:\Users\User\.m2\repository\com\google\errorprone\error_prone_annotations\2.1.3\error_prone_annotations-2.1.3.jar:C:\Users\User\.m2\repository\com\google\j2objc\j2objc-annotations\1.1\j2objc-annotations-1.1.jar:C:\Users\User\.m2\repository\org\codehaus\mojo\animal-sniffer-annotations\1.14\animal-sniffer-annotations-1.14.jar:C:\Users\User\.m2\repository\com\squareup\okhttp3\okhttp\3.11.0\okhttp-3.11.0.jar:C:\Users\User\.m2\repository\com\squareup\okio\okio\1.14.0\okio-1.14.0.jar:C:\Users\User\.m2\repository\org\testng\testng\6.14.3\testng-6.14.3.jar:C:\Users\User\.m2\repository\com\beust\jcommander\1.72\jcommander-1.72.jar:C:\Users\User\.m2\repository\org\apache-extras\beanshell\bsh\2.0b6\bsh-2.0b6.jar:C:\Users\User\.m2\repository\commons-io\commons-io\2.4\commons-io-2.4.jar:C:\Users\User\.m2\repository\org\apache\poi\poi\3.17\poi-3.17.jar:C:\Users\User\.m2\repository\commons-codec\commons-codec\1.10\commons-codec-1.10.jar:C:\Users\User\.m2\repository\org\apache\commons\commons-collections4\4.1\commons-collections4-4.1.jar:C:\Users\User\.m2\repository\org\apache\poi\poi-ooxml\3.17\poi-ooxml-3.17.jar:C:\Users\User\.m2\repository\org\apache\poi\poi-ooxml-schemas\3.17\poi-ooxml-schemas-3.17.jar:C:\Users\User\.m2\repository\org\apache\xmlbeans\xmlbeans\2.6.0\xmlbeans-2.6.0.jar:C:\Users\User\.m2\repository\stax\stax-api\1.0.1\stax-api-1.0.1.jar:C:\Users\User\.m2\repository\com\github\virtuald\curvesapi\1.04\curvesapi-1.04.jar:C:\Users\User\.m2\repository\junit\junit\3.8.1\junit-3.8.1.jar org.testng.remote.RemoteTestNG -serport 51908 -protocol json -d C:\Users\User\Desktop\comprehensive\Hybrid\test-output C:\Users\User\AppData\Local\Temp\testng-eclipse-420093924\testng-customsuite.xml

!ENTRY org.testng.eclipse 1 0 2021-09-25 20:00:25.184
!MESSAGE [TestNGLaunchConfigurationDelegate] Launching:
  Classpath: E:\eclipse\java-2021-065\eclipse\configuration\org.eclipse.osgi\466\0\.cp\lib\testng-remote.jar C:\Users\User\Desktop\comprehensive\Hybrid\target\test-classes C:\Users\User\Desktop\comprehensive\Hybrid\target\classes C:\Users\User\.m2\repository\org\apache\logging\log4j\log4j-api\2.14.1\log4j-api-2.14.1.jar C:\Users\User\.m2\repository\org\apache\logging\log4j\log4j-core\2.14.1\log4j-core-2.14.1.jar C:\Users\User\.m2\repository\org\seleniumhq\selenium\selenium-java\3.141.59\selenium-java-3.141.59.jar C:\Users\User\.m2\repository\org\seleniumhq\selenium\selenium-api\3.141.59\selenium-api-3.141.59.jar C:\Users\User\.m2\repository\org\seleniumhq\selenium\selenium-chrome-driver\3.141.59\selenium-chrome-driver-3.141.59.jar C:\Users\User\.m2\repository\org\seleniumhq\selenium\selenium-edge-driver\3.141.59\selenium-edge-driver-3.141.59.jar C:\Users\User\.m2\repository\org\seleniumhq\selenium\selenium-firefox-driver\3.141.59\selenium-firefox-driver-3.141.59.jar C:\Users\User\.m2\repository\org\seleniumhq\selenium\selenium-ie-driver\3.141.59\selenium-ie-driver-3.141.59.jar C:\Users\User\.m2\repository\org\seleniumhq\selenium\selenium-opera-driver\3.141.59\selenium-opera-driver-3.141.59.jar C:\Users\User\.m2\repository\org\seleniumhq\selenium\selenium-remote-driver\3.141.59\selenium-remote-driver-3.141.59.jar C:\Users\User\.m2\repository\org\seleniumhq\selenium\selenium-safari-driver\3.141.59\selenium-safari-driver-3.141.59.jar C:\Users\User\.m2\repository\org\seleniumhq\selenium\selenium-support\3.141.59\selenium-support-3.141.59.jar C:\Users\User\.m2\repository\net\bytebuddy\byte-buddy\1.8.15\byte-buddy-1.8.15.jar C:\Users\User\.m2\repository\org\apache\commons\commons-exec\1.3\commons-exec-1.3.jar C:\Users\User\.m2\repository\com\google\guava\guava\25.0-jre\guava-25.0-jre.jar C:\Users\User\.m2\repository\com\google\code\findbugs\jsr305\1.3.9\jsr305-1.3.9.jar C:\Users\User\.m2\repository\org\checkerframework\checker-compat-qual\2.0.0\checker-compat-qual-2.0.0.jar C:\Users\User\.m2\repository\com\google\errorprone\error_prone_annotations\2.1.3\error_prone_annotations-2.1.3.jar C:\Users\User\.m2\repository\com\google\j2objc\j2objc-annotations\1.1\j2objc-annotations-1.1.jar C:\Users\User\.m2\repository\org\codehaus\mojo\animal-sniffer-annotations\1.14\animal-sniffer-annotations-1.14.jar C:\Users\User\.m2\repository\com\squareup\okhttp3\okhttp\3.11.0\okhttp-3.11.0.jar C:\Users\User\.m2\repository\com\squareup\okio\okio\1.14.0\okio-1.14.0.jar C:\Users\User\.m2\repository\org\testng\testng\6.14.3\testng-6.14.3.jar C:\Users\User\.m2\repository\com\beust\jcommander\1.72\jcommander-1.72.jar C:\Users\User\.m2\repository\org\apache-extras\beanshell\bsh\2.0b6\bsh-2.0b6.jar C:\Users\User\.m2\repository\commons-io\commons-io\2.4\commons-io-2.4.jar C:\Users\User\.m2\repository\org\apache\poi\poi\3.17\poi-3.17.jar C:\Users\User\.m2\repository\commons-codec\commons-codec\1.10\commons-codec-1.10.jar C:\Users\User\.m2\repository\org\apache\commons\commons-collections4\4.1\commons-collections4-4.1.jar C:\Users\User\.m2\repository\org\apache\poi\poi-ooxml\3.17\poi-ooxml-3.17.jar C:\Users\User\.m2\repository\org\apache\poi\poi-ooxml-schemas\3.17\poi-ooxml-schemas-3.17.jar C:\Users\User\.m2\repository\org\apache\xmlbeans\xmlbeans\2.6.0\xmlbeans-2.6.0.jar C:\Users\User\.m2\repository\stax\stax-api\1.0.1\stax-api-1.0.1.jar C:\Users\User\.m2\repository\com\github\virtuald\curvesapi\1.04\curvesapi-1.04.jar C:\Users\User\.m2\repository\junit\junit\3.8.1\junit-3.8.1.jar
  VMArgs:    -ea
  Class:     org.testng.remote.RemoteTestNG
  Args:      -serport 64527 -protocol json -d C:\Users\User\Desktop\comprehensive\Hybrid\test-output C:\Users\User\AppData\Local\Temp\testng-eclipse--365333467\testng-customsuite.xml
java -ea -classpath E:\eclipse\java-2021-065\eclipse\configuration\org.eclipse.osgi\466\0\.cp\lib\testng-remote.jar:C:\Users\User\Desktop\comprehensive\Hybrid\target\test-classes:C:\Users\User\Desktop\comprehensive\Hybrid\target\classes:C:\Users\User\.m2\repository\org\apache\logging\log4j\log4j-api\2.14.1\log4j-api-2.14.1.jar:C:\Users\User\.m2\repository\org\apache\logging\log4j\log4j-core\2.14.1\log4j-core-2.14.1.jar:C:\Users\User\.m2\repository\org\seleniumhq\selenium\selenium-java\3.141.59\selenium-java-3.141.59.jar:C:\Users\User\.m2\repository\org\seleniumhq\selenium\selenium-api\3.141.59\selenium-api-3.141.59.jar:C:\Users\User\.m2\repository\org\seleniumhq\selenium\selenium-chrome-driver\3.141.59\selenium-chrome-driver-3.141.59.jar:C:\Users\User\.m2\repository\org\seleniumhq\selenium\selenium-edge-driver\3.141.59\selenium-edge-driver-3.141.59.jar:C:\Users\User\.m2\repository\org\seleniumhq\selenium\selenium-firefox-driver\3.141.59\selenium-firefox-driver-3.141.59.jar:C:\Users\User\.m2\repository\org\seleniumhq\selenium\selenium-ie-driver\3.141.59\selenium-ie-driver-3.141.59.jar:C:\Users\User\.m2\repository\org\seleniumhq\selenium\selenium-opera-driver\3.141.59\selenium-opera-driver-3.141.59.jar:C:\Users\User\.m2\repository\org\seleniumhq\selenium\selenium-remote-driver\3.141.59\selenium-remote-driver-3.141.59.jar:C:\Users\User\.m2\repository\org\seleniumhq\selenium\selenium-safari-driver\3.141.59\selenium-safari-driver-3.141.59.jar:C:\Users\User\.m2\repository\org\seleniumhq\selenium\selenium-support\3.141.59\selenium-support-3.141.59.jar:C:\Users\User\.m2\repository\net\bytebuddy\byte-buddy\1.8.15\byte-buddy-1.8.15.jar:C:\Users\User\.m2\repository\org\apache\commons\commons-exec\1.3\commons-exec-1.3.jar:C:\Users\User\.m2\repository\com\google\guava\guava\25.0-jre\guava-25.0-jre.jar:C:\Users\User\.m2\repository\com\google\code\findbugs\jsr305\1.3.9\jsr305-1.3.9.jar:C:\Users\User\.m2\repository\org\checkerframework\checker-compat-qual\2.0.0\checker-compat-qual-2.0.0.jar:C:\Users\User\.m2\repository\com\google\errorprone\error_prone_annotations\2.1.3\error_prone_annotations-2.1.3.jar:C:\Users\User\.m2\repository\com\google\j2objc\j2objc-annotations\1.1\j2objc-annotations-1.1.jar:C:\Users\User\.m2\repository\org\codehaus\mojo\animal-sniffer-annotations\1.14\animal-sniffer-annotations-1.14.jar:C:\Users\User\.m2\repository\com\squareup\okhttp3\okhttp\3.11.0\okhttp-3.11.0.jar:C:\Users\User\.m2\repository\com\squareup\okio\okio\1.14.0\okio-1.14.0.jar:C:\Users\User\.m2\repository\org\testng\testng\6.14.3\testng-6.14.3.jar:C:\Users\User\.m2\repository\com\beust\jcommander\1.72\jcommander-1.72.jar:C:\Users\User\.m2\repository\org\apache-extras\beanshell\bsh\2.0b6\bsh-2.0b6.jar:C:\Users\User\.m2\repository\commons-io\commons-io\2.4\commons-io-2.4.jar:C:\Users\User\.m2\repository\org\apache\poi\poi\3.17\poi-3.17.jar:C:\Users\User\.m2\repository\commons-codec\commons-codec\1.10\commons-codec-1.10.jar:C:\Users\User\.m2\repository\org\apache\commons\commons-collections4\4.1\commons-collections4-4.1.jar:C:\Users\User\.m2\repository\org\apache\poi\poi-ooxml\3.17\poi-ooxml-3.17.jar:C:\Users\User\.m2\repository\org\apache\poi\poi-ooxml-schemas\3.17\poi-ooxml-schemas-3.17.jar:C:\Users\User\.m2\repository\org\apache\xmlbeans\xmlbeans\2.6.0\xmlbeans-2.6.0.jar:C:\Users\User\.m2\repository\stax\stax-api\1.0.1\stax-api-1.0.1.jar:C:\Users\User\.m2\repository\com\github\virtuald\curvesapi\1.04\curvesapi-1.04.jar:C:\Users\User\.m2\repository\junit\junit\3.8.1\junit-3.8.1.jar org.testng.remote.RemoteTestNG -serport 64527 -protocol json -d C:\Users\User\Desktop\comprehensive\Hybrid\test-output C:\Users\User\AppData\Local\Temp\testng-eclipse--365333467\testng-customsuite.xml
!SESSION 2021-09-25 22:28:19.603 -----------------------------------------------
eclipse.buildId=4.20.0.I20210611-1600
java.version=11.0.11
java.vendor=Oracle Corporation
BootLoader constants: OS=win32, ARCH=x86_64, WS=win32, NL=en_IN
Framework arguments:  -product org.eclipse.epp.package.java.product
Command-line arguments:  -os win32 -ws win32 -arch x86_64 -product org.eclipse.epp.package.java.product

!ENTRY org.eclipse.jface 2 0 2021-09-25 22:28:38.467
!MESSAGE Keybinding conflicts occurred.  They may interfere with normal accelerator operation.
!SUBENTRY 1 org.eclipse.jface 2 0 2021-09-25 22:28:38.467
!MESSAGE A conflict occurred for CTRL+SHIFT+T:
Binding(CTRL+SHIFT+T,
	ParameterizedCommand(Command(org.eclipse.jdt.ui.navigate.open.type,Open Type,
		Open a type in a Java editor,
		Category(org.eclipse.ui.category.navigate,Navigate,null,true),
		org.eclipse.ui.internal.WorkbenchHandlerServiceHandler@493968a9,
		,,true),null),
	org.eclipse.ui.defaultAcceleratorConfiguration,
	org.eclipse.ui.contexts.window,,,system)
Binding(CTRL+SHIFT+T,
	ParameterizedCommand(Command(org.eclipse.lsp4e.symbolinworkspace,Go to Symbol in Workspace,
		,
		Category(org.eclipse.lsp4e.category,Language Servers,null,true),
		org.eclipse.ui.internal.WorkbenchHandlerServiceHandler@32428874,
		,,true),null),
	org.eclipse.ui.defaultAcceleratorConfiguration,
	org.eclipse.ui.contexts.window,,,system)

!ENTRY org.eclipse.egit.ui 2 0 2021-09-25 22:28:53.101
!MESSAGE Warning: The environment variable HOME is not set. The following directory will be used to store the Git
user global configuration and to define the default location to store repositories: 'C:\Users\User'. If this is
not correct please set the HOME environment variable and restart Eclipse. Otherwise Git for Windows and
EGit might behave differently since they see different configuration options.
This warning can be switched off on the Team > Git > Confirmations and Warnings preference page.

!ENTRY org.eclipse.jdt.junit.core 4 4 2021-09-25 22:58:34.629
!MESSAGE Error
!STACK 0
java.lang.Exception: Unexpected TestElement type for testId '3': TestSuite: Scenario: To validate LoftBeds Page Header : Not Started - Undefined (3)
	at org.eclipse.jdt.internal.junit.model.TestRunSession$TestSessionNotifier.logUnexpectedTest(TestRunSession.java:801)
	at org.eclipse.jdt.internal.junit.model.TestRunSession$TestSessionNotifier.testStarted(TestRunSession.java:708)
	at org.eclipse.jdt.internal.junit.model.RemoteTestRunnerClient$5.run(RemoteTestRunnerClient.java:537)
	at org.eclipse.core.runtime.SafeRunner.run(SafeRunner.java:45)
	at org.eclipse.jdt.internal.junit.model.RemoteTestRunnerClient.notifyTestStarted(RemoteTestRunnerClient.java:533)
	at org.eclipse.jdt.internal.junit.model.RemoteTestRunnerClient.access$6(RemoteTestRunnerClient.java:529)
	at org.eclipse.jdt.internal.junit.model.RemoteTestRunnerClient$DefaultProcessingState.readMessage(RemoteTestRunnerClient.java:92)
	at org.eclipse.jdt.internal.junit.model.RemoteTestRunnerClient.receiveMessage(RemoteTestRunnerClient.java:378)
	at org.eclipse.jdt.internal.junit.model.RemoteTestRunnerClient.access$27(RemoteTestRunnerClient.java:377)
	at org.eclipse.jdt.internal.junit.model.RemoteTestRunnerClient$ServerConnection.run(RemoteTestRunnerClient.java:273)

!ENTRY org.eclipse.jdt.junit.core 4 4 2021-09-25 22:58:57.964
!MESSAGE Error
!STACK 0
java.lang.Exception: Unexpected TestElement type for testId '3': TestSuite: Scenario: To validate LoftBeds Page Header : Completed - OK (3)
	at org.eclipse.jdt.internal.junit.model.TestRunSession$TestSessionNotifier.logUnexpectedTest(TestRunSession.java:801)
	at org.eclipse.jdt.internal.junit.model.TestRunSession$TestSessionNotifier.testEnded(TestRunSession.java:738)
	at org.eclipse.jdt.internal.junit.model.RemoteTestRunnerClient$4.run(RemoteTestRunnerClient.java:523)
	at org.eclipse.core.runtime.SafeRunner.run(SafeRunner.java:45)
	at org.eclipse.jdt.internal.junit.model.RemoteTestRunnerClient.notifyTestEnded(RemoteTestRunnerClient.java:519)
	at org.eclipse.jdt.internal.junit.model.RemoteTestRunnerClient.access$7(RemoteTestRunnerClient.java:515)
	at org.eclipse.jdt.internal.junit.model.RemoteTestRunnerClient$DefaultProcessingState.readMessage(RemoteTestRunnerClient.java:96)
	at org.eclipse.jdt.internal.junit.model.RemoteTestRunnerClient.receiveMessage(RemoteTestRunnerClient.java:378)
	at org.eclipse.jdt.internal.junit.model.RemoteTestRunnerClient.access$27(RemoteTestRunnerClient.java:377)
	at org.eclipse.jdt.internal.junit.model.RemoteTestRunnerClient$ServerConnection.run(RemoteTestRunnerClient.java:273)

!ENTRY org.eclipse.jdt.junit.core 4 4 2021-09-25 23:14:02.850
!MESSAGE Error
!STACK 0
java.lang.Exception: Unexpected TestElement type for testId '3': TestSuite: Scenario: To validate LoftBeds Page Header : Not Started - Undefined (3)
	at org.eclipse.jdt.internal.junit.model.TestRunSession$TestSessionNotifier.logUnexpectedTest(TestRunSession.java:801)
	at org.eclipse.jdt.internal.junit.model.TestRunSession$TestSessionNotifier.testStarted(TestRunSession.java:708)
	at org.eclipse.jdt.internal.junit.model.RemoteTestRunnerClient$5.run(RemoteTestRunnerClient.java:537)
	at org.eclipse.core.runtime.SafeRunner.run(SafeRunner.java:45)
	at org.eclipse.jdt.internal.junit.model.RemoteTestRunnerClient.notifyTestStarted(RemoteTestRunnerClient.java:533)
	at org.eclipse.jdt.internal.junit.model.RemoteTestRunnerClient.access$6(RemoteTestRunnerClient.java:529)
	at org.eclipse.jdt.internal.junit.model.RemoteTestRunnerClient$DefaultProcessingState.readMessage(RemoteTestRunnerClient.java:92)
	at org.eclipse.jdt.internal.junit.model.RemoteTestRunnerClient.receiveMessage(RemoteTestRunnerClient.java:378)
	at org.eclipse.jdt.internal.junit.model.RemoteTestRunnerClient.access$27(RemoteTestRunnerClient.java:377)
	at org.eclipse.jdt.internal.junit.model.RemoteTestRunnerClient$ServerConnection.run(RemoteTestRunnerClient.java:273)

!ENTRY org.eclipse.jdt.junit.core 4 4 2021-09-25 23:14:26.978
!MESSAGE Error
!STACK 0
java.lang.Exception: Unexpected TestElement type for testId '3': TestSuite: Scenario: To validate LoftBeds Page Header : Completed - OK (3)
	at org.eclipse.jdt.internal.junit.model.TestRunSession$TestSessionNotifier.logUnexpectedTest(TestRunSession.java:801)
	at org.eclipse.jdt.internal.junit.model.TestRunSession$TestSessionNotifier.testEnded(TestRunSession.java:738)
	at org.eclipse.jdt.internal.junit.model.RemoteTestRunnerClient$4.run(RemoteTestRunnerClient.java:523)
	at org.eclipse.core.runtime.SafeRunner.run(SafeRunner.java:45)
	at org.eclipse.jdt.internal.junit.model.RemoteTestRunnerClient.notifyTestEnded(RemoteTestRunnerClient.java:519)
	at org.eclipse.jdt.internal.junit.model.RemoteTestRunnerClient.access$7(RemoteTestRunnerClient.java:515)
	at org.eclipse.jdt.internal.junit.model.RemoteTestRunnerClient$DefaultProcessingState.readMessage(RemoteTestRunnerClient.java:96)
	at org.eclipse.jdt.internal.junit.model.RemoteTestRunnerClient.receiveMessage(RemoteTestRunnerClient.java:378)
	at org.eclipse.jdt.internal.junit.model.RemoteTestRunnerClient.access$27(RemoteTestRunnerClient.java:377)
	at org.eclipse.jdt.internal.junit.model.RemoteTestRunnerClient$ServerConnection.run(RemoteTestRunnerClient.java:273)

!ENTRY org.eclipse.jdt.junit.core 4 4 2021-09-25 23:14:26.980
!MESSAGE Error
!STACK 0
java.lang.Exception: Unexpected TestElement type for testId '8': TestSuite: Scenario: Invalid Credential Login Validation : Not Started - Undefined (5)
	at org.eclipse.jdt.internal.junit.model.TestRunSession$TestSessionNotifier.logUnexpectedTest(TestRunSession.java:801)
	at org.eclipse.jdt.internal.junit.model.TestRunSession$TestSessionNotifier.testStarted(TestRunSession.java:708)
	at org.eclipse.jdt.internal.junit.model.RemoteTestRunnerClient$5.run(RemoteTestRunnerClient.java:537)
	at org.eclipse.core.runtime.SafeRunner.run(SafeRunner.java:45)
	at org.eclipse.jdt.internal.junit.model.RemoteTestRunnerClient.notifyTestStarted(RemoteTestRunnerClient.java:533)
	at org.eclipse.jdt.internal.junit.model.RemoteTestRunnerClient.access$6(RemoteTestRunnerClient.java:529)
	at org.eclipse.jdt.internal.junit.model.RemoteTestRunnerClient$DefaultProcessingState.readMessage(RemoteTestRunnerClient.java:92)
	at org.eclipse.jdt.internal.junit.model.RemoteTestRunnerClient.receiveMessage(RemoteTestRunnerClient.java:378)
	at org.eclipse.jdt.internal.junit.model.RemoteTestRunnerClient.access$27(RemoteTestRunnerClient.java:377)
	at org.eclipse.jdt.internal.junit.model.RemoteTestRunnerClient$ServerConnection.run(RemoteTestRunnerClient.java:273)

!ENTRY org.eclipse.jdt.junit.core 4 4 2021-09-25 23:14:56.283
!MESSAGE Error
!STACK 0
java.lang.Exception: Unexpected TestElement type for testId '8': TestSuite: Scenario: Invalid Credential Login Validation : Completed - OK (5)
	at org.eclipse.jdt.internal.junit.model.TestRunSession$TestSessionNotifier.logUnexpectedTest(TestRunSession.java:801)
	at org.eclipse.jdt.internal.junit.model.TestRunSession$TestSessionNotifier.testEnded(TestRunSession.java:738)
	at org.eclipse.jdt.internal.junit.model.RemoteTestRunnerClient$4.run(RemoteTestRunnerClient.java:523)
	at org.eclipse.core.runtime.SafeRunner.run(SafeRunner.java:45)
	at org.eclipse.jdt.internal.junit.model.RemoteTestRunnerClient.notifyTestEnded(RemoteTestRunnerClient.java:519)
	at org.eclipse.jdt.internal.junit.model.RemoteTestRunnerClient.access$7(RemoteTestRunnerClient.java:515)
	at org.eclipse.jdt.internal.junit.model.RemoteTestRunnerClient$DefaultProcessingState.readMessage(RemoteTestRunnerClient.java:96)
	at org.eclipse.jdt.internal.junit.model.RemoteTestRunnerClient.receiveMessage(RemoteTestRunnerClient.java:378)
	at org.eclipse.jdt.internal.junit.model.RemoteTestRunnerClient.access$27(RemoteTestRunnerClient.java:377)
	at org.eclipse.jdt.internal.junit.model.RemoteTestRunnerClient$ServerConnection.run(RemoteTestRunnerClient.java:273)

!ENTRY org.eclipse.jdt.junit.core 4 4 2021-09-25 23:33:38.335
!MESSAGE Error
!STACK 0
java.lang.Exception: Unexpected TestElement type for testId '3': TestSuite: Scenario: To validate the number of questions in Help page : Not Started - Undefined (3)
	at org.eclipse.jdt.internal.junit.model.TestRunSession$TestSessionNotifier.logUnexpectedTest(TestRunSession.java:801)
	at org.eclipse.jdt.internal.junit.model.TestRunSession$TestSessionNotifier.testStarted(TestRunSession.java:708)
	at org.eclipse.jdt.internal.junit.model.RemoteTestRunnerClient$5.run(RemoteTestRunnerClient.java:537)
	at org.eclipse.core.runtime.SafeRunner.run(SafeRunner.java:45)
	at org.eclipse.jdt.internal.junit.model.RemoteTestRunnerClient.notifyTestStarted(RemoteTestRunnerClient.java:533)
	at org.eclipse.jdt.internal.junit.model.RemoteTestRunnerClient.access$6(RemoteTestRunnerClient.java:529)
	at org.eclipse.jdt.internal.junit.model.RemoteTestRunnerClient$DefaultProcessingState.readMessage(RemoteTestRunnerClient.java:92)
	at org.eclipse.jdt.internal.junit.model.RemoteTestRunnerClient.receiveMessage(RemoteTestRunnerClient.java:378)
	at org.eclipse.jdt.internal.junit.model.RemoteTestRunnerClient.access$27(RemoteTestRunnerClient.java:377)
	at org.eclipse.jdt.internal.junit.model.RemoteTestRunnerClient$ServerConnection.run(RemoteTestRunnerClient.java:273)

!ENTRY org.eclipse.jdt.junit.core 4 4 2021-09-25 23:33:59.568
!MESSAGE Error
!STACK 0
java.lang.Exception: Unexpected TestElement type for testId '3': TestSuite: Scenario: To validate the number of questions in Help page : Completed - OK (3)
	at org.eclipse.jdt.internal.junit.model.TestRunSession$TestSessionNotifier.logUnexpectedTest(TestRunSession.java:801)
	at org.eclipse.jdt.internal.junit.model.TestRunSession$TestSessionNotifier.testEnded(TestRunSession.java:738)
	at org.eclipse.jdt.internal.junit.model.RemoteTestRunnerClient$4.run(RemoteTestRunnerClient.java:523)
	at org.eclipse.core.runtime.SafeRunner.run(SafeRunner.java:45)
	at org.eclipse.jdt.internal.junit.model.RemoteTestRunnerClient.notifyTestEnded(RemoteTestRunnerClient.java:519)
	at org.eclipse.jdt.internal.junit.model.RemoteTestRunnerClient.access$7(RemoteTestRunnerClient.java:515)
	at org.eclipse.jdt.internal.junit.model.RemoteTestRunnerClient$DefaultProcessingState.readMessage(RemoteTestRunnerClient.java:96)
	at org.eclipse.jdt.internal.junit.model.RemoteTestRunnerClient.receiveMessage(RemoteTestRunnerClient.java:378)
	at org.eclipse.jdt.internal.junit.model.RemoteTestRunnerClient.access$27(RemoteTestRunnerClient.java:377)
	at org.eclipse.jdt.internal.junit.model.RemoteTestRunnerClient$ServerConnection.run(RemoteTestRunnerClient.java:273)

!ENTRY org.eclipse.jdt.junit.core 4 4 2021-09-25 23:33:59.568
!MESSAGE Error
!STACK 0
java.lang.Exception: Unexpected TestElement type for testId '8': TestSuite: Scenario: To validate LoftBeds Page Header : Not Started - Undefined (3)
	at org.eclipse.jdt.internal.junit.model.TestRunSession$TestSessionNotifier.logUnexpectedTest(TestRunSession.java:801)
	at org.eclipse.jdt.internal.junit.model.TestRunSession$TestSessionNotifier.testStarted(TestRunSession.java:708)
	at org.eclipse.jdt.internal.junit.model.RemoteTestRunnerClient$5.run(RemoteTestRunnerClient.java:537)
	at org.eclipse.core.runtime.SafeRunner.run(SafeRunner.java:45)
	at org.eclipse.jdt.internal.junit.model.RemoteTestRunnerClient.notifyTestStarted(RemoteTestRunnerClient.java:533)
	at org.eclipse.jdt.internal.junit.model.RemoteTestRunnerClient.access$6(RemoteTestRunnerClient.java:529)
	at org.eclipse.jdt.internal.junit.model.RemoteTestRunnerClient$DefaultProcessingState.readMessage(RemoteTestRunnerClient.java:92)
	at org.eclipse.jdt.internal.junit.model.RemoteTestRunnerClient.receiveMessage(RemoteTestRunnerClient.java:378)
	at org.eclipse.jdt.internal.junit.model.RemoteTestRunnerClient.access$27(RemoteTestRunnerClient.java:377)
	at org.eclipse.jdt.internal.junit.model.RemoteTestRunnerClient$ServerConnection.run(RemoteTestRunnerClient.java:273)

!ENTRY org.eclipse.jdt.junit.core 4 4 2021-09-25 23:34:23.065
!MESSAGE Error
!STACK 0
java.lang.Exception: Unexpected TestElement type for testId '8': TestSuite: Scenario: To validate LoftBeds Page Header : Completed - OK (3)
	at org.eclipse.jdt.internal.junit.model.TestRunSession$TestSessionNotifier.logUnexpectedTest(TestRunSession.java:801)
	at org.eclipse.jdt.internal.junit.model.TestRunSession$TestSessionNotifier.testEnded(TestRunSession.java:738)
	at org.eclipse.jdt.internal.junit.model.RemoteTestRunnerClient$4.run(RemoteTestRunnerClient.java:523)
	at org.eclipse.core.runtime.SafeRunner.run(SafeRunner.java:45)
	at org.eclipse.jdt.internal.junit.model.RemoteTestRunnerClient.notifyTestEnded(RemoteTestRunnerClient.java:519)
	at org.eclipse.jdt.internal.junit.model.RemoteTestRunnerClient.access$7(RemoteTestRunnerClient.java:515)
	at org.eclipse.jdt.internal.junit.model.RemoteTestRunnerClient$DefaultProcessingState.readMessage(RemoteTestRunnerClient.java:96)
	at org.eclipse.jdt.internal.junit.model.RemoteTestRunnerClient.receiveMessage(RemoteTestRunnerClient.java:378)
	at org.eclipse.jdt.internal.junit.model.RemoteTestRunnerClient.access$27(RemoteTestRunnerClient.java:377)
	at org.eclipse.jdt.internal.junit.model.RemoteTestRunnerClient$ServerConnection.run(RemoteTestRunnerClient.java:273)

!ENTRY org.eclipse.jdt.junit.core 4 4 2021-09-25 23:34:23.067
!MESSAGE Error
!STACK 0
java.lang.Exception: Unexpected TestElement type for testId '13': TestSuite: Scenario: Invalid Credential Login Validation : Not Started - Undefined (5)
	at org.eclipse.jdt.internal.junit.model.TestRunSession$TestSessionNotifier.logUnexpectedTest(TestRunSession.java:801)
	at org.eclipse.jdt.internal.junit.model.TestRunSession$TestSessionNotifier.testStarted(TestRunSession.java:708)
	at org.eclipse.jdt.internal.junit.model.RemoteTestRunnerClient$5.run(RemoteTestRunnerClient.java:537)
	at org.eclipse.core.runtime.SafeRunner.run(SafeRunner.java:45)
	at org.eclipse.jdt.internal.junit.model.RemoteTestRunnerClient.notifyTestStarted(RemoteTestRunnerClient.java:533)
	at org.eclipse.jdt.internal.junit.model.RemoteTestRunnerClient.access$6(RemoteTestRunnerClient.java:529)
	at org.eclipse.jdt.internal.junit.model.RemoteTestRunnerClient$DefaultProcessingState.readMessage(RemoteTestRunnerClient.java:92)
	at org.eclipse.jdt.internal.junit.model.RemoteTestRunnerClient.receiveMessage(RemoteTestRunnerClient.java:378)
	at org.eclipse.jdt.internal.junit.model.RemoteTestRunnerClient.access$27(RemoteTestRunnerClient.java:377)
	at org.eclipse.jdt.internal.junit.model.RemoteTestRunnerClient$ServerConnection.run(RemoteTestRunnerClient.java:273)

!ENTRY org.eclipse.jdt.junit.core 4 4 2021-09-25 23:34:52.213
!MESSAGE Error
!STACK 0
java.lang.Exception: Unexpected TestElement type for testId '13': TestSuite: Scenario: Invalid Credential Login Validation : Completed - OK (5)
	at org.eclipse.jdt.internal.junit.model.TestRunSession$TestSessionNotifier.logUnexpectedTest(TestRunSession.java:801)
	at org.eclipse.jdt.internal.junit.model.TestRunSession$TestSessionNotifier.testEnded(TestRunSession.java:738)
	at org.eclipse.jdt.internal.junit.model.RemoteTestRunnerClient$4.run(RemoteTestRunnerClient.java:523)
	at org.eclipse.core.runtime.SafeRunner.run(SafeRunner.java:45)
	at org.eclipse.jdt.internal.junit.model.RemoteTestRunnerClient.notifyTestEnded(RemoteTestRunnerClient.java:519)
	at org.eclipse.jdt.internal.junit.model.RemoteTestRunnerClient.access$7(RemoteTestRunnerClient.java:515)
	at org.eclipse.jdt.internal.junit.model.RemoteTestRunnerClient$DefaultProcessingState.readMessage(RemoteTestRunnerClient.java:96)
	at org.eclipse.jdt.internal.junit.model.RemoteTestRunnerClient.receiveMessage(RemoteTestRunnerClient.java:378)
	at org.eclipse.jdt.internal.junit.model.RemoteTestRunnerClient.access$27(RemoteTestRunnerClient.java:377)
	at org.eclipse.jdt.internal.junit.model.RemoteTestRunnerClient$ServerConnection.run(RemoteTestRunnerClient.java:273)

!ENTRY org.eclipse.jdt.junit.core 4 4 2021-09-26 00:36:33.911
!MESSAGE Error
!STACK 0
java.lang.Exception: Unexpected TestElement type for testId '3': TestSuite: Scenario: To check the number of occasions : Not Started - Undefined (3)
	at org.eclipse.jdt.internal.junit.model.TestRunSession$TestSessionNotifier.logUnexpectedTest(TestRunSession.java:801)
	at org.eclipse.jdt.internal.junit.model.TestRunSession$TestSessionNotifier.testStarted(TestRunSession.java:708)
	at org.eclipse.jdt.internal.junit.model.RemoteTestRunnerClient$5.run(RemoteTestRunnerClient.java:537)
	at org.eclipse.core.runtime.SafeRunner.run(SafeRunner.java:45)
	at org.eclipse.jdt.internal.junit.model.RemoteTestRunnerClient.notifyTestStarted(RemoteTestRunnerClient.java:533)
	at org.eclipse.jdt.internal.junit.model.RemoteTestRunnerClient.access$6(RemoteTestRunnerClient.java:529)
	at org.eclipse.jdt.internal.junit.model.RemoteTestRunnerClient$DefaultProcessingState.readMessage(RemoteTestRunnerClient.java:92)
	at org.eclipse.jdt.internal.junit.model.RemoteTestRunnerClient.receiveMessage(RemoteTestRunnerClient.java:378)
	at org.eclipse.jdt.internal.junit.model.RemoteTestRunnerClient.access$27(RemoteTestRunnerClient.java:377)
	at org.eclipse.jdt.internal.junit.model.RemoteTestRunnerClient$ServerConnection.run(RemoteTestRunnerClient.java:273)

!ENTRY org.eclipse.jdt.junit.core 4 4 2021-09-26 00:36:59.142
!MESSAGE Error
!STACK 0
java.lang.Exception: Unexpected TestElement type for testId '3': TestSuite: Scenario: To check the number of occasions : Completed - OK (3)
	at org.eclipse.jdt.internal.junit.model.TestRunSession$TestSessionNotifier.logUnexpectedTest(TestRunSession.java:801)
	at org.eclipse.jdt.internal.junit.model.TestRunSession$TestSessionNotifier.testEnded(TestRunSession.java:738)
	at org.eclipse.jdt.internal.junit.model.RemoteTestRunnerClient$4.run(RemoteTestRunnerClient.java:523)
	at org.eclipse.core.runtime.SafeRunner.run(SafeRunner.java:45)
	at org.eclipse.jdt.internal.junit.model.RemoteTestRunnerClient.notifyTestEnded(RemoteTestRunnerClient.java:519)
	at org.eclipse.jdt.internal.junit.model.RemoteTestRunnerClient.access$7(RemoteTestRunnerClient.java:515)
	at org.eclipse.jdt.internal.junit.model.RemoteTestRunnerClient$DefaultProcessingState.readMessage(RemoteTestRunnerClient.java:96)
	at org.eclipse.jdt.internal.junit.model.RemoteTestRunnerClient.receiveMessage(RemoteTestRunnerClient.java:378)
	at org.eclipse.jdt.internal.junit.model.RemoteTestRunnerClient.access$27(RemoteTestRunnerClient.java:377)
	at org.eclipse.jdt.internal.junit.model.RemoteTestRunnerClient$ServerConnection.run(RemoteTestRunnerClient.java:273)

!ENTRY org.eclipse.jdt.junit.core 4 4 2021-09-26 00:36:59.145
!MESSAGE Error
!STACK 0
java.lang.Exception: Unexpected TestElement type for testId '8': TestSuite: Scenario: To validate the number of questions in Help page : Not Started - Undefined (3)
	at org.eclipse.jdt.internal.junit.model.TestRunSession$TestSessionNotifier.logUnexpectedTest(TestRunSession.java:801)
	at org.eclipse.jdt.internal.junit.model.TestRunSession$TestSessionNotifier.testStarted(TestRunSession.java:708)
	at org.eclipse.jdt.internal.junit.model.RemoteTestRunnerClient$5.run(RemoteTestRunnerClient.java:537)
	at org.eclipse.core.runtime.SafeRunner.run(SafeRunner.java:45)
	at org.eclipse.jdt.internal.junit.model.RemoteTestRunnerClient.notifyTestStarted(RemoteTestRunnerClient.java:533)
	at org.eclipse.jdt.internal.junit.model.RemoteTestRunnerClient.access$6(RemoteTestRunnerClient.java:529)
	at org.eclipse.jdt.internal.junit.model.RemoteTestRunnerClient$DefaultProcessingState.readMessage(RemoteTestRunnerClient.java:92)
	at org.eclipse.jdt.internal.junit.model.RemoteTestRunnerClient.receiveMessage(RemoteTestRunnerClient.java:378)
	at org.eclipse.jdt.internal.junit.model.RemoteTestRunnerClient.access$27(RemoteTestRunnerClient.java:377)
	at org.eclipse.jdt.internal.junit.model.RemoteTestRunnerClient$ServerConnection.run(RemoteTestRunnerClient.java:273)

!ENTRY org.eclipse.jdt.junit.core 4 4 2021-09-26 00:37:17.630
!MESSAGE Error
!STACK 0
java.lang.Exception: Unexpected TestElement type for testId '8': TestSuite: Scenario: To validate the number of questions in Help page : Completed - OK (3)
	at org.eclipse.jdt.internal.junit.model.TestRunSession$TestSessionNotifier.logUnexpectedTest(TestRunSession.java:801)
	at org.eclipse.jdt.internal.junit.model.TestRunSession$TestSessionNotifier.testEnded(TestRunSession.java:738)
	at org.eclipse.jdt.internal.junit.model.RemoteTestRunnerClient$4.run(RemoteTestRunnerClient.java:523)
	at org.eclipse.core.runtime.SafeRunner.run(SafeRunner.java:45)
	at org.eclipse.jdt.internal.junit.model.RemoteTestRunnerClient.notifyTestEnded(RemoteTestRunnerClient.java:519)
	at org.eclipse.jdt.internal.junit.model.RemoteTestRunnerClient.access$7(RemoteTestRunnerClient.java:515)
	at org.eclipse.jdt.internal.junit.model.RemoteTestRunnerClient$DefaultProcessingState.readMessage(RemoteTestRunnerClient.java:96)
	at org.eclipse.jdt.internal.junit.model.RemoteTestRunnerClient.receiveMessage(RemoteTestRunnerClient.java:378)
	at org.eclipse.jdt.internal.junit.model.RemoteTestRunnerClient.access$27(RemoteTestRunnerClient.java:377)
	at org.eclipse.jdt.internal.junit.model.RemoteTestRunnerClient$ServerConnection.run(RemoteTestRunnerClient.java:273)

!ENTRY org.eclipse.jdt.junit.core 4 4 2021-09-26 00:37:17.631
!MESSAGE Error
!STACK 0
java.lang.Exception: Unexpected TestElement type for testId '12': TestSuite: Scenario: To validate the number of topics in Help page : Not Started - Undefined (3)
	at org.eclipse.jdt.internal.junit.model.TestRunSession$TestSessionNotifier.logUnexpectedTest(TestRunSession.java:801)
	at org.eclipse.jdt.internal.junit.model.TestRunSession$TestSessionNotifier.testStarted(TestRunSession.java:708)
	at org.eclipse.jdt.internal.junit.model.RemoteTestRunnerClient$5.run(RemoteTestRunnerClient.java:537)
	at org.eclipse.core.runtime.SafeRunner.run(SafeRunner.java:45)
	at org.eclipse.jdt.internal.junit.model.RemoteTestRunnerClient.notifyTestStarted(RemoteTestRunnerClient.java:533)
	at org.eclipse.jdt.internal.junit.model.RemoteTestRunnerClient.access$6(RemoteTestRunnerClient.java:529)
	at org.eclipse.jdt.internal.junit.model.RemoteTestRunnerClient$DefaultProcessingState.readMessage(RemoteTestRunnerClient.java:92)
	at org.eclipse.jdt.internal.junit.model.RemoteTestRunnerClient.receiveMessage(RemoteTestRunnerClient.java:378)
	at org.eclipse.jdt.internal.junit.model.RemoteTestRunnerClient.access$27(RemoteTestRunnerClient.java:377)
	at org.eclipse.jdt.internal.junit.model.RemoteTestRunnerClient$ServerConnection.run(RemoteTestRunnerClient.java:273)

!ENTRY org.eclipse.jdt.junit.core 4 4 2021-09-26 00:37:39.202
!MESSAGE Error
!STACK 0
java.lang.Exception: Unexpected TestElement type for testId '12': TestSuite: Scenario: To validate the number of topics in Help page : Completed - OK (3)
	at org.eclipse.jdt.internal.junit.model.TestRunSession$TestSessionNotifier.logUnexpectedTest(TestRunSession.java:801)
	at org.eclipse.jdt.internal.junit.model.TestRunSession$TestSessionNotifier.testEnded(TestRunSession.java:738)
	at org.eclipse.jdt.internal.junit.model.RemoteTestRunnerClient$4.run(RemoteTestRunnerClient.java:523)
	at org.eclipse.core.runtime.SafeRunner.run(SafeRunner.java:45)
	at org.eclipse.jdt.internal.junit.model.RemoteTestRunnerClient.notifyTestEnded(RemoteTestRunnerClient.java:519)
	at org.eclipse.jdt.internal.junit.model.RemoteTestRunnerClient.access$7(RemoteTestRunnerClient.java:515)
	at org.eclipse.jdt.internal.junit.model.RemoteTestRunnerClient$DefaultProcessingState.readMessage(RemoteTestRunnerClient.java:96)
	at org.eclipse.jdt.internal.junit.model.RemoteTestRunnerClient.receiveMessage(RemoteTestRunnerClient.java:378)
	at org.eclipse.jdt.internal.junit.model.RemoteTestRunnerClient.access$27(RemoteTestRunnerClient.java:377)
	at org.eclipse.jdt.internal.junit.model.RemoteTestRunnerClient$ServerConnection.run(RemoteTestRunnerClient.java:273)

!ENTRY org.eclipse.jdt.junit.core 4 4 2021-09-26 00:37:39.204
!MESSAGE Error
!STACK 0
java.lang.Exception: Unexpected TestElement type for testId '17': TestSuite: Scenario: To validate LoftBeds Page Header : Not Started - Undefined (3)
	at org.eclipse.jdt.internal.junit.model.TestRunSession$TestSessionNotifier.logUnexpectedTest(TestRunSession.java:801)
	at org.eclipse.jdt.internal.junit.model.TestRunSession$TestSessionNotifier.testStarted(TestRunSession.java:708)
	at org.eclipse.jdt.internal.junit.model.RemoteTestRunnerClient$5.run(RemoteTestRunnerClient.java:537)
	at org.eclipse.core.runtime.SafeRunner.run(SafeRunner.java:45)
	at org.eclipse.jdt.internal.junit.model.RemoteTestRunnerClient.notifyTestStarted(RemoteTestRunnerClient.java:533)
	at org.eclipse.jdt.internal.junit.model.RemoteTestRunnerClient.access$6(RemoteTestRunnerClient.java:529)
	at org.eclipse.jdt.internal.junit.model.RemoteTestRunnerClient$DefaultProcessingState.readMessage(RemoteTestRunnerClient.java:92)
	at org.eclipse.jdt.internal.junit.model.RemoteTestRunnerClient.receiveMessage(RemoteTestRunnerClient.java:378)
	at org.eclipse.jdt.internal.junit.model.RemoteTestRunnerClient.access$27(RemoteTestRunnerClient.java:377)
	at org.eclipse.jdt.internal.junit.model.RemoteTestRunnerClient$ServerConnection.run(RemoteTestRunnerClient.java:273)

!ENTRY org.eclipse.jdt.junit.core 4 4 2021-09-26 00:38:02.994
!MESSAGE Error
!STACK 0
java.lang.Exception: Unexpected TestElement type for testId '17': TestSuite: Scenario: To validate LoftBeds Page Header : Completed - OK (3)
	at org.eclipse.jdt.internal.junit.model.TestRunSession$TestSessionNotifier.logUnexpectedTest(TestRunSession.java:801)
	at org.eclipse.jdt.internal.junit.model.TestRunSession$TestSessionNotifier.testEnded(TestRunSession.java:738)
	at org.eclipse.jdt.internal.junit.model.RemoteTestRunnerClient$4.run(RemoteTestRunnerClient.java:523)
	at org.eclipse.core.runtime.SafeRunner.run(SafeRunner.java:45)
	at org.eclipse.jdt.internal.junit.model.RemoteTestRunnerClient.notifyTestEnded(RemoteTestRunnerClient.java:519)
	at org.eclipse.jdt.internal.junit.model.RemoteTestRunnerClient.access$7(RemoteTestRunnerClient.java:515)
	at org.eclipse.jdt.internal.junit.model.RemoteTestRunnerClient$DefaultProcessingState.readMessage(RemoteTestRunnerClient.java:96)
	at org.eclipse.jdt.internal.junit.model.RemoteTestRunnerClient.receiveMessage(RemoteTestRunnerClient.java:378)
	at org.eclipse.jdt.internal.junit.model.RemoteTestRunnerClient.access$27(RemoteTestRunnerClient.java:377)
	at org.eclipse.jdt.internal.junit.model.RemoteTestRunnerClient$ServerConnection.run(RemoteTestRunnerClient.java:273)

!ENTRY org.eclipse.jdt.junit.core 4 4 2021-09-26 00:38:03.004
!MESSAGE Error
!STACK 0
java.lang.Exception: Unexpected TestElement type for testId '22': TestSuite: Scenario: Invalid Credential Login Validation : Not Started - Undefined (5)
	at org.eclipse.jdt.internal.junit.model.TestRunSession$TestSessionNotifier.logUnexpectedTest(TestRunSession.java:801)
	at org.eclipse.jdt.internal.junit.model.TestRunSession$TestSessionNotifier.testStarted(TestRunSession.java:708)
	at org.eclipse.jdt.internal.junit.model.RemoteTestRunnerClient$5.run(RemoteTestRunnerClient.java:537)
	at org.eclipse.core.runtime.SafeRunner.run(SafeRunner.java:45)
	at org.eclipse.jdt.internal.junit.model.RemoteTestRunnerClient.notifyTestStarted(RemoteTestRunnerClient.java:533)
	at org.eclipse.jdt.internal.junit.model.RemoteTestRunnerClient.access$6(RemoteTestRunnerClient.java:529)
	at org.eclipse.jdt.internal.junit.model.RemoteTestRunnerClient$DefaultProcessingState.readMessage(RemoteTestRunnerClient.java:92)
	at org.eclipse.jdt.internal.junit.model.RemoteTestRunnerClient.receiveMessage(RemoteTestRunnerClient.java:378)
	at org.eclipse.jdt.internal.junit.model.RemoteTestRunnerClient.access$27(RemoteTestRunnerClient.java:377)
	at org.eclipse.jdt.internal.junit.model.RemoteTestRunnerClient$ServerConnection.run(RemoteTestRunnerClient.java:273)

!ENTRY org.eclipse.jdt.junit.core 4 4 2021-09-26 00:38:32.278
!MESSAGE Error
!STACK 0
java.lang.Exception: Unexpected TestElement type for testId '22': TestSuite: Scenario: Invalid Credential Login Validation : Completed - OK (5)
	at org.eclipse.jdt.internal.junit.model.TestRunSession$TestSessionNotifier.logUnexpectedTest(TestRunSession.java:801)
	at org.eclipse.jdt.internal.junit.model.TestRunSession$TestSessionNotifier.testEnded(TestRunSession.java:738)
	at org.eclipse.jdt.internal.junit.model.RemoteTestRunnerClient$4.run(RemoteTestRunnerClient.java:523)
	at org.eclipse.core.runtime.SafeRunner.run(SafeRunner.java:45)
	at org.eclipse.jdt.internal.junit.model.RemoteTestRunnerClient.notifyTestEnded(RemoteTestRunnerClient.java:519)
	at org.eclipse.jdt.internal.junit.model.RemoteTestRunnerClient.access$7(RemoteTestRunnerClient.java:515)
	at org.eclipse.jdt.internal.junit.model.RemoteTestRunnerClient$DefaultProcessingState.readMessage(RemoteTestRunnerClient.java:96)
	at org.eclipse.jdt.internal.junit.model.RemoteTestRunnerClient.receiveMessage(RemoteTestRunnerClient.java:378)
	at org.eclipse.jdt.internal.junit.model.RemoteTestRunnerClient.access$27(RemoteTestRunnerClient.java:377)
	at org.eclipse.jdt.internal.junit.model.RemoteTestRunnerClient$ServerConnection.run(RemoteTestRunnerClient.java:273)

!ENTRY org.eclipse.jdt.junit.core 4 4 2021-09-26 00:38:32.280
!MESSAGE Error
!STACK 0
java.lang.Exception: Unexpected TestElement type for testId '29': TestSuite: Scenario: To validate that the search functionality : Not Started - Undefined (3)
	at org.eclipse.jdt.internal.junit.model.TestRunSession$TestSessionNotifier.logUnexpectedTest(TestRunSession.java:801)
	at org.eclipse.jdt.internal.junit.model.TestRunSession$TestSessionNotifier.testStarted(TestRunSession.java:708)
	at org.eclipse.jdt.internal.junit.model.RemoteTestRunnerClient$5.run(RemoteTestRunnerClient.java:537)
	at org.eclipse.core.runtime.SafeRunner.run(SafeRunner.java:45)
	at org.eclipse.jdt.internal.junit.model.RemoteTestRunnerClient.notifyTestStarted(RemoteTestRunnerClient.java:533)
	at org.eclipse.jdt.internal.junit.model.RemoteTestRunnerClient.access$6(RemoteTestRunnerClient.java:529)
	at org.eclipse.jdt.internal.junit.model.RemoteTestRunnerClient$DefaultProcessingState.readMessage(RemoteTestRunnerClient.java:92)
	at org.eclipse.jdt.internal.junit.model.RemoteTestRunnerClient.receiveMessage(RemoteTestRunnerClient.java:378)
	at org.eclipse.jdt.internal.junit.model.RemoteTestRunnerClient.access$27(RemoteTestRunnerClient.java:377)
	at org.eclipse.jdt.internal.junit.model.RemoteTestRunnerClient$ServerConnection.run(RemoteTestRunnerClient.java:273)

!ENTRY org.eclipse.jdt.junit.core 4 4 2021-09-26 00:38:51.589
!MESSAGE Error
!STACK 0
java.lang.Exception: Unexpected TestElement type for testId '29': TestSuite: Scenario: To validate that the search functionality : Completed - OK (3)
	at org.eclipse.jdt.internal.junit.model.TestRunSession$TestSessionNotifier.logUnexpectedTest(TestRunSession.java:801)
	at org.eclipse.jdt.internal.junit.model.TestRunSession$TestSessionNotifier.testEnded(TestRunSession.java:738)
	at org.eclipse.jdt.internal.junit.model.RemoteTestRunnerClient$4.run(RemoteTestRunnerClient.java:523)
	at org.eclipse.core.runtime.SafeRunner.run(SafeRunner.java:45)
	at org.eclipse.jdt.internal.junit.model.RemoteTestRunnerClient.notifyTestEnded(RemoteTestRunnerClient.java:519)
	at org.eclipse.jdt.internal.junit.model.RemoteTestRunnerClient.access$7(RemoteTestRunnerClient.java:515)
	at org.eclipse.jdt.internal.junit.model.RemoteTestRunnerClient$DefaultProcessingState.readMessage(RemoteTestRunnerClient.java:96)
	at org.eclipse.jdt.internal.junit.model.RemoteTestRunnerClient.receiveMessage(RemoteTestRunnerClient.java:378)
	at org.eclipse.jdt.internal.junit.model.RemoteTestRunnerClient.access$27(RemoteTestRunnerClient.java:377)
	at org.eclipse.jdt.internal.junit.model.RemoteTestRunnerClient$ServerConnection.run(RemoteTestRunnerClient.java:273)

!ENTRY org.eclipse.jdt.junit.core 4 4 2021-09-26 00:38:51.591
!MESSAGE Error
!STACK 0
java.lang.Exception: Unexpected TestElement type for testId '34': TestSuite: Scenario: Tracking an invalid order : Not Started - Undefined (4)
	at org.eclipse.jdt.internal.junit.model.TestRunSession$TestSessionNotifier.logUnexpectedTest(TestRunSession.java:801)
	at org.eclipse.jdt.internal.junit.model.TestRunSession$TestSessionNotifier.testStarted(TestRunSession.java:708)
	at org.eclipse.jdt.internal.junit.model.RemoteTestRunnerClient$5.run(RemoteTestRunnerClient.java:537)
	at org.eclipse.core.runtime.SafeRunner.run(SafeRunner.java:45)
	at org.eclipse.jdt.internal.junit.model.RemoteTestRunnerClient.notifyTestStarted(RemoteTestRunnerClient.java:533)
	at org.eclipse.jdt.internal.junit.model.RemoteTestRunnerClient.access$6(RemoteTestRunnerClient.java:529)
	at org.eclipse.jdt.internal.junit.model.RemoteTestRunnerClient$DefaultProcessingState.readMessage(RemoteTestRunnerClient.java:92)
	at org.eclipse.jdt.internal.junit.model.RemoteTestRunnerClient.receiveMessage(RemoteTestRunnerClient.java:378)
	at org.eclipse.jdt.internal.junit.model.RemoteTestRunnerClient.access$27(RemoteTestRunnerClient.java:377)
	at org.eclipse.jdt.internal.junit.model.RemoteTestRunnerClient$ServerConnection.run(RemoteTestRunnerClient.java:273)

!ENTRY org.eclipse.jdt.junit.core 4 4 2021-09-26 00:39:12.405
!MESSAGE Error
!STACK 0
java.lang.Exception: Unexpected TestElement type for testId '34': TestSuite: Scenario: Tracking an invalid order : Completed - OK (4)
	at org.eclipse.jdt.internal.junit.model.TestRunSession$TestSessionNotifier.logUnexpectedTest(TestRunSession.java:801)
	at org.eclipse.jdt.internal.junit.model.TestRunSession$TestSessionNotifier.testEnded(TestRunSession.java:738)
	at org.eclipse.jdt.internal.junit.model.RemoteTestRunnerClient$4.run(RemoteTestRunnerClient.java:523)
	at org.eclipse.core.runtime.SafeRunner.run(SafeRunner.java:45)
	at org.eclipse.jdt.internal.junit.model.RemoteTestRunnerClient.notifyTestEnded(RemoteTestRunnerClient.java:519)
	at org.eclipse.jdt.internal.junit.model.RemoteTestRunnerClient.access$7(RemoteTestRunnerClient.java:515)
	at org.eclipse.jdt.internal.junit.model.RemoteTestRunnerClient$DefaultProcessingState.readMessage(RemoteTestRunnerClient.java:96)
	at org.eclipse.jdt.internal.junit.model.RemoteTestRunnerClient.receiveMessage(RemoteTestRunnerClient.java:378)
	at org.eclipse.jdt.internal.junit.model.RemoteTestRunnerClient.access$27(RemoteTestRunnerClient.java:377)
	at org.eclipse.jdt.internal.junit.model.RemoteTestRunnerClient$ServerConnection.run(RemoteTestRunnerClient.java:273)

!ENTRY org.eclipse.jdt.junit.core 4 4 2021-09-26 00:39:12.406
!MESSAGE Error
!STACK 0
java.lang.Exception: Unexpected TestElement type for testId '40': TestSuite: Scenario: Validating the number of types of storage : Not Started - Undefined (3)
	at org.eclipse.jdt.internal.junit.model.TestRunSession$TestSessionNotifier.logUnexpectedTest(TestRunSession.java:801)
	at org.eclipse.jdt.internal.junit.model.TestRunSession$TestSessionNotifier.testStarted(TestRunSession.java:708)
	at org.eclipse.jdt.internal.junit.model.RemoteTestRunnerClient$5.run(RemoteTestRunnerClient.java:537)
	at org.eclipse.core.runtime.SafeRunner.run(SafeRunner.java:45)
	at org.eclipse.jdt.internal.junit.model.RemoteTestRunnerClient.notifyTestStarted(RemoteTestRunnerClient.java:533)
	at org.eclipse.jdt.internal.junit.model.RemoteTestRunnerClient.access$6(RemoteTestRunnerClient.java:529)
	at org.eclipse.jdt.internal.junit.model.RemoteTestRunnerClient$DefaultProcessingState.readMessage(RemoteTestRunnerClient.java:92)
	at org.eclipse.jdt.internal.junit.model.RemoteTestRunnerClient.receiveMessage(RemoteTestRunnerClient.java:378)
	at org.eclipse.jdt.internal.junit.model.RemoteTestRunnerClient.access$27(RemoteTestRunnerClient.java:377)
	at org.eclipse.jdt.internal.junit.model.RemoteTestRunnerClient$ServerConnection.run(RemoteTestRunnerClient.java:273)

!ENTRY org.eclipse.jdt.junit.core 4 4 2021-09-26 00:39:29.160
!MESSAGE Error
!STACK 0
java.lang.Exception: Unexpected TestElement type for testId '40': TestSuite: Scenario: Validating the number of types of storage : Completed - Error (3)
	at org.eclipse.jdt.internal.junit.model.TestRunSession$TestSessionNotifier.logUnexpectedTest(TestRunSession.java:801)
	at org.eclipse.jdt.internal.junit.model.TestRunSession$TestSessionNotifier.testEnded(TestRunSession.java:738)
	at org.eclipse.jdt.internal.junit.model.RemoteTestRunnerClient$4.run(RemoteTestRunnerClient.java:523)
	at org.eclipse.core.runtime.SafeRunner.run(SafeRunner.java:45)
	at org.eclipse.jdt.internal.junit.model.RemoteTestRunnerClient.notifyTestEnded(RemoteTestRunnerClient.java:519)
	at org.eclipse.jdt.internal.junit.model.RemoteTestRunnerClient.access$7(RemoteTestRunnerClient.java:515)
	at org.eclipse.jdt.internal.junit.model.RemoteTestRunnerClient$DefaultProcessingState.readMessage(RemoteTestRunnerClient.java:96)
	at org.eclipse.jdt.internal.junit.model.RemoteTestRunnerClient.receiveMessage(RemoteTestRunnerClient.java:378)
	at org.eclipse.jdt.internal.junit.model.RemoteTestRunnerClient.access$27(RemoteTestRunnerClient.java:377)
	at org.eclipse.jdt.internal.junit.model.RemoteTestRunnerClient$ServerConnection.run(RemoteTestRunnerClient.java:273)

!ENTRY org.eclipse.jdt.junit.core 4 4 2021-09-26 00:39:29.162
!MESSAGE Error
!STACK 0
java.lang.Exception: Unexpected TestElement type for testId '44': TestSuite: Scenario: Validate that TV Units : Not Started - Undefined (3)
	at org.eclipse.jdt.internal.junit.model.TestRunSession$TestSessionNotifier.logUnexpectedTest(TestRunSession.java:801)
	at org.eclipse.jdt.internal.junit.model.TestRunSession$TestSessionNotifier.testStarted(TestRunSession.java:708)
	at org.eclipse.jdt.internal.junit.model.RemoteTestRunnerClient$5.run(RemoteTestRunnerClient.java:537)
	at org.eclipse.core.runtime.SafeRunner.run(SafeRunner.java:45)
	at org.eclipse.jdt.internal.junit.model.RemoteTestRunnerClient.notifyTestStarted(RemoteTestRunnerClient.java:533)
	at org.eclipse.jdt.internal.junit.model.RemoteTestRunnerClient.access$6(RemoteTestRunnerClient.java:529)
	at org.eclipse.jdt.internal.junit.model.RemoteTestRunnerClient$DefaultProcessingState.readMessage(RemoteTestRunnerClient.java:92)
	at org.eclipse.jdt.internal.junit.model.RemoteTestRunnerClient.receiveMessage(RemoteTestRunnerClient.java:378)
	at org.eclipse.jdt.internal.junit.model.RemoteTestRunnerClient.access$27(RemoteTestRunnerClient.java:377)
	at org.eclipse.jdt.internal.junit.model.RemoteTestRunnerClient$ServerConnection.run(RemoteTestRunnerClient.java:273)

!ENTRY org.eclipse.jdt.junit.core 4 4 2021-09-26 00:39:51.301
!MESSAGE Error
!STACK 0
java.lang.Exception: Unexpected TestElement type for testId '44': TestSuite: Scenario: Validate that TV Units : Completed - OK (3)
	at org.eclipse.jdt.internal.junit.model.TestRunSession$TestSessionNotifier.logUnexpectedTest(TestRunSession.java:801)
	at org.eclipse.jdt.internal.junit.model.TestRunSession$TestSessionNotifier.testEnded(TestRunSession.java:738)
	at org.eclipse.jdt.internal.junit.model.RemoteTestRunnerClient$4.run(RemoteTestRunnerClient.java:523)
	at org.eclipse.core.runtime.SafeRunner.run(SafeRunner.java:45)
	at org.eclipse.jdt.internal.junit.model.RemoteTestRunnerClient.notifyTestEnded(RemoteTestRunnerClient.java:519)
	at org.eclipse.jdt.internal.junit.model.RemoteTestRunnerClient.access$7(RemoteTestRunnerClient.java:515)
	at org.eclipse.jdt.internal.junit.model.RemoteTestRunnerClient$DefaultProcessingState.readMessage(RemoteTestRunnerClient.java:96)
	at org.eclipse.jdt.internal.junit.model.RemoteTestRunnerClient.receiveMessage(RemoteTestRunnerClient.java:378)
	at org.eclipse.jdt.internal.junit.model.RemoteTestRunnerClient.access$27(RemoteTestRunnerClient.java:377)
	at org.eclipse.jdt.internal.junit.model.RemoteTestRunnerClient$ServerConnection.run(RemoteTestRunnerClient.java:273)

!ENTRY org.eclipse.jdt.junit.core 4 4 2021-09-26 00:39:51.307
!MESSAGE Error
!STACK 0
java.lang.Exception: Unexpected TestElement type for testId '49': TestSuite: Scenario: To validate the number of stores present in the page. : Not Started - Undefined (3)
	at org.eclipse.jdt.internal.junit.model.TestRunSession$TestSessionNotifier.logUnexpectedTest(TestRunSession.java:801)
	at org.eclipse.jdt.internal.junit.model.TestRunSession$TestSessionNotifier.testStarted(TestRunSession.java:708)
	at org.eclipse.jdt.internal.junit.model.RemoteTestRunnerClient$5.run(RemoteTestRunnerClient.java:537)
	at org.eclipse.core.runtime.SafeRunner.run(SafeRunner.java:45)
	at org.eclipse.jdt.internal.junit.model.RemoteTestRunnerClient.notifyTestStarted(RemoteTestRunnerClient.java:533)
	at org.eclipse.jdt.internal.junit.model.RemoteTestRunnerClient.access$6(RemoteTestRunnerClient.java:529)
	at org.eclipse.jdt.internal.junit.model.RemoteTestRunnerClient$DefaultProcessingState.readMessage(RemoteTestRunnerClient.java:92)
	at org.eclipse.jdt.internal.junit.model.RemoteTestRunnerClient.receiveMessage(RemoteTestRunnerClient.java:378)
	at org.eclipse.jdt.internal.junit.model.RemoteTestRunnerClient.access$27(RemoteTestRunnerClient.java:377)
	at org.eclipse.jdt.internal.junit.model.RemoteTestRunnerClient$ServerConnection.run(RemoteTestRunnerClient.java:273)

!ENTRY org.eclipse.jdt.junit.core 4 4 2021-09-26 00:40:11.137
!MESSAGE Error
!STACK 0
java.lang.Exception: Unexpected TestElement type for testId '49': TestSuite: Scenario: To validate the number of stores present in the page. : Completed - OK (3)
	at org.eclipse.jdt.internal.junit.model.TestRunSession$TestSessionNotifier.logUnexpectedTest(TestRunSession.java:801)
	at org.eclipse.jdt.internal.junit.model.TestRunSession$TestSessionNotifier.testEnded(TestRunSession.java:738)
	at org.eclipse.jdt.internal.junit.model.RemoteTestRunnerClient$4.run(RemoteTestRunnerClient.java:523)
	at org.eclipse.core.runtime.SafeRunner.run(SafeRunner.java:45)
	at org.eclipse.jdt.internal.junit.model.RemoteTestRunnerClient.notifyTestEnded(RemoteTestRunnerClient.java:519)
	at org.eclipse.jdt.internal.junit.model.RemoteTestRunnerClient.access$7(RemoteTestRunnerClient.java:515)
	at org.eclipse.jdt.internal.junit.model.RemoteTestRunnerClient$DefaultProcessingState.readMessage(RemoteTestRunnerClient.java:96)
	at org.eclipse.jdt.internal.junit.model.RemoteTestRunnerClient.receiveMessage(RemoteTestRunnerClient.java:378)
	at org.eclipse.jdt.internal.junit.model.RemoteTestRunnerClient.access$27(RemoteTestRunnerClient.java:377)
	at org.eclipse.jdt.internal.junit.model.RemoteTestRunnerClient$ServerConnection.run(RemoteTestRunnerClient.java:273)

!ENTRY org.eclipse.jdt.junit.core 4 4 2021-09-26 00:42:15.636
!MESSAGE Error
!STACK 0
java.lang.Exception: Unexpected TestElement type for testId '3': TestSuite: Scenario: Validating the number of types of storage : Not Started - Undefined (3)
	at org.eclipse.jdt.internal.junit.model.TestRunSession$TestSessionNotifier.logUnexpectedTest(TestRunSession.java:801)
	at org.eclipse.jdt.internal.junit.model.TestRunSession$TestSessionNotifier.testStarted(TestRunSession.java:708)
	at org.eclipse.jdt.internal.junit.model.RemoteTestRunnerClient$5.run(RemoteTestRunnerClient.java:537)
	at org.eclipse.core.runtime.SafeRunner.run(SafeRunner.java:45)
	at org.eclipse.jdt.internal.junit.model.RemoteTestRunnerClient.notifyTestStarted(RemoteTestRunnerClient.java:533)
	at org.eclipse.jdt.internal.junit.model.RemoteTestRunnerClient.access$6(RemoteTestRunnerClient.java:529)
	at org.eclipse.jdt.internal.junit.model.RemoteTestRunnerClient$DefaultProcessingState.readMessage(RemoteTestRunnerClient.java:92)
	at org.eclipse.jdt.internal.junit.model.RemoteTestRunnerClient.receiveMessage(RemoteTestRunnerClient.java:378)
	at org.eclipse.jdt.internal.junit.model.RemoteTestRunnerClient.access$27(RemoteTestRunnerClient.java:377)
	at org.eclipse.jdt.internal.junit.model.RemoteTestRunnerClient$ServerConnection.run(RemoteTestRunnerClient.java:273)

!ENTRY org.eclipse.jdt.junit.core 4 4 2021-09-26 00:42:41.271
!MESSAGE Error
!STACK 0
java.lang.Exception: Unexpected TestElement type for testId '3': TestSuite: Scenario: Validating the number of types of storage : Completed - OK (3)
	at org.eclipse.jdt.internal.junit.model.TestRunSession$TestSessionNotifier.logUnexpectedTest(TestRunSession.java:801)
	at org.eclipse.jdt.internal.junit.model.TestRunSession$TestSessionNotifier.testEnded(TestRunSession.java:738)
	at org.eclipse.jdt.internal.junit.model.RemoteTestRunnerClient$4.run(RemoteTestRunnerClient.java:523)
	at org.eclipse.core.runtime.SafeRunner.run(SafeRunner.java:45)
	at org.eclipse.jdt.internal.junit.model.RemoteTestRunnerClient.notifyTestEnded(RemoteTestRunnerClient.java:519)
	at org.eclipse.jdt.internal.junit.model.RemoteTestRunnerClient.access$7(RemoteTestRunnerClient.java:515)
	at org.eclipse.jdt.internal.junit.model.RemoteTestRunnerClient$DefaultProcessingState.readMessage(RemoteTestRunnerClient.java:96)
	at org.eclipse.jdt.internal.junit.model.RemoteTestRunnerClient.receiveMessage(RemoteTestRunnerClient.java:378)
	at org.eclipse.jdt.internal.junit.model.RemoteTestRunnerClient.access$27(RemoteTestRunnerClient.java:377)
	at org.eclipse.jdt.internal.junit.model.RemoteTestRunnerClient$ServerConnection.run(RemoteTestRunnerClient.java:273)

!ENTRY org.eclipse.jdt.junit.core 4 4 2021-09-26 00:42:41.273
!MESSAGE Error
!STACK 0
java.lang.Exception: Unexpected TestElement type for testId '7': TestSuite: Scenario: Validate that TV Units : Not Started - Undefined (3)
	at org.eclipse.jdt.internal.junit.model.TestRunSession$TestSessionNotifier.logUnexpectedTest(TestRunSession.java:801)
	at org.eclipse.jdt.internal.junit.model.TestRunSession$TestSessionNotifier.testStarted(TestRunSession.java:708)
	at org.eclipse.jdt.internal.junit.model.RemoteTestRunnerClient$5.run(RemoteTestRunnerClient.java:537)
	at org.eclipse.core.runtime.SafeRunner.run(SafeRunner.java:45)
	at org.eclipse.jdt.internal.junit.model.RemoteTestRunnerClient.notifyTestStarted(RemoteTestRunnerClient.java:533)
	at org.eclipse.jdt.internal.junit.model.RemoteTestRunnerClient.access$6(RemoteTestRunnerClient.java:529)
	at org.eclipse.jdt.internal.junit.model.RemoteTestRunnerClient$DefaultProcessingState.readMessage(RemoteTestRunnerClient.java:92)
	at org.eclipse.jdt.internal.junit.model.RemoteTestRunnerClient.receiveMessage(RemoteTestRunnerClient.java:378)
	at org.eclipse.jdt.internal.junit.model.RemoteTestRunnerClient.access$27(RemoteTestRunnerClient.java:377)
	at org.eclipse.jdt.internal.junit.model.RemoteTestRunnerClient$ServerConnection.run(RemoteTestRunnerClient.java:273)

!ENTRY org.eclipse.jdt.junit.core 4 4 2021-09-26 00:43:00.154
!MESSAGE Error
!STACK 0
java.lang.Exception: Unexpected TestElement type for testId '7': TestSuite: Scenario: Validate that TV Units : Completed - OK (3)
	at org.eclipse.jdt.internal.junit.model.TestRunSession$TestSessionNotifier.logUnexpectedTest(TestRunSession.java:801)
	at org.eclipse.jdt.internal.junit.model.TestRunSession$TestSessionNotifier.testEnded(TestRunSession.java:738)
	at org.eclipse.jdt.internal.junit.model.RemoteTestRunnerClient$4.run(RemoteTestRunnerClient.java:523)
	at org.eclipse.core.runtime.SafeRunner.run(SafeRunner.java:45)
	at org.eclipse.jdt.internal.junit.model.RemoteTestRunnerClient.notifyTestEnded(RemoteTestRunnerClient.java:519)
	at org.eclipse.jdt.internal.junit.model.RemoteTestRunnerClient.access$7(RemoteTestRunnerClient.java:515)
	at org.eclipse.jdt.internal.junit.model.RemoteTestRunnerClient$DefaultProcessingState.readMessage(RemoteTestRunnerClient.java:96)
	at org.eclipse.jdt.internal.junit.model.RemoteTestRunnerClient.receiveMessage(RemoteTestRunnerClient.java:378)
	at org.eclipse.jdt.internal.junit.model.RemoteTestRunnerClient.access$27(RemoteTestRunnerClient.java:377)
	at org.eclipse.jdt.internal.junit.model.RemoteTestRunnerClient$ServerConnection.run(RemoteTestRunnerClient.java:273)

!ENTRY org.eclipse.jdt.junit.core 4 4 2021-09-26 00:55:58.056
!MESSAGE Error
!STACK 0
java.lang.Exception: Unexpected TestElement type for testId '3': TestSuite: Scenario: To check the number of occasions : Not Started - Undefined (3)
	at org.eclipse.jdt.internal.junit.model.TestRunSession$TestSessionNotifier.logUnexpectedTest(TestRunSession.java:801)
	at org.eclipse.jdt.internal.junit.model.TestRunSession$TestSessionNotifier.testStarted(TestRunSession.java:708)
	at org.eclipse.jdt.internal.junit.model.RemoteTestRunnerClient$5.run(RemoteTestRunnerClient.java:537)
	at org.eclipse.core.runtime.SafeRunner.run(SafeRunner.java:45)
	at org.eclipse.jdt.internal.junit.model.RemoteTestRunnerClient.notifyTestStarted(RemoteTestRunnerClient.java:533)
	at org.eclipse.jdt.internal.junit.model.RemoteTestRunnerClient.access$6(RemoteTestRunnerClient.java:529)
	at org.eclipse.jdt.internal.junit.model.RemoteTestRunnerClient$DefaultProcessingState.readMessage(RemoteTestRunnerClient.java:92)
	at org.eclipse.jdt.internal.junit.model.RemoteTestRunnerClient.receiveMessage(RemoteTestRunnerClient.java:378)
	at org.eclipse.jdt.internal.junit.model.RemoteTestRunnerClient.access$27(RemoteTestRunnerClient.java:377)
	at org.eclipse.jdt.internal.junit.model.RemoteTestRunnerClient$ServerConnection.run(RemoteTestRunnerClient.java:273)

!ENTRY org.eclipse.jdt.junit.core 4 4 2021-09-26 00:56:22.260
!MESSAGE Error
!STACK 0
java.lang.Exception: Unexpected TestElement type for testId '3': TestSuite: Scenario: To check the number of occasions : Completed - OK (3)
	at org.eclipse.jdt.internal.junit.model.TestRunSession$TestSessionNotifier.logUnexpectedTest(TestRunSession.java:801)
	at org.eclipse.jdt.internal.junit.model.TestRunSession$TestSessionNotifier.testEnded(TestRunSession.java:738)
	at org.eclipse.jdt.internal.junit.model.RemoteTestRunnerClient$4.run(RemoteTestRunnerClient.java:523)
	at org.eclipse.core.runtime.SafeRunner.run(SafeRunner.java:45)
	at org.eclipse.jdt.internal.junit.model.RemoteTestRunnerClient.notifyTestEnded(RemoteTestRunnerClient.java:519)
	at org.eclipse.jdt.internal.junit.model.RemoteTestRunnerClient.access$7(RemoteTestRunnerClient.java:515)
	at org.eclipse.jdt.internal.junit.model.RemoteTestRunnerClient$DefaultProcessingState.readMessage(RemoteTestRunnerClient.java:96)
	at org.eclipse.jdt.internal.junit.model.RemoteTestRunnerClient.receiveMessage(RemoteTestRunnerClient.java:378)
	at org.eclipse.jdt.internal.junit.model.RemoteTestRunnerClient.access$27(RemoteTestRunnerClient.java:377)
	at org.eclipse.jdt.internal.junit.model.RemoteTestRunnerClient$ServerConnection.run(RemoteTestRunnerClient.java:273)

!ENTRY org.eclipse.jdt.junit.core 4 4 2021-09-26 00:56:22.262
!MESSAGE Error
!STACK 0
java.lang.Exception: Unexpected TestElement type for testId '8': TestSuite: Scenario: To validate the number of questions in Help page : Not Started - Undefined (3)
	at org.eclipse.jdt.internal.junit.model.TestRunSession$TestSessionNotifier.logUnexpectedTest(TestRunSession.java:801)
	at org.eclipse.jdt.internal.junit.model.TestRunSession$TestSessionNotifier.testStarted(TestRunSession.java:708)
	at org.eclipse.jdt.internal.junit.model.RemoteTestRunnerClient$5.run(RemoteTestRunnerClient.java:537)
	at org.eclipse.core.runtime.SafeRunner.run(SafeRunner.java:45)
	at org.eclipse.jdt.internal.junit.model.RemoteTestRunnerClient.notifyTestStarted(RemoteTestRunnerClient.java:533)
	at org.eclipse.jdt.internal.junit.model.RemoteTestRunnerClient.access$6(RemoteTestRunnerClient.java:529)
	at org.eclipse.jdt.internal.junit.model.RemoteTestRunnerClient$DefaultProcessingState.readMessage(RemoteTestRunnerClient.java:92)
	at org.eclipse.jdt.internal.junit.model.RemoteTestRunnerClient.receiveMessage(RemoteTestRunnerClient.java:378)
	at org.eclipse.jdt.internal.junit.model.RemoteTestRunnerClient.access$27(RemoteTestRunnerClient.java:377)
	at org.eclipse.jdt.internal.junit.model.RemoteTestRunnerClient$ServerConnection.run(RemoteTestRunnerClient.java:273)

!ENTRY org.eclipse.jdt.junit.core 4 4 2021-09-26 00:56:40.358
!MESSAGE Error
!STACK 0
java.lang.Exception: Unexpected TestElement type for testId '8': TestSuite: Scenario: To validate the number of questions in Help page : Completed - OK (3)
	at org.eclipse.jdt.internal.junit.model.TestRunSession$TestSessionNotifier.logUnexpectedTest(TestRunSession.java:801)
	at org.eclipse.jdt.internal.junit.model.TestRunSession$TestSessionNotifier.testEnded(TestRunSession.java:738)
	at org.eclipse.jdt.internal.junit.model.RemoteTestRunnerClient$4.run(RemoteTestRunnerClient.java:523)
	at org.eclipse.core.runtime.SafeRunner.run(SafeRunner.java:45)
	at org.eclipse.jdt.internal.junit.model.RemoteTestRunnerClient.notifyTestEnded(RemoteTestRunnerClient.java:519)
	at org.eclipse.jdt.internal.junit.model.RemoteTestRunnerClient.access$7(RemoteTestRunnerClient.java:515)
	at org.eclipse.jdt.internal.junit.model.RemoteTestRunnerClient$DefaultProcessingState.readMessage(RemoteTestRunnerClient.java:96)
	at org.eclipse.jdt.internal.junit.model.RemoteTestRunnerClient.receiveMessage(RemoteTestRunnerClient.java:378)
	at org.eclipse.jdt.internal.junit.model.RemoteTestRunnerClient.access$27(RemoteTestRunnerClient.java:377)
	at org.eclipse.jdt.internal.junit.model.RemoteTestRunnerClient$ServerConnection.run(RemoteTestRunnerClient.java:273)

!ENTRY org.eclipse.jdt.junit.core 4 4 2021-09-26 00:56:40.359
!MESSAGE Error
!STACK 0
java.lang.Exception: Unexpected TestElement type for testId '12': TestSuite: Scenario: To validate the number of topics in Help page : Not Started - Undefined (3)
	at org.eclipse.jdt.internal.junit.model.TestRunSession$TestSessionNotifier.logUnexpectedTest(TestRunSession.java:801)
	at org.eclipse.jdt.internal.junit.model.TestRunSession$TestSessionNotifier.testStarted(TestRunSession.java:708)
	at org.eclipse.jdt.internal.junit.model.RemoteTestRunnerClient$5.run(RemoteTestRunnerClient.java:537)
	at org.eclipse.core.runtime.SafeRunner.run(SafeRunner.java:45)
	at org.eclipse.jdt.internal.junit.model.RemoteTestRunnerClient.notifyTestStarted(RemoteTestRunnerClient.java:533)
	at org.eclipse.jdt.internal.junit.model.RemoteTestRunnerClient.access$6(RemoteTestRunnerClient.java:529)
	at org.eclipse.jdt.internal.junit.model.RemoteTestRunnerClient$DefaultProcessingState.readMessage(RemoteTestRunnerClient.java:92)
	at org.eclipse.jdt.internal.junit.model.RemoteTestRunnerClient.receiveMessage(RemoteTestRunnerClient.java:378)
	at org.eclipse.jdt.internal.junit.model.RemoteTestRunnerClient.access$27(RemoteTestRunnerClient.java:377)
	at org.eclipse.jdt.internal.junit.model.RemoteTestRunnerClient$ServerConnection.run(RemoteTestRunnerClient.java:273)

!ENTRY org.eclipse.jdt.junit.core 4 4 2021-09-26 00:57:01.651
!MESSAGE Error
!STACK 0
java.lang.Exception: Unexpected TestElement type for testId '12': TestSuite: Scenario: To validate the number of topics in Help page : Completed - OK (3)
	at org.eclipse.jdt.internal.junit.model.TestRunSession$TestSessionNotifier.logUnexpectedTest(TestRunSession.java:801)
	at org.eclipse.jdt.internal.junit.model.TestRunSession$TestSessionNotifier.testEnded(TestRunSession.java:738)
	at org.eclipse.jdt.internal.junit.model.RemoteTestRunnerClient$4.run(RemoteTestRunnerClient.java:523)
	at org.eclipse.core.runtime.SafeRunner.run(SafeRunner.java:45)
	at org.eclipse.jdt.internal.junit.model.RemoteTestRunnerClient.notifyTestEnded(RemoteTestRunnerClient.java:519)
	at org.eclipse.jdt.internal.junit.model.RemoteTestRunnerClient.access$7(RemoteTestRunnerClient.java:515)
	at org.eclipse.jdt.internal.junit.model.RemoteTestRunnerClient$DefaultProcessingState.readMessage(RemoteTestRunnerClient.java:96)
	at org.eclipse.jdt.internal.junit.model.RemoteTestRunnerClient.receiveMessage(RemoteTestRunnerClient.java:378)
	at org.eclipse.jdt.internal.junit.model.RemoteTestRunnerClient.access$27(RemoteTestRunnerClient.java:377)
	at org.eclipse.jdt.internal.junit.model.RemoteTestRunnerClient$ServerConnection.run(RemoteTestRunnerClient.java:273)

!ENTRY org.eclipse.jdt.junit.core 4 4 2021-09-26 00:57:01.653
!MESSAGE Error
!STACK 0
java.lang.Exception: Unexpected TestElement type for testId '17': TestSuite: Scenario: To validate LoftBeds Page Header : Not Started - Undefined (3)
	at org.eclipse.jdt.internal.junit.model.TestRunSession$TestSessionNotifier.logUnexpectedTest(TestRunSession.java:801)
	at org.eclipse.jdt.internal.junit.model.TestRunSession$TestSessionNotifier.testStarted(TestRunSession.java:708)
	at org.eclipse.jdt.internal.junit.model.RemoteTestRunnerClient$5.run(RemoteTestRunnerClient.java:537)
	at org.eclipse.core.runtime.SafeRunner.run(SafeRunner.java:45)
	at org.eclipse.jdt.internal.junit.model.RemoteTestRunnerClient.notifyTestStarted(RemoteTestRunnerClient.java:533)
	at org.eclipse.jdt.internal.junit.model.RemoteTestRunnerClient.access$6(RemoteTestRunnerClient.java:529)
	at org.eclipse.jdt.internal.junit.model.RemoteTestRunnerClient$DefaultProcessingState.readMessage(RemoteTestRunnerClient.java:92)
	at org.eclipse.jdt.internal.junit.model.RemoteTestRunnerClient.receiveMessage(RemoteTestRunnerClient.java:378)
	at org.eclipse.jdt.internal.junit.model.RemoteTestRunnerClient.access$27(RemoteTestRunnerClient.java:377)
	at org.eclipse.jdt.internal.junit.model.RemoteTestRunnerClient$ServerConnection.run(RemoteTestRunnerClient.java:273)

!ENTRY org.eclipse.jdt.junit.core 4 4 2021-09-26 00:57:21.144
!MESSAGE Error
!STACK 0
java.lang.Exception: Unexpected TestElement type for testId '17': TestSuite: Scenario: To validate LoftBeds Page Header : Completed - OK (3)
	at org.eclipse.jdt.internal.junit.model.TestRunSession$TestSessionNotifier.logUnexpectedTest(TestRunSession.java:801)
	at org.eclipse.jdt.internal.junit.model.TestRunSession$TestSessionNotifier.testEnded(TestRunSession.java:738)
	at org.eclipse.jdt.internal.junit.model.RemoteTestRunnerClient$4.run(RemoteTestRunnerClient.java:523)
	at org.eclipse.core.runtime.SafeRunner.run(SafeRunner.java:45)
	at org.eclipse.jdt.internal.junit.model.RemoteTestRunnerClient.notifyTestEnded(RemoteTestRunnerClient.java:519)
	at org.eclipse.jdt.internal.junit.model.RemoteTestRunnerClient.access$7(RemoteTestRunnerClient.java:515)
	at org.eclipse.jdt.internal.junit.model.RemoteTestRunnerClient$DefaultProcessingState.readMessage(RemoteTestRunnerClient.java:96)
	at org.eclipse.jdt.internal.junit.model.RemoteTestRunnerClient.receiveMessage(RemoteTestRunnerClient.java:378)
	at org.eclipse.jdt.internal.junit.model.RemoteTestRunnerClient.access$27(RemoteTestRunnerClient.java:377)
	at org.eclipse.jdt.internal.junit.model.RemoteTestRunnerClient$ServerConnection.run(RemoteTestRunnerClient.java:273)

!ENTRY org.eclipse.jdt.junit.core 4 4 2021-09-26 00:57:21.145
!MESSAGE Error
!STACK 0
java.lang.Exception: Unexpected TestElement type for testId '22': TestSuite: Scenario: Invalid Credential Login Validation : Not Started - Undefined (5)
	at org.eclipse.jdt.internal.junit.model.TestRunSession$TestSessionNotifier.logUnexpectedTest(TestRunSession.java:801)
	at org.eclipse.jdt.internal.junit.model.TestRunSession$TestSessionNotifier.testStarted(TestRunSession.java:708)
	at org.eclipse.jdt.internal.junit.model.RemoteTestRunnerClient$5.run(RemoteTestRunnerClient.java:537)
	at org.eclipse.core.runtime.SafeRunner.run(SafeRunner.java:45)
	at org.eclipse.jdt.internal.junit.model.RemoteTestRunnerClient.notifyTestStarted(RemoteTestRunnerClient.java:533)
	at org.eclipse.jdt.internal.junit.model.RemoteTestRunnerClient.access$6(RemoteTestRunnerClient.java:529)
	at org.eclipse.jdt.internal.junit.model.RemoteTestRunnerClient$DefaultProcessingState.readMessage(RemoteTestRunnerClient.java:92)
	at org.eclipse.jdt.internal.junit.model.RemoteTestRunnerClient.receiveMessage(RemoteTestRunnerClient.java:378)
	at org.eclipse.jdt.internal.junit.model.RemoteTestRunnerClient.access$27(RemoteTestRunnerClient.java:377)
	at org.eclipse.jdt.internal.junit.model.RemoteTestRunnerClient$ServerConnection.run(RemoteTestRunnerClient.java:273)

!ENTRY org.eclipse.jdt.junit.core 4 4 2021-09-26 00:57:53.019
!MESSAGE Error
!STACK 0
java.lang.Exception: Unexpected TestElement type for testId '22': TestSuite: Scenario: Invalid Credential Login Validation : Completed - OK (5)
	at org.eclipse.jdt.internal.junit.model.TestRunSession$TestSessionNotifier.logUnexpectedTest(TestRunSession.java:801)
	at org.eclipse.jdt.internal.junit.model.TestRunSession$TestSessionNotifier.testEnded(TestRunSession.java:738)
	at org.eclipse.jdt.internal.junit.model.RemoteTestRunnerClient$4.run(RemoteTestRunnerClient.java:523)
	at org.eclipse.core.runtime.SafeRunner.run(SafeRunner.java:45)
	at org.eclipse.jdt.internal.junit.model.RemoteTestRunnerClient.notifyTestEnded(RemoteTestRunnerClient.java:519)
	at org.eclipse.jdt.internal.junit.model.RemoteTestRunnerClient.access$7(RemoteTestRunnerClient.java:515)
	at org.eclipse.jdt.internal.junit.model.RemoteTestRunnerClient$DefaultProcessingState.readMessage(RemoteTestRunnerClient.java:96)
	at org.eclipse.jdt.internal.junit.model.RemoteTestRunnerClient.receiveMessage(RemoteTestRunnerClient.java:378)
	at org.eclipse.jdt.internal.junit.model.RemoteTestRunnerClient.access$27(RemoteTestRunnerClient.java:377)
	at org.eclipse.jdt.internal.junit.model.RemoteTestRunnerClient$ServerConnection.run(RemoteTestRunnerClient.java:273)

!ENTRY org.eclipse.jdt.junit.core 4 4 2021-09-26 00:57:53.020
!MESSAGE Error
!STACK 0
java.lang.Exception: Unexpected TestElement type for testId '29': TestSuite: Scenario: To validate that the search functionality : Not Started - Undefined (3)
	at org.eclipse.jdt.internal.junit.model.TestRunSession$TestSessionNotifier.logUnexpectedTest(TestRunSession.java:801)
	at org.eclipse.jdt.internal.junit.model.TestRunSession$TestSessionNotifier.testStarted(TestRunSession.java:708)
	at org.eclipse.jdt.internal.junit.model.RemoteTestRunnerClient$5.run(RemoteTestRunnerClient.java:537)
	at org.eclipse.core.runtime.SafeRunner.run(SafeRunner.java:45)
	at org.eclipse.jdt.internal.junit.model.RemoteTestRunnerClient.notifyTestStarted(RemoteTestRunnerClient.java:533)
	at org.eclipse.jdt.internal.junit.model.RemoteTestRunnerClient.access$6(RemoteTestRunnerClient.java:529)
	at org.eclipse.jdt.internal.junit.model.RemoteTestRunnerClient$DefaultProcessingState.readMessage(RemoteTestRunnerClient.java:92)
	at org.eclipse.jdt.internal.junit.model.RemoteTestRunnerClient.receiveMessage(RemoteTestRunnerClient.java:378)
	at org.eclipse.jdt.internal.junit.model.RemoteTestRunnerClient.access$27(RemoteTestRunnerClient.java:377)
	at org.eclipse.jdt.internal.junit.model.RemoteTestRunnerClient$ServerConnection.run(RemoteTestRunnerClient.java:273)

!ENTRY org.eclipse.jdt.junit.core 4 4 2021-09-26 00:58:13.390
!MESSAGE Error
!STACK 0
java.lang.Exception: Unexpected TestElement type for testId '29': TestSuite: Scenario: To validate that the search functionality : Completed - OK (3)
	at org.eclipse.jdt.internal.junit.model.TestRunSession$TestSessionNotifier.logUnexpectedTest(TestRunSession.java:801)
	at org.eclipse.jdt.internal.junit.model.TestRunSession$TestSessionNotifier.testEnded(TestRunSession.java:738)
	at org.eclipse.jdt.internal.junit.model.RemoteTestRunnerClient$4.run(RemoteTestRunnerClient.java:523)
	at org.eclipse.core.runtime.SafeRunner.run(SafeRunner.java:45)
	at org.eclipse.jdt.internal.junit.model.RemoteTestRunnerClient.notifyTestEnded(RemoteTestRunnerClient.java:519)
	at org.eclipse.jdt.internal.junit.model.RemoteTestRunnerClient.access$7(RemoteTestRunnerClient.java:515)
	at org.eclipse.jdt.internal.junit.model.RemoteTestRunnerClient$DefaultProcessingState.readMessage(RemoteTestRunnerClient.java:96)
	at org.eclipse.jdt.internal.junit.model.RemoteTestRunnerClient.receiveMessage(RemoteTestRunnerClient.java:378)
	at org.eclipse.jdt.internal.junit.model.RemoteTestRunnerClient.access$27(RemoteTestRunnerClient.java:377)
	at org.eclipse.jdt.internal.junit.model.RemoteTestRunnerClient$ServerConnection.run(RemoteTestRunnerClient.java:273)

!ENTRY org.eclipse.jdt.junit.core 4 4 2021-09-26 00:58:13.391
!MESSAGE Error
!STACK 0
java.lang.Exception: Unexpected TestElement type for testId '34': TestSuite: Scenario: Tracking an invalid order : Not Started - Undefined (4)
	at org.eclipse.jdt.internal.junit.model.TestRunSession$TestSessionNotifier.logUnexpectedTest(TestRunSession.java:801)
	at org.eclipse.jdt.internal.junit.model.TestRunSession$TestSessionNotifier.testStarted(TestRunSession.java:708)
	at org.eclipse.jdt.internal.junit.model.RemoteTestRunnerClient$5.run(RemoteTestRunnerClient.java:537)
	at org.eclipse.core.runtime.SafeRunner.run(SafeRunner.java:45)
	at org.eclipse.jdt.internal.junit.model.RemoteTestRunnerClient.notifyTestStarted(RemoteTestRunnerClient.java:533)
	at org.eclipse.jdt.internal.junit.model.RemoteTestRunnerClient.access$6(RemoteTestRunnerClient.java:529)
	at org.eclipse.jdt.internal.junit.model.RemoteTestRunnerClient$DefaultProcessingState.readMessage(RemoteTestRunnerClient.java:92)
	at org.eclipse.jdt.internal.junit.model.RemoteTestRunnerClient.receiveMessage(RemoteTestRunnerClient.java:378)
	at org.eclipse.jdt.internal.junit.model.RemoteTestRunnerClient.access$27(RemoteTestRunnerClient.java:377)
	at org.eclipse.jdt.internal.junit.model.RemoteTestRunnerClient$ServerConnection.run(RemoteTestRunnerClient.java:273)

!ENTRY org.eclipse.jdt.junit.core 4 4 2021-09-26 00:58:34.545
!MESSAGE Error
!STACK 0
java.lang.Exception: Unexpected TestElement type for testId '34': TestSuite: Scenario: Tracking an invalid order : Completed - OK (4)
	at org.eclipse.jdt.internal.junit.model.TestRunSession$TestSessionNotifier.logUnexpectedTest(TestRunSession.java:801)
	at org.eclipse.jdt.internal.junit.model.TestRunSession$TestSessionNotifier.testEnded(TestRunSession.java:738)
	at org.eclipse.jdt.internal.junit.model.RemoteTestRunnerClient$4.run(RemoteTestRunnerClient.java:523)
	at org.eclipse.core.runtime.SafeRunner.run(SafeRunner.java:45)
	at org.eclipse.jdt.internal.junit.model.RemoteTestRunnerClient.notifyTestEnded(RemoteTestRunnerClient.java:519)
	at org.eclipse.jdt.internal.junit.model.RemoteTestRunnerClient.access$7(RemoteTestRunnerClient.java:515)
	at org.eclipse.jdt.internal.junit.model.RemoteTestRunnerClient$DefaultProcessingState.readMessage(RemoteTestRunnerClient.java:96)
	at org.eclipse.jdt.internal.junit.model.RemoteTestRunnerClient.receiveMessage(RemoteTestRunnerClient.java:378)
	at org.eclipse.jdt.internal.junit.model.RemoteTestRunnerClient.access$27(RemoteTestRunnerClient.java:377)
	at org.eclipse.jdt.internal.junit.model.RemoteTestRunnerClient$ServerConnection.run(RemoteTestRunnerClient.java:273)

!ENTRY org.eclipse.jdt.junit.core 4 4 2021-09-26 00:58:34.546
!MESSAGE Error
!STACK 0
java.lang.Exception: Unexpected TestElement type for testId '40': TestSuite: Scenario: Validating the number of types of storage : Not Started - Undefined (3)
	at org.eclipse.jdt.internal.junit.model.TestRunSession$TestSessionNotifier.logUnexpectedTest(TestRunSession.java:801)
	at org.eclipse.jdt.internal.junit.model.TestRunSession$TestSessionNotifier.testStarted(TestRunSession.java:708)
	at org.eclipse.jdt.internal.junit.model.RemoteTestRunnerClient$5.run(RemoteTestRunnerClient.java:537)
	at org.eclipse.core.runtime.SafeRunner.run(SafeRunner.java:45)
	at org.eclipse.jdt.internal.junit.model.RemoteTestRunnerClient.notifyTestStarted(RemoteTestRunnerClient.java:533)
	at org.eclipse.jdt.internal.junit.model.RemoteTestRunnerClient.access$6(RemoteTestRunnerClient.java:529)
	at org.eclipse.jdt.internal.junit.model.RemoteTestRunnerClient$DefaultProcessingState.readMessage(RemoteTestRunnerClient.java:92)
	at org.eclipse.jdt.internal.junit.model.RemoteTestRunnerClient.receiveMessage(RemoteTestRunnerClient.java:378)
	at org.eclipse.jdt.internal.junit.model.RemoteTestRunnerClient.access$27(RemoteTestRunnerClient.java:377)
	at org.eclipse.jdt.internal.junit.model.RemoteTestRunnerClient$ServerConnection.run(RemoteTestRunnerClient.java:273)

!ENTRY org.eclipse.jdt.junit.core 4 4 2021-09-26 00:58:52.231
!MESSAGE Error
!STACK 0
java.lang.Exception: Unexpected TestElement type for testId '40': TestSuite: Scenario: Validating the number of types of storage : Completed - OK (3)
	at org.eclipse.jdt.internal.junit.model.TestRunSession$TestSessionNotifier.logUnexpectedTest(TestRunSession.java:801)
	at org.eclipse.jdt.internal.junit.model.TestRunSession$TestSessionNotifier.testEnded(TestRunSession.java:738)
	at org.eclipse.jdt.internal.junit.model.RemoteTestRunnerClient$4.run(RemoteTestRunnerClient.java:523)
	at org.eclipse.core.runtime.SafeRunner.run(SafeRunner.java:45)
	at org.eclipse.jdt.internal.junit.model.RemoteTestRunnerClient.notifyTestEnded(RemoteTestRunnerClient.java:519)
	at org.eclipse.jdt.internal.junit.model.RemoteTestRunnerClient.access$7(RemoteTestRunnerClient.java:515)
	at org.eclipse.jdt.internal.junit.model.RemoteTestRunnerClient$DefaultProcessingState.readMessage(RemoteTestRunnerClient.java:96)
	at org.eclipse.jdt.internal.junit.model.RemoteTestRunnerClient.receiveMessage(RemoteTestRunnerClient.java:378)
	at org.eclipse.jdt.internal.junit.model.RemoteTestRunnerClient.access$27(RemoteTestRunnerClient.java:377)
	at org.eclipse.jdt.internal.junit.model.RemoteTestRunnerClient$ServerConnection.run(RemoteTestRunnerClient.java:273)

!ENTRY org.eclipse.jdt.junit.core 4 4 2021-09-26 00:58:52.232
!MESSAGE Error
!STACK 0
java.lang.Exception: Unexpected TestElement type for testId '44': TestSuite: Scenario: Validate that TV Units : Not Started - Undefined (3)
	at org.eclipse.jdt.internal.junit.model.TestRunSession$TestSessionNotifier.logUnexpectedTest(TestRunSession.java:801)
	at org.eclipse.jdt.internal.junit.model.TestRunSession$TestSessionNotifier.testStarted(TestRunSession.java:708)
	at org.eclipse.jdt.internal.junit.model.RemoteTestRunnerClient$5.run(RemoteTestRunnerClient.java:537)
	at org.eclipse.core.runtime.SafeRunner.run(SafeRunner.java:45)
	at org.eclipse.jdt.internal.junit.model.RemoteTestRunnerClient.notifyTestStarted(RemoteTestRunnerClient.java:533)
	at org.eclipse.jdt.internal.junit.model.RemoteTestRunnerClient.access$6(RemoteTestRunnerClient.java:529)
	at org.eclipse.jdt.internal.junit.model.RemoteTestRunnerClient$DefaultProcessingState.readMessage(RemoteTestRunnerClient.java:92)
	at org.eclipse.jdt.internal.junit.model.RemoteTestRunnerClient.receiveMessage(RemoteTestRunnerClient.java:378)
	at org.eclipse.jdt.internal.junit.model.RemoteTestRunnerClient.access$27(RemoteTestRunnerClient.java:377)
	at org.eclipse.jdt.internal.junit.model.RemoteTestRunnerClient$ServerConnection.run(RemoteTestRunnerClient.java:273)

!ENTRY org.eclipse.jdt.junit.core 4 4 2021-09-26 00:59:10.441
!MESSAGE Error
!STACK 0
java.lang.Exception: Unexpected TestElement type for testId '44': TestSuite: Scenario: Validate that TV Units : Completed - OK (3)
	at org.eclipse.jdt.internal.junit.model.TestRunSession$TestSessionNotifier.logUnexpectedTest(TestRunSession.java:801)
	at org.eclipse.jdt.internal.junit.model.TestRunSession$TestSessionNotifier.testEnded(TestRunSession.java:738)
	at org.eclipse.jdt.internal.junit.model.RemoteTestRunnerClient$4.run(RemoteTestRunnerClient.java:523)
	at org.eclipse.core.runtime.SafeRunner.run(SafeRunner.java:45)
	at org.eclipse.jdt.internal.junit.model.RemoteTestRunnerClient.notifyTestEnded(RemoteTestRunnerClient.java:519)
	at org.eclipse.jdt.internal.junit.model.RemoteTestRunnerClient.access$7(RemoteTestRunnerClient.java:515)
	at org.eclipse.jdt.internal.junit.model.RemoteTestRunnerClient$DefaultProcessingState.readMessage(RemoteTestRunnerClient.java:96)
	at org.eclipse.jdt.internal.junit.model.RemoteTestRunnerClient.receiveMessage(RemoteTestRunnerClient.java:378)
	at org.eclipse.jdt.internal.junit.model.RemoteTestRunnerClient.access$27(RemoteTestRunnerClient.java:377)
	at org.eclipse.jdt.internal.junit.model.RemoteTestRunnerClient$ServerConnection.run(RemoteTestRunnerClient.java:273)

!ENTRY org.eclipse.jdt.junit.core 4 4 2021-09-26 00:59:10.442
!MESSAGE Error
!STACK 0
java.lang.Exception: Unexpected TestElement type for testId '49': TestSuite: Scenario: To validate the number of stores present in the page. : Not Started - Undefined (3)
	at org.eclipse.jdt.internal.junit.model.TestRunSession$TestSessionNotifier.logUnexpectedTest(TestRunSession.java:801)
	at org.eclipse.jdt.internal.junit.model.TestRunSession$TestSessionNotifier.testStarted(TestRunSession.java:708)
	at org.eclipse.jdt.internal.junit.model.RemoteTestRunnerClient$5.run(RemoteTestRunnerClient.java:537)
	at org.eclipse.core.runtime.SafeRunner.run(SafeRunner.java:45)
	at org.eclipse.jdt.internal.junit.model.RemoteTestRunnerClient.notifyTestStarted(RemoteTestRunnerClient.java:533)
	at org.eclipse.jdt.internal.junit.model.RemoteTestRunnerClient.access$6(RemoteTestRunnerClient.java:529)
	at org.eclipse.jdt.internal.junit.model.RemoteTestRunnerClient$DefaultProcessingState.readMessage(RemoteTestRunnerClient.java:92)
	at org.eclipse.jdt.internal.junit.model.RemoteTestRunnerClient.receiveMessage(RemoteTestRunnerClient.java:378)
	at org.eclipse.jdt.internal.junit.model.RemoteTestRunnerClient.access$27(RemoteTestRunnerClient.java:377)
	at org.eclipse.jdt.internal.junit.model.RemoteTestRunnerClient$ServerConnection.run(RemoteTestRunnerClient.java:273)

!ENTRY org.eclipse.jdt.junit.core 4 4 2021-09-26 00:59:30.611
!MESSAGE Error
!STACK 0
java.lang.Exception: Unexpected TestElement type for testId '49': TestSuite: Scenario: To validate the number of stores present in the page. : Completed - OK (3)
	at org.eclipse.jdt.internal.junit.model.TestRunSession$TestSessionNotifier.logUnexpectedTest(TestRunSession.java:801)
	at org.eclipse.jdt.internal.junit.model.TestRunSession$TestSessionNotifier.testEnded(TestRunSession.java:738)
	at org.eclipse.jdt.internal.junit.model.RemoteTestRunnerClient$4.run(RemoteTestRunnerClient.java:523)
	at org.eclipse.core.runtime.SafeRunner.run(SafeRunner.java:45)
	at org.eclipse.jdt.internal.junit.model.RemoteTestRunnerClient.notifyTestEnded(RemoteTestRunnerClient.java:519)
	at org.eclipse.jdt.internal.junit.model.RemoteTestRunnerClient.access$7(RemoteTestRunnerClient.java:515)
	at org.eclipse.jdt.internal.junit.model.RemoteTestRunnerClient$DefaultProcessingState.readMessage(RemoteTestRunnerClient.java:96)
	at org.eclipse.jdt.internal.junit.model.RemoteTestRunnerClient.receiveMessage(RemoteTestRunnerClient.java:378)
	at org.eclipse.jdt.internal.junit.model.RemoteTestRunnerClient.access$27(RemoteTestRunnerClient.java:377)
	at org.eclipse.jdt.internal.junit.model.RemoteTestRunnerClient$ServerConnection.run(RemoteTestRunnerClient.java:273)
!SESSION 2021-09-25 20:05:33.192 -----------------------------------------------
eclipse.buildId=4.20.0.I20210611-1600
java.version=11.0.11
java.vendor=Oracle Corporation
BootLoader constants: OS=win32, ARCH=x86_64, WS=win32, NL=en_IN
Framework arguments:  -product org.eclipse.epp.package.java.product
Command-line arguments:  -os win32 -ws win32 -arch x86_64 -product org.eclipse.epp.package.java.product

!ENTRY org.eclipse.jface 2 0 2021-09-25 20:05:48.678
!MESSAGE Keybinding conflicts occurred.  They may interfere with normal accelerator operation.
!SUBENTRY 1 org.eclipse.jface 2 0 2021-09-25 20:05:48.678
!MESSAGE A conflict occurred for CTRL+SHIFT+T:
Binding(CTRL+SHIFT+T,
	ParameterizedCommand(Command(org.eclipse.jdt.ui.navigate.open.type,Open Type,
		Open a type in a Java editor,
		Category(org.eclipse.ui.category.navigate,Navigate,null,true),
		org.eclipse.ui.internal.WorkbenchHandlerServiceHandler@3c65f00e,
		,,true),null),
	org.eclipse.ui.defaultAcceleratorConfiguration,
	org.eclipse.ui.contexts.window,,,system)
Binding(CTRL+SHIFT+T,
	ParameterizedCommand(Command(org.eclipse.lsp4e.symbolinworkspace,Go to Symbol in Workspace,
		,
		Category(org.eclipse.lsp4e.category,Language Servers,null,true),
		org.eclipse.ui.internal.WorkbenchHandlerServiceHandler@3412a3fd,
		,,true),null),
	org.eclipse.ui.defaultAcceleratorConfiguration,
	org.eclipse.ui.contexts.window,,,system)

!ENTRY org.testng.eclipse 4 4 2021-09-25 20:06:00.150
!MESSAGE Error
!STACK 0
java.util.concurrent.CancellationException
	at org.eclipse.jface.internal.text.codemining.CancellationExceptionMonitor.isCanceled(CancellationExceptionMonitor.java:33)
	at org.testng.eclipse.ui.codemining.TestCodeMiningProvider.processElements(TestCodeMiningProvider.java:80)
	at org.testng.eclipse.ui.codemining.TestCodeMiningProvider.mineForTests(TestCodeMiningProvider.java:67)
	at org.testng.eclipse.ui.codemining.TestCodeMiningProvider.lambda$0(TestCodeMiningProvider.java:40)
	at java.base/java.util.concurrent.CompletableFuture$AsyncSupply.run(CompletableFuture.java:1700)
	at java.base/java.lang.Thread.run(Thread.java:834)

!ENTRY org.eclipse.egit.ui 2 0 2021-09-25 20:06:01.937
!MESSAGE Warning: The environment variable HOME is not set. The following directory will be used to store the Git
user global configuration and to define the default location to store repositories: 'C:\Users\User'. If this is
not correct please set the HOME environment variable and restart Eclipse. Otherwise Git for Windows and
EGit might behave differently since they see different configuration options.
This warning can be switched off on the Team > Git > Confirmations and Warnings preference page.

!ENTRY org.testng.eclipse 1 0 2021-09-25 20:24:58.989
!MESSAGE [TestNGLaunchConfigurationDelegate] Launching:
  Classpath: E:\eclipse\java-2021-065\eclipse\configuration\org.eclipse.osgi\466\0\.cp\lib\testng-remote.jar C:\Users\User\Desktop\comprehensive\Hybrid\target\test-classes C:\Users\User\Desktop\comprehensive\Hybrid\target\classes C:\Users\User\.p2\pool\plugins\org.testng_7.4.0.r202105021533.jar C:\Users\User\.p2\pool\plugins\com.beust.jcommander_1.78.0.jar C:\Users\User\.p2\pool\plugins\org.apache-extras.beanshell.bsh_2.0.0.b6.jar C:\Users\User\.p2\pool\plugins\org.yaml.snakeyaml_1.21.0.jar C:\Users\User\.p2\pool\plugins\org.webjars.jquery_3.5.1.jar C:\Users\User\.m2\repository\com\relevantcodes\extentreports\2.41.2\extentreports-2.41.2.jar C:\Users\User\.m2\repository\org\jsoup\jsoup\1.8.3\jsoup-1.8.3.jar C:\Users\User\.m2\repository\org\xerial\sqlite-jdbc\3.8.11.1\sqlite-jdbc-3.8.11.1.jar C:\Users\User\.m2\repository\org\freemarker\freemarker\2.3.23\freemarker-2.3.23.jar C:\Users\User\.m2\repository\org\mongodb\mongodb-driver\3.0.4\mongodb-driver-3.0.4.jar C:\Users\User\.m2\repository\org\mongodb\bson\3.0.4\bson-3.0.4.jar C:\Users\User\.m2\repository\org\mongodb\mongodb-driver-core\3.0.4\mongodb-driver-core-3.0.4.jar C:\Users\User\.m2\repository\com\aventstack\extentreports\3.0.6\extentreports-3.0.6.jar C:\Users\User\.m2\repository\org\apache\httpcomponents\httpclient\4.5.2\httpclient-4.5.2.jar C:\Users\User\.m2\repository\org\apache\httpcomponents\httpcore\4.4.4\httpcore-4.4.4.jar C:\Users\User\.m2\repository\commons-logging\commons-logging\1.2\commons-logging-1.2.jar C:\Users\User\.m2\repository\org\apache\httpcomponents\httpmime\4.5.2\httpmime-4.5.2.jar C:\Users\User\.m2\repository\org\apache\logging\log4j\log4j-api\2.14.1\log4j-api-2.14.1.jar C:\Users\User\.m2\repository\org\apache\logging\log4j\log4j-core\2.14.1\log4j-core-2.14.1.jar C:\Users\User\.m2\repository\org\seleniumhq\selenium\selenium-java\3.141.59\selenium-java-3.141.59.jar C:\Users\User\.m2\repository\org\seleniumhq\selenium\selenium-api\3.141.59\selenium-api-3.141.59.jar C:\Users\User\.m2\repository\org\seleniumhq\selenium\selenium-chrome-driver\3.141.59\selenium-chrome-driver-3.141.59.jar C:\Users\User\.m2\repository\org\seleniumhq\selenium\selenium-edge-driver\3.141.59\selenium-edge-driver-3.141.59.jar C:\Users\User\.m2\repository\org\seleniumhq\selenium\selenium-firefox-driver\3.141.59\selenium-firefox-driver-3.141.59.jar C:\Users\User\.m2\repository\org\seleniumhq\selenium\selenium-ie-driver\3.141.59\selenium-ie-driver-3.141.59.jar C:\Users\User\.m2\repository\org\seleniumhq\selenium\selenium-opera-driver\3.141.59\selenium-opera-driver-3.141.59.jar C:\Users\User\.m2\repository\org\seleniumhq\selenium\selenium-remote-driver\3.141.59\selenium-remote-driver-3.141.59.jar C:\Users\User\.m2\repository\org\seleniumhq\selenium\selenium-safari-driver\3.141.59\selenium-safari-driver-3.141.59.jar C:\Users\User\.m2\repository\org\seleniumhq\selenium\selenium-support\3.141.59\selenium-support-3.141.59.jar C:\Users\User\.m2\repository\net\bytebuddy\byte-buddy\1.8.15\byte-buddy-1.8.15.jar C:\Users\User\.m2\repository\org\apache\commons\commons-exec\1.3\commons-exec-1.3.jar C:\Users\User\.m2\repository\com\google\guava\guava\25.0-jre\guava-25.0-jre.jar C:\Users\User\.m2\repository\com\google\code\findbugs\jsr305\1.3.9\jsr305-1.3.9.jar C:\Users\User\.m2\repository\org\checkerframework\checker-compat-qual\2.0.0\checker-compat-qual-2.0.0.jar C:\Users\User\.m2\repository\com\google\errorprone\error_prone_annotations\2.1.3\error_prone_annotations-2.1.3.jar C:\Users\User\.m2\repository\com\google\j2objc\j2objc-annotations\1.1\j2objc-annotations-1.1.jar C:\Users\User\.m2\repository\org\codehaus\mojo\animal-sniffer-annotations\1.14\animal-sniffer-annotations-1.14.jar C:\Users\User\.m2\repository\com\squareup\okhttp3\okhttp\3.11.0\okhttp-3.11.0.jar C:\Users\User\.m2\repository\com\squareup\okio\okio\1.14.0\okio-1.14.0.jar C:\Users\User\.m2\repository\org\testng\testng\6.14.3\testng-6.14.3.jar C:\Users\User\.m2\repository\com\beust\jcommander\1.72\jcommander-1.72.jar C:\Users\User\.m2\repository\org\apache-extras\beanshell\bsh\2.0b6\bsh-2.0b6.jar C:\Users\User\.m2\repository\commons-io\commons-io\2.4\commons-io-2.4.jar C:\Users\User\.m2\repository\org\apache\poi\poi\3.17\poi-3.17.jar C:\Users\User\.m2\repository\commons-codec\commons-codec\1.10\commons-codec-1.10.jar C:\Users\User\.m2\repository\org\apache\commons\commons-collections4\4.1\commons-collections4-4.1.jar C:\Users\User\.m2\repository\org\apache\poi\poi-ooxml\3.17\poi-ooxml-3.17.jar C:\Users\User\.m2\repository\org\apache\poi\poi-ooxml-schemas\3.17\poi-ooxml-schemas-3.17.jar C:\Users\User\.m2\repository\org\apache\xmlbeans\xmlbeans\2.6.0\xmlbeans-2.6.0.jar C:\Users\User\.m2\repository\stax\stax-api\1.0.1\stax-api-1.0.1.jar C:\Users\User\.m2\repository\com\github\virtuald\curvesapi\1.04\curvesapi-1.04.jar C:\Users\User\.m2\repository\junit\junit\3.8.1\junit-3.8.1.jar
  VMArgs:    -ea
  Class:     org.testng.remote.RemoteTestNG
  Args:      -serport 64109 -protocol json -d C:\Users\User\Desktop\comprehensive\Hybrid\test-output C:\Users\User\AppData\Local\Temp\testng-eclipse-159980121\testng-customsuite.xml
java -ea -classpath E:\eclipse\java-2021-065\eclipse\configuration\org.eclipse.osgi\466\0\.cp\lib\testng-remote.jar:C:\Users\User\Desktop\comprehensive\Hybrid\target\test-classes:C:\Users\User\Desktop\comprehensive\Hybrid\target\classes:C:\Users\User\.p2\pool\plugins\org.testng_7.4.0.r202105021533.jar:C:\Users\User\.p2\pool\plugins\com.beust.jcommander_1.78.0.jar:C:\Users\User\.p2\pool\plugins\org.apache-extras.beanshell.bsh_2.0.0.b6.jar:C:\Users\User\.p2\pool\plugins\org.yaml.snakeyaml_1.21.0.jar:C:\Users\User\.p2\pool\plugins\org.webjars.jquery_3.5.1.jar:C:\Users\User\.m2\repository\com\relevantcodes\extentreports\2.41.2\extentreports-2.41.2.jar:C:\Users\User\.m2\repository\org\jsoup\jsoup\1.8.3\jsoup-1.8.3.jar:C:\Users\User\.m2\repository\org\xerial\sqlite-jdbc\3.8.11.1\sqlite-jdbc-3.8.11.1.jar:C:\Users\User\.m2\repository\org\freemarker\freemarker\2.3.23\freemarker-2.3.23.jar:C:\Users\User\.m2\repository\org\mongodb\mongodb-driver\3.0.4\mongodb-driver-3.0.4.jar:C:\Users\User\.m2\repository\org\mongodb\bson\3.0.4\bson-3.0.4.jar:C:\Users\User\.m2\repository\org\mongodb\mongodb-driver-core\3.0.4\mongodb-driver-core-3.0.4.jar:C:\Users\User\.m2\repository\com\aventstack\extentreports\3.0.6\extentreports-3.0.6.jar:C:\Users\User\.m2\repository\org\apache\httpcomponents\httpclient\4.5.2\httpclient-4.5.2.jar:C:\Users\User\.m2\repository\org\apache\httpcomponents\httpcore\4.4.4\httpcore-4.4.4.jar:C:\Users\User\.m2\repository\commons-logging\commons-logging\1.2\commons-logging-1.2.jar:C:\Users\User\.m2\repository\org\apache\httpcomponents\httpmime\4.5.2\httpmime-4.5.2.jar:C:\Users\User\.m2\repository\org\apache\logging\log4j\log4j-api\2.14.1\log4j-api-2.14.1.jar:C:\Users\User\.m2\repository\org\apache\logging\log4j\log4j-core\2.14.1\log4j-core-2.14.1.jar:C:\Users\User\.m2\repository\org\seleniumhq\selenium\selenium-java\3.141.59\selenium-java-3.141.59.jar:C:\Users\User\.m2\repository\org\seleniumhq\selenium\selenium-api\3.141.59\selenium-api-3.141.59.jar:C:\Users\User\.m2\repository\org\seleniumhq\selenium\selenium-chrome-driver\3.141.59\selenium-chrome-driver-3.141.59.jar:C:\Users\User\.m2\repository\org\seleniumhq\selenium\selenium-edge-driver\3.141.59\selenium-edge-driver-3.141.59.jar:C:\Users\User\.m2\repository\org\seleniumhq\selenium\selenium-firefox-driver\3.141.59\selenium-firefox-driver-3.141.59.jar:C:\Users\User\.m2\repository\org\seleniumhq\selenium\selenium-ie-driver\3.141.59\selenium-ie-driver-3.141.59.jar:C:\Users\User\.m2\repository\org\seleniumhq\selenium\selenium-opera-driver\3.141.59\selenium-opera-driver-3.141.59.jar:C:\Users\User\.m2\repository\org\seleniumhq\selenium\selenium-remote-driver\3.141.59\selenium-remote-driver-3.141.59.jar:C:\Users\User\.m2\repository\org\seleniumhq\selenium\selenium-safari-driver\3.141.59\selenium-safari-driver-3.141.59.jar:C:\Users\User\.m2\repository\org\seleniumhq\selenium\selenium-support\3.141.59\selenium-support-3.141.59.jar:C:\Users\User\.m2\repository\net\bytebuddy\byte-buddy\1.8.15\byte-buddy-1.8.15.jar:C:\Users\User\.m2\repository\org\apache\commons\commons-exec\1.3\commons-exec-1.3.jar:C:\Users\User\.m2\repository\com\google\guava\guava\25.0-jre\guava-25.0-jre.jar:C:\Users\User\.m2\repository\com\google\code\findbugs\jsr305\1.3.9\jsr305-1.3.9.jar:C:\Users\User\.m2\repository\org\checkerframework\checker-compat-qual\2.0.0\checker-compat-qual-2.0.0.jar:C:\Users\User\.m2\repository\com\google\errorprone\error_prone_annotations\2.1.3\error_prone_annotations-2.1.3.jar:C:\Users\User\.m2\repository\com\google\j2objc\j2objc-annotations\1.1\j2objc-annotations-1.1.jar:C:\Users\User\.m2\repository\org\codehaus\mojo\animal-sniffer-annotations\1.14\animal-sniffer-annotations-1.14.jar:C:\Users\User\.m2\repository\com\squareup\okhttp3\okhttp\3.11.0\okhttp-3.11.0.jar:C:\Users\User\.m2\repository\com\squareup\okio\okio\1.14.0\okio-1.14.0.jar:C:\Users\User\.m2\repository\org\testng\testng\6.14.3\testng-6.14.3.jar:C:\Users\User\.m2\repository\com\beust\jcommander\1.72\jcommander-1.72.jar:C:\Users\User\.m2\repository\org\apache-extras\beanshell\bsh\2.0b6\bsh-2.0b6.jar:C:\Users\User\.m2\repository\commons-io\commons-io\2.4\commons-io-2.4.jar:C:\Users\User\.m2\repository\org\apache\poi\poi\3.17\poi-3.17.jar:C:\Users\User\.m2\repository\commons-codec\commons-codec\1.10\commons-codec-1.10.jar:C:\Users\User\.m2\repository\org\apache\commons\commons-collections4\4.1\commons-collections4-4.1.jar:C:\Users\User\.m2\repository\org\apache\poi\poi-ooxml\3.17\poi-ooxml-3.17.jar:C:\Users\User\.m2\repository\org\apache\poi\poi-ooxml-schemas\3.17\poi-ooxml-schemas-3.17.jar:C:\Users\User\.m2\repository\org\apache\xmlbeans\xmlbeans\2.6.0\xmlbeans-2.6.0.jar:C:\Users\User\.m2\repository\stax\stax-api\1.0.1\stax-api-1.0.1.jar:C:\Users\User\.m2\repository\com\github\virtuald\curvesapi\1.04\curvesapi-1.04.jar:C:\Users\User\.m2\repository\junit\junit\3.8.1\junit-3.8.1.jar org.testng.remote.RemoteTestNG -serport 64109 -protocol json -d C:\Users\User\Desktop\comprehensive\Hybrid\test-output C:\Users\User\AppData\Local\Temp\testng-eclipse-159980121\testng-customsuite.xml
